{"C:\\Users\\Manan Shah\\Downloads\\stadium-smartguide\\src\\app\\page.tsx": {"path":"C:\\Users\\Manan Shah\\Downloads\\stadium-smartguide\\src\\app\\page.tsx","statementMap":{"0":{"start":{"line":65,"column":0},"end":{"line":65,"column":24}},"1":{"start":{"line":3,"column":0},"end":{"line":3,"column":44}},"2":{"start":{"line":4,"column":0},"end":{"line":4,"column":31}},"3":{"start":{"line":5,"column":0},"end":{"line":5,"column":null}},"4":{"start":{"line":34,"column":0},"end":{"line":34,"column":43}},"5":{"start":{"line":35,"column":0},"end":{"line":35,"column":55}},"6":{"start":{"line":36,"column":0},"end":{"line":36,"column":53}},"7":{"start":{"line":41,"column":24},"end":{"line":50,"column":2}},"8":{"start":{"line":52,"column":22},"end":{"line":63,"column":2}},"9":{"start":{"line":66,"column":30},"end":{"line":66,"column":53}},"10":{"start":{"line":67,"column":40},"end":{"line":67,"column":67}},"11":{"start":{"line":68,"column":52},"end":{"line":68,"column":67}},"12":{"start":{"line":69,"column":48},"end":{"line":69,"column":63}},"13":{"start":{"line":70,"column":38},"end":{"line":70,"column":60}},"14":{"start":{"line":71,"column":32},"end":{"line":71,"column":47}},"15":{"start":{"line":72,"column":38},"end":{"line":72,"column":67}},"16":{"start":{"line":73,"column":36},"end":{"line":73,"column":62}},"17":{"start":{"line":74,"column":32},"end":{"line":74,"column":60}},"18":{"start":{"line":75,"column":52},"end":{"line":75,"column":67}},"19":{"start":{"line":76,"column":28},"end":{"line":87,"column":4}},"20":{"start":{"line":89,"column":20},"end":{"line":96,"column":3}},"21":{"start":{"line":90,"column":4},"end":{"line":95,"column":7}},"22":{"start":{"line":98,"column":21},"end":{"line":106,"column":3}},"23":{"start":{"line":99,"column":4},"end":{"line":105,"column":7}},"24":{"start":{"line":109,"column":2},"end":{"line":114,"column":9}},"25":{"start":{"line":110,"column":4},"end":{"line":113,"column":23}},"26":{"start":{"line":111,"column":21},"end":{"line":111,"column":31}},"27":{"start":{"line":112,"column":22},"end":{"line":112,"column":52}},"28":{"start":{"line":117,"column":4},"end":{"line":117,"column":21}},"29":{"start":{"line":118,"column":4},"end":{"line":118,"column":24}},"30":{"start":{"line":119,"column":4},"end":{"line":160,"column":5}},"31":{"start":{"line":120,"column":18},"end":{"line":128,"column":8}},"32":{"start":{"line":129,"column":6},"end":{"line":132,"column":7}},"33":{"start":{"line":130,"column":21},"end":{"line":130,"column":55}},"34":{"start":{"line":130,"column":51},"end":{"line":130,"column":53}},"35":{"start":{"line":131,"column":8},"end":{"line":131,"column":57}},"36":{"start":{"line":133,"column":19},"end":{"line":133,"column":35}},"37":{"start":{"line":134,"column":29},"end":{"line":134,"column":70}},"38":{"start":{"line":135,"column":6},"end":{"line":135,"column":26}},"39":{"start":{"line":137,"column":6},"end":{"line":153,"column":7}},"40":{"start":{"line":143,"column":27},"end":{"line":143,"column":61}},"41":{"start":{"line":144,"column":8},"end":{"line":147,"column":11}},"42":{"start":{"line":145,"column":25},"end":{"line":145,"column":66}},"43":{"start":{"line":145,"column":45},"end":{"line":145,"column":65}},"44":{"start":{"line":146,"column":10},"end":{"line":146,"column":66}},"45":{"start":{"line":146,"column":22},"end":{"line":146,"column":66}},"46":{"start":{"line":148,"column":24},"end":{"line":148,"column":66}},"47":{"start":{"line":149,"column":25},"end":{"line":149,"column":56}},"48":{"start":{"line":150,"column":21},"end":{"line":150,"column":127}},"49":{"start":{"line":151,"column":26},"end":{"line":151,"column":60}},"50":{"start":{"line":152,"column":8},"end":{"line":152,"column":48}},"51":{"start":{"line":155,"column":6},"end":{"line":157,"column":8}},"52":{"start":{"line":159,"column":6},"end":{"line":159,"column":24}},"53":{"start":{"line":164,"column":26},"end":{"line":179,"column":3}},"54":{"start":{"line":165,"column":4},"end":{"line":165,"column":60}},"55":{"start":{"line":165,"column":48},"end":{"line":165,"column":60}},"56":{"start":{"line":166,"column":23},"end":{"line":166,"column":63}},"57":{"start":{"line":167,"column":4},"end":{"line":172,"column":7}},"58":{"start":{"line":168,"column":21},"end":{"line":168,"column":62}},"59":{"start":{"line":168,"column":41},"end":{"line":168,"column":61}},"60":{"start":{"line":169,"column":6},"end":{"line":171,"column":7}},"61":{"start":{"line":170,"column":8},"end":{"line":170,"column":52}},"62":{"start":{"line":173,"column":25},"end":{"line":173,"column":67}},"63":{"start":{"line":174,"column":21},"end":{"line":174,"column":58}},"64":{"start":{"line":175,"column":4},"end":{"line":178,"column":6}},"65":{"start":{"line":181,"column":23},"end":{"line":181,"column":40}},"66":{"start":{"line":184,"column":4},"end":{"line":221,"column":null}},"67":{"start":{"line":201,"column":23},"end":{"line":201,"column":32}},"68":{"start":{"line":202,"column":10},"end":{"line":214,"column":12}},"69":{"start":{"line":226,"column":4},"end":{"line":414,"column":null}},"70":{"start":{"line":248,"column":31},"end":{"line":248,"column":56}},"71":{"start":{"line":252,"column":16},"end":{"line":253,"column":null}},"72":{"start":{"line":288,"column":31},"end":{"line":288,"column":61}},"73":{"start":{"line":292,"column":16},"end":{"line":293,"column":null}},"74":{"start":{"line":326,"column":27},"end":{"line":326,"column":67}},"75":{"start":{"line":351,"column":27},"end":{"line":351,"column":63}},"76":{"start":{"line":368,"column":23},"end":{"line":368,"column":45}},"77":{"start":{"line":418,"column":2},"end":{"line":718,"column":4}},"78":{"start":{"line":460,"column":18},"end":{"line":460,"column":76}},"79":{"start":{"line":469,"column":18},"end":{"line":471,"column":21}},"80":{"start":{"line":470,"column":20},"end":{"line":470,"column":65}},"81":{"start":{"line":480,"column":30},"end":{"line":480,"column":71}},"82":{"start":{"line":488,"column":18},"end":{"line":492,"column":20}},"83":{"start":{"line":502,"column":18},"end":{"line":506,"column":20}},"84":{"start":{"line":510,"column":27},"end":{"line":510,"column":36}},"85":{"start":{"line":511,"column":14},"end":{"line":520,"column":16}},"86":{"start":{"line":577,"column":29},"end":{"line":577,"column":69}},"87":{"start":{"line":650,"column":10},"end":{"line":651,"column":null}},"88":{"start":{"line":652,"column":27},"end":{"line":652,"column":44}},"89":{"start":{"line":683,"column":18},"end":{"line":683,"column":79}},"90":{"start":{"line":683,"column":38},"end":{"line":683,"column":77}},"91":{"start":{"line":695,"column":20},"end":{"line":695,"column":68}},"92":{"start":{"line":695,"column":40},"end":{"line":695,"column":66}},"93":{"start":{"line":704,"column":18},"end":{"line":704,"column":67}},"94":{"start":{"line":704,"column":38},"end":{"line":704,"column":64}},"95":{"start":{"line":705,"column":18},"end":{"line":707,"column":19}},"96":{"start":{"line":706,"column":20},"end":{"line":706,"column":54}}},"fnMap":{"0":{"name":"FanDashboard","decl":{"start":{"line":65,"column":24},"end":{"line":65,"column":36}},"loc":{"start":{"line":65,"column":36},"end":{"line":719,"column":1}}},"1":{"name":"(anonymous_2)","decl":{"start":{"line":89,"column":20},"end":{"line":89,"column":21}},"loc":{"start":{"line":89,"column":36},"end":{"line":96,"column":3}}},"2":{"name":"(anonymous_3)","decl":{"start":{"line":98,"column":21},"end":{"line":98,"column":22}},"loc":{"start":{"line":98,"column":71},"end":{"line":106,"column":3}}},"3":{"name":"(anonymous_4)","decl":{"start":{"line":109,"column":12},"end":{"line":109,"column":15}},"loc":{"start":{"line":109,"column":17},"end":{"line":114,"column":3}}},"4":{"name":"(anonymous_5)","decl":{"start":{"line":111,"column":12},"end":{"line":111,"column":13}},"loc":{"start":{"line":111,"column":21},"end":{"line":111,"column":31}}},"5":{"name":"(anonymous_6)","decl":{"start":{"line":112,"column":12},"end":{"line":112,"column":13}},"loc":{"start":{"line":112,"column":22},"end":{"line":112,"column":52}}},"6":{"name":"(anonymous_7)","decl":{"start":{"line":113,"column":13},"end":{"line":113,"column":16}},"loc":{"start":{"line":113,"column":18},"end":{"line":113,"column":21}}},"7":{"name":"handleFindRoute","decl":{"start":{"line":116,"column":17},"end":{"line":116,"column":32}},"loc":{"start":{"line":116,"column":32},"end":{"line":161,"column":3}}},"8":{"name":"(anonymous_9)","decl":{"start":{"line":130,"column":44},"end":{"line":130,"column":47}},"loc":{"start":{"line":130,"column":51},"end":{"line":130,"column":53}}},"9":{"name":"(anonymous_10)","decl":{"start":{"line":144,"column":21},"end":{"line":144,"column":22}},"loc":{"start":{"line":144,"column":32},"end":{"line":147,"column":9}}},"10":{"name":"(anonymous_11)","decl":{"start":{"line":145,"column":38},"end":{"line":145,"column":39}},"loc":{"start":{"line":145,"column":45},"end":{"line":145,"column":65}}},"11":{"name":"(anonymous_12)","decl":{"start":{"line":164,"column":26},"end":{"line":164,"column":29}},"loc":{"start":{"line":164,"column":31},"end":{"line":179,"column":3}}},"12":{"name":"(anonymous_13)","decl":{"start":{"line":167,"column":23},"end":{"line":167,"column":24}},"loc":{"start":{"line":167,"column":34},"end":{"line":172,"column":5}}},"13":{"name":"(anonymous_14)","decl":{"start":{"line":168,"column":34},"end":{"line":168,"column":35}},"loc":{"start":{"line":168,"column":41},"end":{"line":168,"column":61}}},"14":{"name":"(anonymous_15)","decl":{"start":{"line":200,"column":27},"end":{"line":200,"column":28}},"loc":{"start":{"line":200,"column":36},"end":{"line":215,"column":9}}},"15":{"name":"(anonymous_16)","decl":{"start":{"line":248,"column":24},"end":{"line":248,"column":25}},"loc":{"start":{"line":248,"column":31},"end":{"line":248,"column":56}}},"16":{"name":"(anonymous_17)","decl":{"start":{"line":251,"column":35},"end":{"line":251,"column":36}},"loc":{"start":{"line":252,"column":16},"end":{"line":253,"column":null}}},"17":{"name":"(anonymous_18)","decl":{"start":{"line":288,"column":24},"end":{"line":288,"column":25}},"loc":{"start":{"line":288,"column":31},"end":{"line":288,"column":61}}},"18":{"name":"(anonymous_19)","decl":{"start":{"line":291,"column":35},"end":{"line":291,"column":36}},"loc":{"start":{"line":292,"column":16},"end":{"line":293,"column":null}}},"19":{"name":"(anonymous_20)","decl":{"start":{"line":326,"column":21},"end":{"line":326,"column":24}},"loc":{"start":{"line":326,"column":27},"end":{"line":326,"column":67}}},"20":{"name":"(anonymous_21)","decl":{"start":{"line":351,"column":21},"end":{"line":351,"column":24}},"loc":{"start":{"line":351,"column":27},"end":{"line":351,"column":63}}},"21":{"name":"(anonymous_22)","decl":{"start":{"line":368,"column":17},"end":{"line":368,"column":20}},"loc":{"start":{"line":368,"column":23},"end":{"line":368,"column":45}}},"22":{"name":"(anonymous_23)","decl":{"start":{"line":459,"column":24},"end":{"line":459,"column":27}},"loc":{"start":{"line":460,"column":18},"end":{"line":460,"column":76}}},"23":{"name":"(anonymous_24)","decl":{"start":{"line":468,"column":24},"end":{"line":468,"column":27}},"loc":{"start":{"line":468,"column":29},"end":{"line":472,"column":17}}},"24":{"name":"(anonymous_25)","decl":{"start":{"line":469,"column":69},"end":{"line":469,"column":70}},"loc":{"start":{"line":469,"column":77},"end":{"line":471,"column":19}}},"25":{"name":"(anonymous_26)","decl":{"start":{"line":480,"column":24},"end":{"line":480,"column":27}},"loc":{"start":{"line":480,"column":30},"end":{"line":480,"column":71}}},"26":{"name":"(anonymous_27)","decl":{"start":{"line":487,"column":24},"end":{"line":487,"column":27}},"loc":{"start":{"line":487,"column":29},"end":{"line":493,"column":17}}},"27":{"name":"(anonymous_28)","decl":{"start":{"line":501,"column":24},"end":{"line":501,"column":27}},"loc":{"start":{"line":501,"column":29},"end":{"line":507,"column":17}}},"28":{"name":"(anonymous_29)","decl":{"start":{"line":509,"column":18},"end":{"line":509,"column":19}},"loc":{"start":{"line":509,"column":27},"end":{"line":521,"column":13}}},"29":{"name":"(anonymous_30)","decl":{"start":{"line":577,"column":23},"end":{"line":577,"column":26}},"loc":{"start":{"line":577,"column":29},"end":{"line":577,"column":69}}},"30":{"name":"(anonymous_31)","decl":{"start":{"line":649,"column":14},"end":{"line":649,"column":15}},"loc":{"start":{"line":650,"column":10},"end":{"line":651,"column":null}}},"31":{"name":"(anonymous_32)","decl":{"start":{"line":652,"column":21},"end":{"line":652,"column":24}},"loc":{"start":{"line":652,"column":27},"end":{"line":652,"column":44}}},"32":{"name":"(anonymous_33)","decl":{"start":{"line":682,"column":26},"end":{"line":682,"column":27}},"loc":{"start":{"line":683,"column":18},"end":{"line":683,"column":79}}},"33":{"name":"(anonymous_34)","decl":{"start":{"line":683,"column":27},"end":{"line":683,"column":28}},"loc":{"start":{"line":683,"column":38},"end":{"line":683,"column":77}}},"34":{"name":"(anonymous_35)","decl":{"start":{"line":694,"column":27},"end":{"line":694,"column":30}},"loc":{"start":{"line":695,"column":20},"end":{"line":695,"column":68}}},"35":{"name":"(anonymous_36)","decl":{"start":{"line":695,"column":29},"end":{"line":695,"column":30}},"loc":{"start":{"line":695,"column":40},"end":{"line":695,"column":66}}},"36":{"name":"(anonymous_37)","decl":{"start":{"line":703,"column":25},"end":{"line":703,"column":28}},"loc":{"start":{"line":703,"column":30},"end":{"line":708,"column":17}}},"37":{"name":"(anonymous_38)","decl":{"start":{"line":704,"column":27},"end":{"line":704,"column":28}},"loc":{"start":{"line":704,"column":38},"end":{"line":704,"column":64}}}},"branchMap":{"0":{"loc":{"start":{"line":112,"column":33},"end":{"line":112,"column":51}},"type":"binary-expr","locations":[{"start":{"line":112,"column":33},"end":{"line":112,"column":45}},{"start":{"line":112,"column":49},"end":{"line":112,"column":51}}]},"1":{"loc":{"start":{"line":129,"column":6},"end":{"line":132,"column":7}},"type":"if","locations":[{"start":{"line":129,"column":6},"end":{"line":132,"column":7}}]},"2":{"loc":{"start":{"line":131,"column":24},"end":{"line":131,"column":55}},"type":"binary-expr","locations":[{"start":{"line":131,"column":24},"end":{"line":131,"column":34}},{"start":{"line":131,"column":38},"end":{"line":131,"column":55}}]},"3":{"loc":{"start":{"line":134,"column":29},"end":{"line":134,"column":70}},"type":"cond-expr","locations":[{"start":{"line":134,"column":56},"end":{"line":134,"column":65}},{"start":{"line":134,"column":68},"end":{"line":134,"column":70}}]},"4":{"loc":{"start":{"line":137,"column":6},"end":{"line":153,"column":7}},"type":"if","locations":[{"start":{"line":137,"column":6},"end":{"line":153,"column":7}}]},"5":{"loc":{"start":{"line":138,"column":8},"end":{"line":141,"column":30}},"type":"binary-expr","locations":[{"start":{"line":138,"column":8},"end":{"line":138,"column":23}},{"start":{"line":139,"column":8},"end":{"line":139,"column":23}},{"start":{"line":140,"column":8},"end":{"line":140,"column":37}},{"start":{"line":141,"column":8},"end":{"line":141,"column":30}}]},"6":{"loc":{"start":{"line":146,"column":10},"end":{"line":146,"column":66}},"type":"if","locations":[{"start":{"line":146,"column":10},"end":{"line":146,"column":66}}]},"7":{"loc":{"start":{"line":156,"column":8},"end":{"line":156,"column":71}},"type":"cond-expr","locations":[{"start":{"line":156,"column":31},"end":{"line":156,"column":42}},{"start":{"line":156,"column":45},"end":{"line":156,"column":71}}]},"8":{"loc":{"start":{"line":165,"column":4},"end":{"line":165,"column":60}},"type":"if","locations":[{"start":{"line":165,"column":4},"end":{"line":165,"column":60}}]},"9":{"loc":{"start":{"line":165,"column":8},"end":{"line":165,"column":46}},"type":"binary-expr","locations":[{"start":{"line":165,"column":8},"end":{"line":165,"column":19}},{"start":{"line":165,"column":23},"end":{"line":165,"column":46}}]},"10":{"loc":{"start":{"line":169,"column":6},"end":{"line":171,"column":7}},"type":"if","locations":[{"start":{"line":169,"column":6},"end":{"line":171,"column":7}}]},"11":{"loc":{"start":{"line":206,"column":16},"end":{"line":208,"column":null}},"type":"cond-expr","locations":[{"start":{"line":207,"column":20},"end":{"line":207,"column":114}},{"start":{"line":208,"column":20},"end":{"line":208,"column":null}}]},"12":{"loc":{"start":{"line":328,"column":14},"end":{"line":330,"column":null}},"type":"cond-expr","locations":[{"start":{"line":329,"column":18},"end":{"line":329,"column":102}},{"start":{"line":330,"column":18},"end":{"line":330,"column":null}}]},"13":{"loc":{"start":{"line":335,"column":16},"end":{"line":335,"column":null}},"type":"cond-expr","locations":[{"start":{"line":335,"column":36},"end":{"line":335,"column":51}},{"start":{"line":335,"column":54},"end":{"line":335,"column":null}}]},"14":{"loc":{"start":{"line":353,"column":14},"end":{"line":355,"column":null}},"type":"cond-expr","locations":[{"start":{"line":354,"column":18},"end":{"line":354,"column":102}},{"start":{"line":355,"column":18},"end":{"line":355,"column":null}}]},"15":{"loc":{"start":{"line":360,"column":16},"end":{"line":360,"column":null}},"type":"cond-expr","locations":[{"start":{"line":360,"column":34},"end":{"line":360,"column":49}},{"start":{"line":360,"column":52},"end":{"line":360,"column":null}}]},"16":{"loc":{"start":{"line":372,"column":9},"end":{"line":381,"column":null}},"type":"cond-expr","locations":[{"start":{"line":373,"column":10},"end":{"line":374,"column":null}},{"start":{"line":378,"column":10},"end":{"line":380,"column":null}}]},"17":{"loc":{"start":{"line":388,"column":7},"end":{"line":391,"column":null}},"type":"binary-expr","locations":[{"start":{"line":388,"column":7},"end":{"line":388,"column":17}},{"start":{"line":389,"column":8},"end":{"line":390,"column":null}}]},"18":{"loc":{"start":{"line":394,"column":7},"end":{"line":413,"column":null}},"type":"binary-expr","locations":[{"start":{"line":394,"column":7},"end":{"line":394,"column":19}},{"start":{"line":395,"column":8},"end":{"line":412,"column":null}}]},"19":{"loc":{"start":{"line":587,"column":13},"end":{"line":612,"column":null}},"type":"binary-expr","locations":[{"start":{"line":587,"column":13},"end":{"line":587,"column":30}},{"start":{"line":588,"column":14},"end":{"line":611,"column":null}}]},"20":{"loc":{"start":{"line":653,"column":26},"end":{"line":653,"column":64}},"type":"cond-expr","locations":[{"start":{"line":653,"column":46},"end":{"line":653,"column":52}},{"start":{"line":653,"column":55},"end":{"line":653,"column":64}}]},"21":{"loc":{"start":{"line":655,"column":14},"end":{"line":657,"column":null}},"type":"cond-expr","locations":[{"start":{"line":656,"column":18},"end":{"line":656,"column":48}},{"start":{"line":657,"column":18},"end":{"line":657,"column":null}}]},"22":{"loc":{"start":{"line":667,"column":7},"end":{"line":715,"column":null}},"type":"binary-expr","locations":[{"start":{"line":667,"column":7},"end":{"line":667,"column":19}},{"start":{"line":668,"column":8},"end":{"line":714,"column":null}}]},"23":{"loc":{"start":{"line":678,"column":13},"end":{"line":688,"column":null}},"type":"binary-expr","locations":[{"start":{"line":678,"column":13},"end":{"line":678,"column":36}},{"start":{"line":679,"column":14},"end":{"line":687,"column":null}}]},"24":{"loc":{"start":{"line":692,"column":15},"end":{"line":700,"column":null}},"type":"binary-expr","locations":[{"start":{"line":692,"column":15},"end":{"line":692,"column":38}},{"start":{"line":693,"column":16},"end":{"line":697,"column":null}}]},"25":{"loc":{"start":{"line":705,"column":18},"end":{"line":707,"column":19}},"type":"if","locations":[{"start":{"line":705,"column":18},"end":{"line":707,"column":19}}]}},"s":{"0":0,"1":0,"2":0,"3":0,"4":0,"5":0,"6":0,"7":0,"8":0,"9":0,"10":0,"11":0,"12":0,"13":0,"14":0,"15":0,"16":0,"17":0,"18":0,"19":0,"20":0,"21":0,"22":0,"23":0,"24":0,"25":0,"26":0,"27":0,"28":0,"29":0,"30":0,"31":0,"32":0,"33":0,"34":0,"35":0,"36":0,"37":0,"38":0,"39":0,"40":0,"41":0,"42":0,"43":0,"44":0,"45":0,"46":0,"47":0,"48":0,"49":0,"50":0,"51":0,"52":0,"53":0,"54":0,"55":0,"56":0,"57":0,"58":0,"59":0,"60":0,"61":0,"62":0,"63":0,"64":0,"65":0,"66":0,"67":0,"68":0,"69":0,"70":0,"71":0,"72":0,"73":0,"74":0,"75":0,"76":0,"77":0,"78":0,"79":0,"80":0,"81":0,"82":0,"83":0,"84":0,"85":0,"86":0,"87":0,"88":0,"89":0,"90":0,"91":0,"92":0,"93":0,"94":0,"95":0,"96":0},"f":{"0":0,"1":0,"2":0,"3":0,"4":0,"5":0,"6":0,"7":0,"8":0,"9":0,"10":0,"11":0,"12":0,"13":0,"14":0,"15":0,"16":0,"17":0,"18":0,"19":0,"20":0,"21":0,"22":0,"23":0,"24":0,"25":0,"26":0,"27":0,"28":0,"29":0,"30":0,"31":0,"32":0,"33":0,"34":0,"35":0,"36":0,"37":0},"b":{"0":[0,0],"1":[0],"2":[0,0],"3":[0,0],"4":[0],"5":[0,0,0,0],"6":[0],"7":[0,0],"8":[0],"9":[0,0],"10":[0],"11":[0,0],"12":[0,0],"13":[0,0],"14":[0,0],"15":[0,0],"16":[0,0],"17":[0,0],"18":[0,0],"19":[0,0],"20":[0,0],"21":[0,0],"22":[0,0],"23":[0,0],"24":[0,0],"25":[0]}}
,"C:\\Users\\Manan Shah\\Downloads\\stadium-smartguide\\src\\app\\api\\assistant\\route.ts": {"path":"C:\\Users\\Manan Shah\\Downloads\\stadium-smartguide\\src\\app\\api\\assistant\\route.ts","statementMap":{"0":{"start":{"line":1,"column":0},"end":{"line":1,"column":60}},"1":{"start":{"line":2,"column":0},"end":{"line":2,"column":49}},"2":{"start":{"line":3,"column":0},"end":{"line":3,"column":80}},"3":{"start":{"line":5,"column":42},"end":{"line":11,"column":2}},"4":{"start":{"line":13,"column":13},"end":{"line":38,"column":3}},"5":{"start":{"line":22,"column":46},"end":{"line":22,"column":50}},"6":{"start":{"line":23,"column":19},"end":{"line":27,"column":6}},"7":{"start":{"line":29,"column":21},"end":{"line":29,"column":85}},"8":{"start":{"line":31,"column":4},"end":{"line":36,"column":6}}},"fnMap":{"0":{"name":"(anonymous_0)","decl":{"start":{"line":21,"column":2},"end":{"line":21,"column":7}},"loc":{"start":{"line":21,"column":25},"end":{"line":37,"column":3}}}},"branchMap":{},"s":{"0":1,"1":1,"2":1,"3":1,"4":1,"5":1,"6":1,"7":1,"8":1},"f":{"0":1},"b":{}}
,"C:\\Users\\Manan Shah\\Downloads\\stadium-smartguide\\src\\app\\api\\crowd-analytics\\route.ts": {"path":"C:\\Users\\Manan Shah\\Downloads\\stadium-smartguide\\src\\app\\api\\crowd-analytics\\route.ts","statementMap":{"0":{"start":{"line":15,"column":0},"end":{"line":15,"column":7}},"1":{"start":{"line":1,"column":0},"end":{"line":1,"column":56}},"2":{"start":{"line":2,"column":0},"end":{"line":2,"column":39}},"3":{"start":{"line":3,"column":0},"end":{"line":3,"column":24}},"4":{"start":{"line":4,"column":0},"end":{"line":4,"column":68}},"5":{"start":{"line":5,"column":0},"end":{"line":5,"column":65}},"6":{"start":{"line":6,"column":0},"end":{"line":6,"column":49}},"7":{"start":{"line":7,"column":0},"end":{"line":7,"column":61}},"8":{"start":{"line":10,"column":22},"end":{"line":10,"column":76}},"9":{"start":{"line":11,"column":14},"end":{"line":11,"column":50}},"10":{"start":{"line":12,"column":2},"end":{"line":12,"column":27}},"11":{"start":{"line":16,"column":2},"end":{"line":25,"column":3}},"12":{"start":{"line":17,"column":20},"end":{"line":17,"column":39}},"13":{"start":{"line":18,"column":4},"end":{"line":18,"column":59}},"14":{"start":{"line":20,"column":4},"end":{"line":20,"column":76}},"15":{"start":{"line":21,"column":4},"end":{"line":24,"column":6}},"16":{"start":{"line":28,"column":13},"end":{"line":56,"column":3}},"17":{"start":{"line":37,"column":20},"end":{"line":37,"column":39}},"18":{"start":{"line":38,"column":25},"end":{"line":38,"column":71}},"19":{"start":{"line":38,"column":47},"end":{"line":38,"column":70}},"20":{"start":{"line":40,"column":4},"end":{"line":44,"column":5}},"21":{"start":{"line":41,"column":6},"end":{"line":43,"column":8}},"22":{"start":{"line":46,"column":19},"end":{"line":46,"column":57}},"23":{"start":{"line":47,"column":21},"end":{"line":47,"column":110}},"24":{"start":{"line":47,"column":54},"end":{"line":47,"column":97}},"25":{"start":{"line":49,"column":4},"end":{"line":54,"column":6}}},"fnMap":{"0":{"name":"loadSensors","decl":{"start":{"line":9,"column":15},"end":{"line":9,"column":26}},"loc":{"start":{"line":9,"column":26},"end":{"line":13,"column":1}}},"1":{"name":"GET","decl":{"start":{"line":15,"column":22},"end":{"line":15,"column":25}},"loc":{"start":{"line":15,"column":25},"end":{"line":26,"column":1}}},"2":{"name":"(anonymous_3)","decl":{"start":{"line":36,"column":2},"end":{"line":36,"column":7}},"loc":{"start":{"line":36,"column":15},"end":{"line":55,"column":3}}},"3":{"name":"(anonymous_4)","decl":{"start":{"line":38,"column":40},"end":{"line":38,"column":41}},"loc":{"start":{"line":38,"column":47},"end":{"line":38,"column":70}}},"4":{"name":"(anonymous_5)","decl":{"start":{"line":47,"column":47},"end":{"line":47,"column":48}},"loc":{"start":{"line":47,"column":54},"end":{"line":47,"column":97}}}},"branchMap":{"0":{"loc":{"start":{"line":40,"column":4},"end":{"line":44,"column":5}},"type":"if","locations":[{"start":{"line":40,"column":4},"end":{"line":44,"column":5}}]}},"s":{"0":1,"1":1,"2":1,"3":1,"4":1,"5":1,"6":1,"7":1,"8":3,"9":3,"10":3,"11":1,"12":1,"13":1,"14":0,"15":0,"16":1,"17":2,"18":2,"19":3,"20":2,"21":1,"22":1,"23":1,"24":1,"25":1},"f":{"0":3,"1":1,"2":2,"3":3,"4":1},"b":{"0":[1]}}
,"C:\\Users\\Manan Shah\\Downloads\\stadium-smartguide\\src\\app\\api\\navigate\\route.ts": {"path":"C:\\Users\\Manan Shah\\Downloads\\stadium-smartguide\\src\\app\\api\\navigate\\route.ts","statementMap":{"0":{"start":{"line":1,"column":0},"end":{"line":1,"column":39}},"1":{"start":{"line":2,"column":0},"end":{"line":2,"column":24}},"2":{"start":{"line":3,"column":0},"end":{"line":3,"column":49}},"3":{"start":{"line":4,"column":0},"end":{"line":4,"column":61}},"4":{"start":{"line":5,"column":0},"end":{"line":5,"column":49}},"5":{"start":{"line":6,"column":0},"end":{"line":6,"column":null}},"6":{"start":{"line":11,"column":13},"end":{"line":42,"column":3}},"7":{"start":{"line":21,"column":74},"end":{"line":21,"column":78}},"8":{"start":{"line":22,"column":24},"end":{"line":22,"column":78}},"9":{"start":{"line":23,"column":16},"end":{"line":23,"column":52}},"10":{"start":{"line":24,"column":20},"end":{"line":24,"column":37}},"11":{"start":{"line":26,"column":19},"end":{"line":31,"column":6}},"12":{"start":{"line":33,"column":21},"end":{"line":33,"column":91}},"13":{"start":{"line":35,"column":4},"end":{"line":40,"column":6}}},"fnMap":{"0":{"name":"(anonymous_1)","decl":{"start":{"line":20,"column":2},"end":{"line":20,"column":7}},"loc":{"start":{"line":20,"column":25},"end":{"line":41,"column":3}}}},"branchMap":{},"s":{"0":1,"1":1,"2":1,"3":1,"4":1,"5":1,"6":1,"7":1,"8":1,"9":1,"10":1,"11":1,"12":1,"13":1},"f":{"0":1},"b":{}}
,"C:\\Users\\Manan Shah\\Downloads\\stadium-smartguide\\src\\components\\ChatConcierge.tsx": {"path":"C:\\Users\\Manan Shah\\Downloads\\stadium-smartguide\\src\\components\\ChatConcierge.tsx","statementMap":{"0":{"start":{"line":27,"column":0},"end":{"line":27,"column":24}},"1":{"start":{"line":3,"column":0},"end":{"line":3,"column":52}},"2":{"start":{"line":4,"column":0},"end":{"line":4,"column":66}},"3":{"start":{"line":13,"column":22},"end":{"line":18,"column":2}},"4":{"start":{"line":21,"column":2},"end":{"line":24,"column":5}},"5":{"start":{"line":28,"column":34},"end":{"line":28,"column":61}},"6":{"start":{"line":29,"column":28},"end":{"line":29,"column":40}},"7":{"start":{"line":30,"column":32},"end":{"line":30,"column":47}},"8":{"start":{"line":31,"column":28},"end":{"line":31,"column":57}},"9":{"start":{"line":32,"column":20},"end":{"line":32,"column":48}},"10":{"start":{"line":34,"column":2},"end":{"line":44,"column":9}},"11":{"start":{"line":36,"column":17},"end":{"line":36,"column":54}},"12":{"start":{"line":37,"column":6},"end":{"line":40,"column":7}},"13":{"start":{"line":38,"column":8},"end":{"line":38,"column":19}},"14":{"start":{"line":39,"column":8},"end":{"line":39,"column":67}},"15":{"start":{"line":42,"column":4},"end":{"line":42,"column":61}},"16":{"start":{"line":43,"column":4},"end":{"line":43,"column":77}},"17":{"start":{"line":43,"column":17},"end":{"line":43,"column":76}},"18":{"start":{"line":47,"column":20},"end":{"line":47,"column":42}},"19":{"start":{"line":48,"column":4},"end":{"line":48,"column":36}},"20":{"start":{"line":48,"column":29},"end":{"line":48,"column":36}},"21":{"start":{"line":50,"column":33},"end":{"line":55,"column":6}},"22":{"start":{"line":56,"column":4},"end":{"line":56,"column":46}},"23":{"start":{"line":56,"column":26},"end":{"line":56,"column":44}},"24":{"start":{"line":57,"column":4},"end":{"line":57,"column":17}},"25":{"start":{"line":58,"column":4},"end":{"line":58,"column":21}},"26":{"start":{"line":59,"column":4},"end":{"line":59,"column":19}},"27":{"start":{"line":61,"column":4},"end":{"line":94,"column":5}},"28":{"start":{"line":62,"column":18},"end":{"line":69,"column":8}},"29":{"start":{"line":71,"column":6},"end":{"line":74,"column":7}},"30":{"start":{"line":72,"column":21},"end":{"line":72,"column":55}},"31":{"start":{"line":72,"column":51},"end":{"line":72,"column":53}},"32":{"start":{"line":73,"column":8},"end":{"line":73,"column":67}},"33":{"start":{"line":76,"column":19},"end":{"line":76,"column":35}},"34":{"start":{"line":77,"column":40},"end":{"line":82,"column":8}},"35":{"start":{"line":83,"column":6},"end":{"line":83,"column":53}},"36":{"start":{"line":83,"column":28},"end":{"line":83,"column":51}},"37":{"start":{"line":85,"column":6},"end":{"line":85,"column":77}},"38":{"start":{"line":87,"column":6},"end":{"line":87,"column":24}},"39":{"start":{"line":88,"column":6},"end":{"line":93,"column":9}},"40":{"start":{"line":89,"column":8},"end":{"line":92,"column":11}},"41":{"start":{"line":97,"column":2},"end":{"line":252,"column":4}},"42":{"start":{"line":144,"column":16},"end":{"line":145,"column":null}},"43":{"start":{"line":146,"column":33},"end":{"line":146,"column":56}},"44":{"start":{"line":157,"column":10},"end":{"line":158,"column":null}},"45":{"start":{"line":222,"column":10},"end":{"line":222,"column":29}},"46":{"start":{"line":223,"column":10},"end":{"line":223,"column":28}},"47":{"start":{"line":234,"column":27},"end":{"line":234,"column":51}}},"fnMap":{"0":{"name":"timeNow","decl":{"start":{"line":20,"column":9},"end":{"line":20,"column":16}},"loc":{"start":{"line":20,"column":16},"end":{"line":25,"column":1}}},"1":{"name":"ChatConcierge","decl":{"start":{"line":27,"column":24},"end":{"line":27,"column":37}},"loc":{"start":{"line":27,"column":37},"end":{"line":253,"column":1}}},"2":{"name":"(anonymous_2)","decl":{"start":{"line":34,"column":12},"end":{"line":34,"column":15}},"loc":{"start":{"line":34,"column":17},"end":{"line":44,"column":3}}},"3":{"name":"handleFocus","decl":{"start":{"line":35,"column":13},"end":{"line":35,"column":24}},"loc":{"start":{"line":35,"column":24},"end":{"line":41,"column":5}}},"4":{"name":"(anonymous_4)","decl":{"start":{"line":43,"column":11},"end":{"line":43,"column":14}},"loc":{"start":{"line":43,"column":17},"end":{"line":43,"column":76}}},"5":{"name":"handleSend","decl":{"start":{"line":46,"column":17},"end":{"line":46,"column":27}},"loc":{"start":{"line":46,"column":41},"end":{"line":95,"column":3}}},"6":{"name":"(anonymous_6)","decl":{"start":{"line":56,"column":16},"end":{"line":56,"column":17}},"loc":{"start":{"line":56,"column":26},"end":{"line":56,"column":44}}},"7":{"name":"(anonymous_7)","decl":{"start":{"line":72,"column":44},"end":{"line":72,"column":47}},"loc":{"start":{"line":72,"column":51},"end":{"line":72,"column":53}}},"8":{"name":"(anonymous_8)","decl":{"start":{"line":83,"column":18},"end":{"line":83,"column":19}},"loc":{"start":{"line":83,"column":28},"end":{"line":83,"column":51}}},"9":{"name":"(anonymous_9)","decl":{"start":{"line":88,"column":28},"end":{"line":88,"column":31}},"loc":{"start":{"line":88,"column":33},"end":{"line":93,"column":7}}},"10":{"name":"(anonymous_10)","decl":{"start":{"line":143,"column":33},"end":{"line":143,"column":34}},"loc":{"start":{"line":144,"column":16},"end":{"line":145,"column":null}}},"11":{"name":"(anonymous_11)","decl":{"start":{"line":146,"column":27},"end":{"line":146,"column":30}},"loc":{"start":{"line":146,"column":33},"end":{"line":146,"column":56}}},"12":{"name":"(anonymous_12)","decl":{"start":{"line":156,"column":22},"end":{"line":156,"column":23}},"loc":{"start":{"line":157,"column":10},"end":{"line":158,"column":null}}},"13":{"name":"(anonymous_13)","decl":{"start":{"line":221,"column":18},"end":{"line":221,"column":19}},"loc":{"start":{"line":221,"column":24},"end":{"line":224,"column":9}}},"14":{"name":"(anonymous_14)","decl":{"start":{"line":234,"column":20},"end":{"line":234,"column":21}},"loc":{"start":{"line":234,"column":27},"end":{"line":234,"column":51}}}},"branchMap":{"0":{"loc":{"start":{"line":37,"column":6},"end":{"line":40,"column":7}},"type":"if","locations":[{"start":{"line":37,"column":6},"end":{"line":40,"column":7}}]},"1":{"loc":{"start":{"line":47,"column":21},"end":{"line":47,"column":34}},"type":"binary-expr","locations":[{"start":{"line":47,"column":21},"end":{"line":47,"column":25}},{"start":{"line":47,"column":29},"end":{"line":47,"column":34}}]},"2":{"loc":{"start":{"line":48,"column":4},"end":{"line":48,"column":36}},"type":"if","locations":[{"start":{"line":48,"column":4},"end":{"line":48,"column":36}}]},"3":{"loc":{"start":{"line":48,"column":8},"end":{"line":48,"column":27}},"type":"binary-expr","locations":[{"start":{"line":48,"column":8},"end":{"line":48,"column":16}},{"start":{"line":48,"column":20},"end":{"line":48,"column":27}}]},"4":{"loc":{"start":{"line":71,"column":6},"end":{"line":74,"column":7}},"type":"if","locations":[{"start":{"line":71,"column":6},"end":{"line":74,"column":7}}]},"5":{"loc":{"start":{"line":73,"column":24},"end":{"line":73,"column":65}},"type":"binary-expr","locations":[{"start":{"line":73,"column":24},"end":{"line":73,"column":34}},{"start":{"line":73,"column":38},"end":{"line":73,"column":65}}]},"6":{"loc":{"start":{"line":80,"column":14},"end":{"line":80,"column":60}},"type":"binary-expr","locations":[{"start":{"line":80,"column":14},"end":{"line":80,"column":32}},{"start":{"line":80,"column":36},"end":{"line":80,"column":60}}]},"7":{"loc":{"start":{"line":85,"column":15},"end":{"line":85,"column":75}},"type":"cond-expr","locations":[{"start":{"line":85,"column":38},"end":{"line":85,"column":49}},{"start":{"line":85,"column":52},"end":{"line":85,"column":75}}]},"8":{"loc":{"start":{"line":123,"column":9},"end":{"line":153,"column":null}},"type":"binary-expr","locations":[{"start":{"line":123,"column":9},"end":{"line":123,"column":30}},{"start":{"line":123,"column":34},"end":{"line":123,"column":42}},{"start":{"line":124,"column":10},"end":{"line":152,"column":null}}]},"9":{"loc":{"start":{"line":159,"column":37},"end":{"line":159,"column":88}},"type":"cond-expr","locations":[{"start":{"line":159,"column":57},"end":{"line":159,"column":75}},{"start":{"line":159,"column":78},"end":{"line":159,"column":88}}]},"10":{"loc":{"start":{"line":163,"column":16},"end":{"line":165,"column":null}},"type":"cond-expr","locations":[{"start":{"line":164,"column":20},"end":{"line":164,"column":62}},{"start":{"line":165,"column":20},"end":{"line":165,"column":null}}]},"11":{"loc":{"start":{"line":168,"column":15},"end":{"line":177,"column":null}},"type":"cond-expr","locations":[{"start":{"line":169,"column":16},"end":{"line":171,"column":null}},{"start":{"line":174,"column":16},"end":{"line":176,"column":null}}]},"12":{"loc":{"start":{"line":183,"column":18},"end":{"line":185,"column":null}},"type":"cond-expr","locations":[{"start":{"line":184,"column":22},"end":{"line":184,"column":155}},{"start":{"line":185,"column":22},"end":{"line":185,"column":null}}]},"13":{"loc":{"start":{"line":191,"column":62},"end":{"line":191,"column":108}},"type":"cond-expr","locations":[{"start":{"line":191,"column":82},"end":{"line":191,"column":99}},{"start":{"line":191,"column":102},"end":{"line":191,"column":108}}]},"14":{"loc":{"start":{"line":193,"column":26},"end":{"line":193,"column":50}},"type":"binary-expr","locations":[{"start":{"line":193,"column":26},"end":{"line":193,"column":43}},{"start":{"line":193,"column":47},"end":{"line":193,"column":50}}]},"15":{"loc":{"start":{"line":199,"column":9},"end":{"line":209,"column":null}},"type":"binary-expr","locations":[{"start":{"line":199,"column":9},"end":{"line":199,"column":16}},{"start":{"line":200,"column":10},"end":{"line":208,"column":null}}]},"16":{"loc":{"start":{"line":213,"column":7},"end":{"line":216,"column":null}},"type":"binary-expr","locations":[{"start":{"line":213,"column":7},"end":{"line":213,"column":12}},{"start":{"line":214,"column":8},"end":{"line":215,"column":null}}]},"17":{"loc":{"start":{"line":240,"column":20},"end":{"line":240,"column":44}},"type":"binary-expr","locations":[{"start":{"line":240,"column":20},"end":{"line":240,"column":27}},{"start":{"line":240,"column":31},"end":{"line":240,"column":44}}]},"18":{"loc":{"start":{"line":244,"column":11},"end":{"line":247,"column":null}},"type":"cond-expr","locations":[{"start":{"line":245,"column":12},"end":{"line":245,"column":75}},{"start":{"line":247,"column":12},"end":{"line":247,"column":59}}]}},"s":{"0":1,"1":1,"2":1,"3":1,"4":5,"5":12,"6":12,"7":12,"8":12,"9":12,"10":12,"11":0,"12":0,"13":0,"14":0,"15":4,"16":4,"17":4,"18":3,"19":3,"20":0,"21":3,"22":3,"23":3,"24":3,"25":3,"26":3,"27":3,"28":3,"29":2,"30":0,"31":0,"32":0,"33":2,"34":2,"35":2,"36":2,"37":1,"38":3,"39":3,"40":3,"41":12,"42":24,"43":1,"44":8,"45":2,"46":2,"47":2},"f":{"0":5,"1":12,"2":4,"3":0,"4":4,"5":3,"6":3,"7":0,"8":2,"9":3,"10":24,"11":1,"12":8,"13":2,"14":2},"b":{"0":[0],"1":[3,2],"2":[0],"3":[3,3],"4":[0],"5":[0,0],"6":[2,0],"7":[1,0],"8":[12,6,6],"9":[6,2],"10":[6,2],"11":[6,2],"12":[6,2],"13":[6,2],"14":[8,6],"15":[12,3],"16":[12,1],"17":[12,9],"18":[3,9]}}
,"C:\\Users\\Manan Shah\\Downloads\\stadium-smartguide\\src\\components\\LiveMap.tsx": {"path":"C:\\Users\\Manan Shah\\Downloads\\stadium-smartguide\\src\\components\\LiveMap.tsx","statementMap":{"0":{"start":{"line":305,"column":0},"end":{"line":305,"column":24}},"1":{"start":{"line":3,"column":0},"end":{"line":3,"column":44}},"2":{"start":{"line":4,"column":0},"end":{"line":4,"column":63}},"3":{"start":{"line":6,"column":0},"end":{"line":6,"column":60}},"4":{"start":{"line":18,"column":6},"end":{"line":61,"column":2}},"5":{"start":{"line":66,"column":4},"end":{"line":70,"column":2}},"6":{"start":{"line":72,"column":66},"end":{"line":211,"column":2}},"7":{"start":{"line":213,"column":21},"end":{"line":220,"column":2}},"8":{"start":{"line":223,"column":70},"end":{"line":249,"column":2}},"9":{"start":{"line":262,"column":2},"end":{"line":302,"column":4}},"10":{"start":{"line":308,"column":29},"end":{"line":308,"column":47}},"11":{"start":{"line":311,"column":26},"end":{"line":311,"column":37}},"12":{"start":{"line":312,"column":40},"end":{"line":312,"column":54}},"13":{"start":{"line":313,"column":54},"end":{"line":314,"column":null}},"14":{"start":{"line":318,"column":2},"end":{"line":326,"column":9}},"15":{"start":{"line":320,"column":20},"end":{"line":320,"column":58}},"16":{"start":{"line":321,"column":6},"end":{"line":321,"column":34}},"17":{"start":{"line":323,"column":4},"end":{"line":323,"column":66}},"18":{"start":{"line":324,"column":4},"end":{"line":325,"column":71}},"19":{"start":{"line":325,"column":6},"end":{"line":325,"column":70}},"20":{"start":{"line":328,"column":20},"end":{"line":329,"column":46}},"21":{"start":{"line":329,"column":4},"end":{"line":329,"column":46}},"22":{"start":{"line":329,"column":25},"end":{"line":329,"column":45}},"23":{"start":{"line":332,"column":24},"end":{"line":338,"column":3}},"24":{"start":{"line":333,"column":4},"end":{"line":333,"column":51}},"25":{"start":{"line":333,"column":39},"end":{"line":333,"column":51}},"26":{"start":{"line":334,"column":4},"end":{"line":334,"column":60}},"27":{"start":{"line":334,"column":29},"end":{"line":334,"column":60}},"28":{"start":{"line":335,"column":4},"end":{"line":335,"column":66}},"29":{"start":{"line":335,"column":30},"end":{"line":335,"column":66}},"30":{"start":{"line":336,"column":4},"end":{"line":336,"column":67}},"31":{"start":{"line":336,"column":30},"end":{"line":336,"column":67}},"32":{"start":{"line":337,"column":4},"end":{"line":337,"column":17}},"33":{"start":{"line":340,"column":21},"end":{"line":344,"column":3}},"34":{"start":{"line":341,"column":4},"end":{"line":341,"column":45}},"35":{"start":{"line":341,"column":20},"end":{"line":341,"column":45}},"36":{"start":{"line":342,"column":4},"end":{"line":342,"column":43}},"37":{"start":{"line":342,"column":20},"end":{"line":342,"column":43}},"38":{"start":{"line":343,"column":4},"end":{"line":343,"column":26}},"39":{"start":{"line":346,"column":28},"end":{"line":373,"column":3}},"40":{"start":{"line":347,"column":47},"end":{"line":347,"column":49}},"41":{"start":{"line":348,"column":4},"end":{"line":371,"column":5}},"42":{"start":{"line":348,"column":17},"end":{"line":348,"column":18}},"43":{"start":{"line":349,"column":23},"end":{"line":349,"column":36}},"44":{"start":{"line":350,"column":21},"end":{"line":350,"column":38}},"45":{"start":{"line":351,"column":6},"end":{"line":351,"column":41}},"46":{"start":{"line":351,"column":32},"end":{"line":351,"column":41}},"47":{"start":{"line":353,"column":18},"end":{"line":353,"column":41}},"48":{"start":{"line":354,"column":25},"end":{"line":354,"column":43}},"49":{"start":{"line":356,"column":6},"end":{"line":370,"column":7}},"50":{"start":{"line":357,"column":8},"end":{"line":362,"column":11}},"51":{"start":{"line":358,"column":25},"end":{"line":358,"column":50}},"52":{"start":{"line":359,"column":10},"end":{"line":361,"column":11}},"53":{"start":{"line":360,"column":12},"end":{"line":360,"column":28}},"54":{"start":{"line":364,"column":19},"end":{"line":364,"column":65}},"55":{"start":{"line":364,"column":43},"end":{"line":364,"column":64}},"56":{"start":{"line":365,"column":19},"end":{"line":365,"column":63}},"57":{"start":{"line":365,"column":43},"end":{"line":365,"column":62}},"58":{"start":{"line":366,"column":8},"end":{"line":369,"column":9}},"59":{"start":{"line":367,"column":10},"end":{"line":367,"column":46}},"60":{"start":{"line":368,"column":10},"end":{"line":368,"column":46}},"61":{"start":{"line":372,"column":4},"end":{"line":372,"column":56}},"62":{"start":{"line":372,"column":29},"end":{"line":372,"column":44}},"63":{"start":{"line":375,"column":23},"end":{"line":375,"column":63}},"64":{"start":{"line":375,"column":29},"end":{"line":375,"column":63}},"65":{"start":{"line":375,"column":44},"end":{"line":375,"column":62}},"66":{"start":{"line":376,"column":24},"end":{"line":376,"column":64}},"67":{"start":{"line":376,"column":30},"end":{"line":376,"column":64}},"68":{"start":{"line":376,"column":45},"end":{"line":376,"column":63}},"69":{"start":{"line":377,"column":28},"end":{"line":381,"column":3}},"70":{"start":{"line":378,"column":4},"end":{"line":378,"column":15}},"71":{"start":{"line":379,"column":4},"end":{"line":379,"column":25}},"72":{"start":{"line":380,"column":4},"end":{"line":380,"column":32}},"73":{"start":{"line":383,"column":2},"end":{"line":1021,"column":4}},"74":{"start":{"line":427,"column":14},"end":{"line":428,"column":null}},"75":{"start":{"line":431,"column":31},"end":{"line":431,"column":52}},"76":{"start":{"line":591,"column":28},"end":{"line":591,"column":62}},"77":{"start":{"line":592,"column":25},"end":{"line":592,"column":52}},"78":{"start":{"line":593,"column":25},"end":{"line":593,"column":52}},"79":{"start":{"line":594,"column":25},"end":{"line":594,"column":52}},"80":{"start":{"line":595,"column":25},"end":{"line":595,"column":52}},"81":{"start":{"line":596,"column":14},"end":{"line":606,"column":16}},"82":{"start":{"line":747,"column":29},"end":{"line":747,"column":51}},"83":{"start":{"line":748,"column":27},"end":{"line":748,"column":61}},"84":{"start":{"line":749,"column":29},"end":{"line":749,"column":46}},"85":{"start":{"line":750,"column":26},"end":{"line":750,"column":79}},"86":{"start":{"line":751,"column":29},"end":{"line":751,"column":55}},"87":{"start":{"line":753,"column":14},"end":{"line":814,"column":16}},"88":{"start":{"line":822,"column":20},"end":{"line":823,"column":42}},"89":{"start":{"line":822,"column":45},"end":{"line":822,"column":75}},"90":{"start":{"line":824,"column":18},"end":{"line":920,"column":20}},"91":{"start":{"line":994,"column":14},"end":{"line":995,"column":null}},"92":{"start":{"line":998,"column":18},"end":{"line":999,"column":null}}},"fnMap":{"0":{"name":"AmenityCallout","decl":{"start":{"line":251,"column":9},"end":{"line":251,"column":23}},"loc":{"start":{"line":261,"column":1},"end":{"line":303,"column":1}}},"1":{"name":"LiveMap","decl":{"start":{"line":305,"column":24},"end":{"line":305,"column":31}},"loc":{"start":{"line":307,"column":15},"end":{"line":1022,"column":1}}},"2":{"name":"(anonymous_2)","decl":{"start":{"line":318,"column":12},"end":{"line":318,"column":15}},"loc":{"start":{"line":318,"column":17},"end":{"line":326,"column":3}}},"3":{"name":"handleHighlight","decl":{"start":{"line":319,"column":13},"end":{"line":319,"column":28}},"loc":{"start":{"line":319,"column":37},"end":{"line":322,"column":5}}},"4":{"name":"(anonymous_4)","decl":{"start":{"line":324,"column":11},"end":{"line":324,"column":14}},"loc":{"start":{"line":325,"column":6},"end":{"line":325,"column":70}}},"5":{"name":"(anonymous_5)","decl":{"start":{"line":328,"column":20},"end":{"line":328,"column":21}},"loc":{"start":{"line":329,"column":4},"end":{"line":329,"column":46}}},"6":{"name":"(anonymous_6)","decl":{"start":{"line":329,"column":18},"end":{"line":329,"column":19}},"loc":{"start":{"line":329,"column":25},"end":{"line":329,"column":45}}},"7":{"name":"(anonymous_7)","decl":{"start":{"line":332,"column":24},"end":{"line":332,"column":25}},"loc":{"start":{"line":332,"column":52},"end":{"line":338,"column":3}}},"8":{"name":"(anonymous_8)","decl":{"start":{"line":340,"column":21},"end":{"line":340,"column":32}},"loc":{"start":{"line":340,"column":34},"end":{"line":344,"column":3}}},"9":{"name":"(anonymous_9)","decl":{"start":{"line":346,"column":28},"end":{"line":346,"column":39}},"loc":{"start":{"line":346,"column":41},"end":{"line":373,"column":3}}},"10":{"name":"(anonymous_10)","decl":{"start":{"line":357,"column":27},"end":{"line":357,"column":28}},"loc":{"start":{"line":357,"column":34},"end":{"line":362,"column":9}}},"11":{"name":"(anonymous_11)","decl":{"start":{"line":364,"column":36},"end":{"line":364,"column":37}},"loc":{"start":{"line":364,"column":43},"end":{"line":364,"column":64}}},"12":{"name":"(anonymous_12)","decl":{"start":{"line":365,"column":36},"end":{"line":365,"column":37}},"loc":{"start":{"line":365,"column":43},"end":{"line":365,"column":62}}},"13":{"name":"(anonymous_13)","decl":{"start":{"line":372,"column":22},"end":{"line":372,"column":23}},"loc":{"start":{"line":372,"column":29},"end":{"line":372,"column":44}}},"14":{"name":"(anonymous_14)","decl":{"start":{"line":375,"column":23},"end":{"line":375,"column":26}},"loc":{"start":{"line":375,"column":29},"end":{"line":375,"column":63}}},"15":{"name":"(anonymous_15)","decl":{"start":{"line":375,"column":37},"end":{"line":375,"column":38}},"loc":{"start":{"line":375,"column":44},"end":{"line":375,"column":62}}},"16":{"name":"(anonymous_16)","decl":{"start":{"line":376,"column":24},"end":{"line":376,"column":27}},"loc":{"start":{"line":376,"column":30},"end":{"line":376,"column":64}}},"17":{"name":"(anonymous_17)","decl":{"start":{"line":376,"column":38},"end":{"line":376,"column":39}},"loc":{"start":{"line":376,"column":45},"end":{"line":376,"column":63}}},"18":{"name":"(anonymous_18)","decl":{"start":{"line":377,"column":28},"end":{"line":377,"column":31}},"loc":{"start":{"line":377,"column":33},"end":{"line":381,"column":3}}},"19":{"name":"(anonymous_19)","decl":{"start":{"line":426,"column":41},"end":{"line":426,"column":42}},"loc":{"start":{"line":427,"column":14},"end":{"line":428,"column":null}}},"20":{"name":"(anonymous_20)","decl":{"start":{"line":431,"column":25},"end":{"line":431,"column":28}},"loc":{"start":{"line":431,"column":31},"end":{"line":431,"column":52}}},"21":{"name":"(anonymous_21)","decl":{"start":{"line":590,"column":44},"end":{"line":590,"column":45}},"loc":{"start":{"line":590,"column":53},"end":{"line":607,"column":13}}},"22":{"name":"(anonymous_22)","decl":{"start":{"line":746,"column":29},"end":{"line":746,"column":30}},"loc":{"start":{"line":746,"column":38},"end":{"line":815,"column":13}}},"23":{"name":"(anonymous_23)","decl":{"start":{"line":820,"column":59},"end":{"line":820,"column":60}},"loc":{"start":{"line":820,"column":72},"end":{"line":921,"column":17}}},"24":{"name":"(anonymous_24)","decl":{"start":{"line":822,"column":38},"end":{"line":822,"column":39}},"loc":{"start":{"line":822,"column":45},"end":{"line":822,"column":75}}},"25":{"name":"(anonymous_25)","decl":{"start":{"line":993,"column":30},"end":{"line":993,"column":31}},"loc":{"start":{"line":994,"column":14},"end":{"line":995,"column":null}}},"26":{"name":"(anonymous_26)","decl":{"start":{"line":997,"column":25},"end":{"line":997,"column":28}},"loc":{"start":{"line":998,"column":18},"end":{"line":999,"column":null}}}},"branchMap":{"0":{"loc":{"start":{"line":306,"column":2},"end":{"line":306,"column":17}},"type":"default-arg","locations":[{"start":{"line":306,"column":15},"end":{"line":306,"column":17}}]},"1":{"loc":{"start":{"line":320,"column":20},"end":{"line":320,"column":58}},"type":"binary-expr","locations":[{"start":{"line":320,"column":20},"end":{"line":320,"column":50}},{"start":{"line":320,"column":54},"end":{"line":320,"column":58}}]},"2":{"loc":{"start":{"line":333,"column":4},"end":{"line":333,"column":51}},"type":"if","locations":[{"start":{"line":333,"column":4},"end":{"line":333,"column":51}}]},"3":{"loc":{"start":{"line":334,"column":4},"end":{"line":334,"column":60}},"type":"if","locations":[{"start":{"line":334,"column":4},"end":{"line":334,"column":60}}]},"4":{"loc":{"start":{"line":335,"column":4},"end":{"line":335,"column":66}},"type":"if","locations":[{"start":{"line":335,"column":4},"end":{"line":335,"column":66}}]},"5":{"loc":{"start":{"line":336,"column":4},"end":{"line":336,"column":67}},"type":"if","locations":[{"start":{"line":336,"column":4},"end":{"line":336,"column":67}}]},"6":{"loc":{"start":{"line":341,"column":4},"end":{"line":341,"column":45}},"type":"if","locations":[{"start":{"line":341,"column":4},"end":{"line":341,"column":45}}]},"7":{"loc":{"start":{"line":342,"column":4},"end":{"line":342,"column":43}},"type":"if","locations":[{"start":{"line":342,"column":4},"end":{"line":342,"column":43}}]},"8":{"loc":{"start":{"line":351,"column":6},"end":{"line":351,"column":41}},"type":"if","locations":[{"start":{"line":351,"column":6},"end":{"line":351,"column":41}}]},"9":{"loc":{"start":{"line":351,"column":10},"end":{"line":351,"column":30}},"type":"binary-expr","locations":[{"start":{"line":351,"column":10},"end":{"line":351,"column":19}},{"start":{"line":351,"column":23},"end":{"line":351,"column":30}}]},"10":{"loc":{"start":{"line":356,"column":6},"end":{"line":370,"column":7}},"type":"if","locations":[{"start":{"line":356,"column":6},"end":{"line":370,"column":7}},{"start":{"line":363,"column":13},"end":{"line":370,"column":7}}]},"11":{"loc":{"start":{"line":359,"column":10},"end":{"line":361,"column":11}},"type":"if","locations":[{"start":{"line":359,"column":10},"end":{"line":361,"column":11}}]},"12":{"loc":{"start":{"line":359,"column":14},"end":{"line":359,"column":63}},"type":"binary-expr","locations":[{"start":{"line":359,"column":14},"end":{"line":359,"column":21}},{"start":{"line":359,"column":25},"end":{"line":359,"column":42}},{"start":{"line":359,"column":46},"end":{"line":359,"column":63}}]},"13":{"loc":{"start":{"line":366,"column":8},"end":{"line":369,"column":9}},"type":"if","locations":[{"start":{"line":366,"column":8},"end":{"line":369,"column":9}}]},"14":{"loc":{"start":{"line":366,"column":12},"end":{"line":366,"column":20}},"type":"binary-expr","locations":[{"start":{"line":366,"column":12},"end":{"line":366,"column":14}},{"start":{"line":366,"column":18},"end":{"line":366,"column":20}}]},"15":{"loc":{"start":{"line":408,"column":7},"end":{"line":411,"column":null}},"type":"binary-expr","locations":[{"start":{"line":408,"column":7},"end":{"line":408,"column":12}},{"start":{"line":409,"column":8},"end":{"line":410,"column":null}}]},"16":{"loc":{"start":{"line":414,"column":7},"end":{"line":419,"column":null}},"type":"binary-expr","locations":[{"start":{"line":414,"column":7},"end":{"line":414,"column":15}},{"start":{"line":414,"column":19},"end":{"line":414,"column":25}},{"start":{"line":415,"column":8},"end":{"line":418,"column":null}}]},"17":{"loc":{"start":{"line":422,"column":7},"end":{"line":1018,"column":null}},"type":"binary-expr","locations":[{"start":{"line":422,"column":7},"end":{"line":422,"column":14}},{"start":{"line":423,"column":8},"end":{"line":1017,"column":null}}]},"18":{"loc":{"start":{"line":433,"column":18},"end":{"line":435,"column":null}},"type":"cond-expr","locations":[{"start":{"line":434,"column":22},"end":{"line":434,"column":108}},{"start":{"line":435,"column":22},"end":{"line":435,"column":null}}]},"19":{"loc":{"start":{"line":748,"column":27},"end":{"line":748,"column":61}},"type":"binary-expr","locations":[{"start":{"line":748,"column":27},"end":{"line":748,"column":50}},{"start":{"line":748,"column":54},"end":{"line":748,"column":61}}]},"20":{"loc":{"start":{"line":750,"column":26},"end":{"line":750,"column":79}},"type":"cond-expr","locations":[{"start":{"line":750,"column":35},"end":{"line":750,"column":75}},{"start":{"line":750,"column":78},"end":{"line":750,"column":79}}]},"21":{"loc":{"start":{"line":756,"column":27},"end":{"line":756,"column":45}},"type":"cond-expr","locations":[{"start":{"line":756,"column":36},"end":{"line":756,"column":39}},{"start":{"line":756,"column":42},"end":{"line":756,"column":45}}]},"22":{"loc":{"start":{"line":818,"column":13},"end":{"line":922,"column":null}},"type":"binary-expr","locations":[{"start":{"line":818,"column":13},"end":{"line":818,"column":31}},{"start":{"line":818,"column":35},"end":{"line":818,"column":72}},{"start":{"line":819,"column":14},"end":{"line":921,"column":null}}]},"23":{"loc":{"start":{"line":822,"column":20},"end":{"line":823,"column":42}},"type":"binary-expr","locations":[{"start":{"line":822,"column":20},"end":{"line":823,"column":29}},{"start":{"line":823,"column":33},"end":{"line":823,"column":42}}]},"24":{"loc":{"start":{"line":977,"column":13},"end":{"line":987,"column":null}},"type":"binary-expr","locations":[{"start":{"line":977,"column":13},"end":{"line":977,"column":34}},{"start":{"line":978,"column":14},"end":{"line":986,"column":null}}]},"25":{"loc":{"start":{"line":999,"column":20},"end":{"line":999,"column":73}},"type":"cond-expr","locations":[{"start":{"line":999,"column":56},"end":{"line":999,"column":60}},{"start":{"line":999,"column":63},"end":{"line":999,"column":73}}]},"26":{"loc":{"start":{"line":1003,"column":18},"end":{"line":1005,"column":null}},"type":"cond-expr","locations":[{"start":{"line":1004,"column":22},"end":{"line":1004,"column":57}},{"start":{"line":1005,"column":22},"end":{"line":1005,"column":null}}]}},"s":{"0":1,"1":1,"2":1,"3":1,"4":1,"5":1,"6":1,"7":1,"8":1,"9":1,"10":3,"11":3,"12":3,"13":3,"14":3,"15":0,"16":0,"17":1,"18":1,"19":1,"20":3,"21":6,"22":0,"23":3,"24":6,"25":1,"26":5,"27":0,"28":5,"29":5,"30":0,"31":0,"32":0,"33":3,"34":1,"35":0,"36":1,"37":0,"38":1,"39":3,"40":0,"41":0,"42":0,"43":0,"44":0,"45":0,"46":0,"47":0,"48":0,"49":0,"50":0,"51":0,"52":0,"53":0,"54":0,"55":0,"56":0,"57":0,"58":0,"59":0,"60":0,"61":0,"62":0,"63":3,"64":0,"65":0,"66":3,"67":0,"68":0,"69":3,"70":0,"71":0,"72":0,"73":3,"74":4,"75":0,"76":16,"77":16,"78":16,"79":16,"80":16,"81":16,"82":6,"83":6,"84":6,"85":6,"86":6,"87":6,"88":0,"89":0,"90":0,"91":6,"92":0},"f":{"0":1,"1":3,"2":1,"3":0,"4":1,"5":6,"6":0,"7":6,"8":1,"9":0,"10":0,"11":0,"12":0,"13":0,"14":0,"15":0,"16":0,"17":0,"18":0,"19":4,"20":0,"21":16,"22":6,"23":0,"24":0,"25":6,"26":0},"b":{"0":[3],"1":[0,0],"2":[1],"3":[0],"4":[5],"5":[0],"6":[0],"7":[0],"8":[0],"9":[0,0],"10":[0,0],"11":[0],"12":[0,0,0],"13":[0],"14":[0,0],"15":[3,0],"16":[3,2,2],"17":[3,1],"18":[1,3],"19":[6,6],"20":[0,6],"21":[3,3],"22":[1,0,0],"23":[0,0],"24":[1,0],"25":[0,0],"26":[0,6]}}
,"C:\\Users\\Manan Shah\\Downloads\\stadium-smartguide\\src\\components\\QueueTracker.tsx": {"path":"C:\\Users\\Manan Shah\\Downloads\\stadium-smartguide\\src\\components\\QueueTracker.tsx","statementMap":{"0":{"start":{"line":19,"column":0},"end":{"line":19,"column":24}},"1":{"start":{"line":3,"column":0},"end":{"line":3,"column":44}},"2":{"start":{"line":5,"column":0},"end":{"line":5,"column":60}},"3":{"start":{"line":7,"column":66},"end":{"line":11,"column":2}},"4":{"start":{"line":13,"column":73},"end":{"line":17,"column":2}},"5":{"start":{"line":20,"column":29},"end":{"line":20,"column":47}},"6":{"start":{"line":22,"column":2},"end":{"line":125,"column":4}},"7":{"start":{"line":48,"column":12},"end":{"line":49,"column":null}},"8":{"start":{"line":59,"column":28},"end":{"line":59,"column":67}},"9":{"start":{"line":60,"column":29},"end":{"line":60,"column":78}},"10":{"start":{"line":62,"column":12},"end":{"line":120,"column":14}}},"fnMap":{"0":{"name":"QueueTracker","decl":{"start":{"line":19,"column":24},"end":{"line":19,"column":36}},"loc":{"start":{"line":19,"column":36},"end":{"line":126,"column":1}}},"1":{"name":"(anonymous_1)","decl":{"start":{"line":47,"column":25},"end":{"line":47,"column":26}},"loc":{"start":{"line":48,"column":12},"end":{"line":49,"column":null}}},"2":{"name":"(anonymous_2)","decl":{"start":{"line":58,"column":23},"end":{"line":58,"column":24}},"loc":{"start":{"line":58,"column":29},"end":{"line":121,"column":11}}}},"branchMap":{"0":{"loc":{"start":{"line":36,"column":7},"end":{"line":39,"column":null}},"type":"binary-expr","locations":[{"start":{"line":36,"column":7},"end":{"line":36,"column":12}},{"start":{"line":37,"column":8},"end":{"line":38,"column":null}}]},"1":{"loc":{"start":{"line":42,"column":7},"end":{"line":53,"column":null}},"type":"binary-expr","locations":[{"start":{"line":42,"column":7},"end":{"line":42,"column":15}},{"start":{"line":42,"column":19},"end":{"line":42,"column":25}},{"start":{"line":43,"column":8},"end":{"line":52,"column":null}}]},"2":{"loc":{"start":{"line":56,"column":7},"end":{"line":122,"column":null}},"type":"binary-expr","locations":[{"start":{"line":56,"column":7},"end":{"line":56,"column":14}},{"start":{"line":57,"column":8},"end":{"line":121,"column":null}}]},"3":{"loc":{"start":{"line":73,"column":26},"end":{"line":77,"column":41}},"type":"cond-expr","locations":[{"start":{"line":74,"column":30},"end":{"line":74,"column":39}},{"start":{"line":75,"column":30},"end":{"line":77,"column":41}}]},"4":{"loc":{"start":{"line":75,"column":30},"end":{"line":77,"column":41}},"type":"cond-expr","locations":[{"start":{"line":76,"column":32},"end":{"line":76,"column":41}},{"start":{"line":77,"column":32},"end":{"line":77,"column":41}}]},"5":{"loc":{"start":{"line":103,"column":22},"end":{"line":107,"column":null}},"type":"cond-expr","locations":[{"start":{"line":104,"column":26},"end":{"line":104,"column":70}},{"start":{"line":105,"column":26},"end":{"line":107,"column":null}}]},"6":{"loc":{"start":{"line":105,"column":26},"end":{"line":107,"column":null}},"type":"cond-expr","locations":[{"start":{"line":106,"column":28},"end":{"line":106,"column":58}},{"start":{"line":107,"column":28},"end":{"line":107,"column":null}}]},"7":{"loc":{"start":{"line":111,"column":24},"end":{"line":115,"column":35}},"type":"cond-expr","locations":[{"start":{"line":112,"column":28},"end":{"line":112,"column":33}},{"start":{"line":113,"column":28},"end":{"line":115,"column":35}}]},"8":{"loc":{"start":{"line":113,"column":28},"end":{"line":115,"column":35}},"type":"cond-expr","locations":[{"start":{"line":114,"column":30},"end":{"line":114,"column":35}},{"start":{"line":115,"column":30},"end":{"line":115,"column":35}}]}},"s":{"0":1,"1":1,"2":1,"3":1,"4":1,"5":3,"6":3,"7":6,"8":0,"9":0,"10":0},"f":{"0":3,"1":6,"2":0},"b":{"0":[3,0],"1":[3,2,2],"2":[3,1],"3":[0,0],"4":[0,0],"5":[0,0],"6":[0,0],"7":[0,0],"8":[0,0]}}
,"C:\\Users\\Manan Shah\\Downloads\\stadium-smartguide\\src\\hooks\\useSensorPolling.ts": {"path":"C:\\Users\\Manan Shah\\Downloads\\stadium-smartguide\\src\\hooks\\useSensorPolling.ts","statementMap":{"0":{"start":{"line":4,"column":0},"end":{"line":4,"column":16}},"1":{"start":{"line":1,"column":0},"end":{"line":1,"column":34}},"2":{"start":{"line":2,"column":0},"end":{"line":2,"column":53}},"3":{"start":{"line":5,"column":18},"end":{"line":5,"column":58}},"4":{"start":{"line":5,"column":44},"end":{"line":5,"column":57}},"5":{"start":{"line":6,"column":16},"end":{"line":6,"column":54}},"6":{"start":{"line":6,"column":42},"end":{"line":6,"column":53}},"7":{"start":{"line":7,"column":18},"end":{"line":7,"column":58}},"8":{"start":{"line":7,"column":44},"end":{"line":7,"column":57}},"9":{"start":{"line":8,"column":23},"end":{"line":8,"column":68}},"10":{"start":{"line":8,"column":49},"end":{"line":8,"column":67}},"11":{"start":{"line":10,"column":2},"end":{"line":13,"column":21}},"12":{"start":{"line":11,"column":17},"end":{"line":11,"column":31}},"13":{"start":{"line":12,"column":4},"end":{"line":12,"column":24}},"14":{"start":{"line":12,"column":17},"end":{"line":12,"column":23}},"15":{"start":{"line":15,"column":2},"end":{"line":15,"column":37}}},"fnMap":{"0":{"name":"useSensorPolling","decl":{"start":{"line":4,"column":16},"end":{"line":4,"column":32}},"loc":{"start":{"line":4,"column":32},"end":{"line":16,"column":1}}},"1":{"name":"(anonymous_1)","decl":{"start":{"line":5,"column":33},"end":{"line":5,"column":34}},"loc":{"start":{"line":5,"column":44},"end":{"line":5,"column":57}}},"2":{"name":"(anonymous_2)","decl":{"start":{"line":6,"column":31},"end":{"line":6,"column":32}},"loc":{"start":{"line":6,"column":42},"end":{"line":6,"column":53}}},"3":{"name":"(anonymous_3)","decl":{"start":{"line":7,"column":33},"end":{"line":7,"column":34}},"loc":{"start":{"line":7,"column":44},"end":{"line":7,"column":57}}},"4":{"name":"(anonymous_4)","decl":{"start":{"line":8,"column":38},"end":{"line":8,"column":39}},"loc":{"start":{"line":8,"column":49},"end":{"line":8,"column":67}}},"5":{"name":"(anonymous_5)","decl":{"start":{"line":10,"column":12},"end":{"line":10,"column":15}},"loc":{"start":{"line":10,"column":17},"end":{"line":13,"column":3}}},"6":{"name":"(anonymous_6)","decl":{"start":{"line":12,"column":11},"end":{"line":12,"column":14}},"loc":{"start":{"line":12,"column":17},"end":{"line":12,"column":23}}}},"branchMap":{},"s":{"0":2,"1":2,"2":2,"3":6,"4":10,"5":6,"6":10,"7":6,"8":10,"9":6,"10":10,"11":6,"12":2,"13":2,"14":2,"15":6},"f":{"0":6,"1":10,"2":10,"3":10,"4":10,"5":2,"6":2},"b":{}}
,"C:\\Users\\Manan Shah\\Downloads\\stadium-smartguide\\src\\store\\sensorStore.ts": {"path":"C:\\Users\\Manan Shah\\Downloads\\stadium-smartguide\\src\\store\\sensorStore.ts","statementMap":{"0":{"start":{"line":1,"column":0},"end":{"line":1,"column":33}},"1":{"start":{"line":12,"column":40},"end":{"line":12,"column":44}},"2":{"start":{"line":13,"column":22},"end":{"line":13,"column":23}},"3":{"start":{"line":15,"column":13},"end":{"line":55,"column":3}},"4":{"start":{"line":16,"column":23},"end":{"line":33,"column":3}},"5":{"start":{"line":17,"column":4},"end":{"line":17,"column":27}},"6":{"start":{"line":18,"column":4},"end":{"line":32,"column":5}},"7":{"start":{"line":19,"column":18},"end":{"line":19,"column":53}},"8":{"start":{"line":20,"column":6},"end":{"line":20,"column":37}},"9":{"start":{"line":20,"column":19},"end":{"line":20,"column":37}},"10":{"start":{"line":21,"column":19},"end":{"line":21,"column":35}},"11":{"start":{"line":22,"column":6},"end":{"line":26,"column":9}},"12":{"start":{"line":28,"column":6},"end":{"line":31,"column":9}},"13":{"start":{"line":35,"column":2},"end":{"line":54,"column":4}},"14":{"start":{"line":41,"column":6},"end":{"line":41,"column":24}},"15":{"start":{"line":42,"column":6},"end":{"line":45,"column":7}},"16":{"start":{"line":43,"column":8},"end":{"line":43,"column":28}},"17":{"start":{"line":44,"column":8},"end":{"line":44,"column":67}},"18":{"start":{"line":44,"column":39},"end":{"line":44,"column":58}},"19":{"start":{"line":46,"column":6},"end":{"line":52,"column":8}},"20":{"start":{"line":47,"column":8},"end":{"line":47,"column":26}},"21":{"start":{"line":48,"column":8},"end":{"line":51,"column":9}},"22":{"start":{"line":49,"column":10},"end":{"line":49,"column":36}},"23":{"start":{"line":50,"column":10},"end":{"line":50,"column":28}}},"fnMap":{"0":{"name":"(anonymous_0)","decl":{"start":{"line":15,"column":50},"end":{"line":15,"column":51}},"loc":{"start":{"line":15,"column":58},"end":{"line":55,"column":1}}},"1":{"name":"(anonymous_1)","decl":{"start":{"line":16,"column":23},"end":{"line":16,"column":28}},"loc":{"start":{"line":16,"column":34},"end":{"line":33,"column":3}}},"2":{"name":"(anonymous_2)","decl":{"start":{"line":40,"column":18},"end":{"line":40,"column":21}},"loc":{"start":{"line":40,"column":23},"end":{"line":53,"column":5}}},"3":{"name":"(anonymous_3)","decl":{"start":{"line":44,"column":33},"end":{"line":44,"column":36}},"loc":{"start":{"line":44,"column":39},"end":{"line":44,"column":58}}},"4":{"name":"(anonymous_4)","decl":{"start":{"line":46,"column":13},"end":{"line":46,"column":16}},"loc":{"start":{"line":46,"column":18},"end":{"line":52,"column":7}}}},"branchMap":{"0":{"loc":{"start":{"line":20,"column":6},"end":{"line":20,"column":37}},"type":"if","locations":[{"start":{"line":20,"column":6},"end":{"line":20,"column":37}}]},"1":{"loc":{"start":{"line":42,"column":6},"end":{"line":45,"column":7}},"type":"if","locations":[{"start":{"line":42,"column":6},"end":{"line":45,"column":7}}]},"2":{"loc":{"start":{"line":48,"column":8},"end":{"line":51,"column":9}},"type":"if","locations":[{"start":{"line":48,"column":8},"end":{"line":51,"column":9}}]},"3":{"loc":{"start":{"line":48,"column":12},"end":{"line":48,"column":46}},"type":"binary-expr","locations":[{"start":{"line":48,"column":12},"end":{"line":48,"column":32}},{"start":{"line":48,"column":36},"end":{"line":48,"column":46}}]}},"s":{"0":2,"1":2,"2":2,"3":2,"4":2,"5":2,"6":2,"7":2,"8":2,"9":0,"10":2,"11":2,"12":0,"13":2,"14":2,"15":2,"16":2,"17":2,"18":0,"19":2,"20":2,"21":2,"22":2,"23":2},"f":{"0":2,"1":2,"2":2,"3":0,"4":2},"b":{"0":[0],"1":[2],"2":[2],"3":[2,2]}}
,"C:\\Users\\Manan Shah\\Downloads\\stadium-smartguide\\src\\utils\\csvParser.ts": {"path":"C:\\Users\\Manan Shah\\Downloads\\stadium-smartguide\\src\\utils\\csvParser.ts","statementMap":{"0":{"start":{"line":111,"column":0},"end":{"line":111,"column":16}},"1":{"start":{"line":147,"column":0},"end":{"line":147,"column":16}},"2":{"start":{"line":28,"column":21},"end":{"line":35,"column":11}},"3":{"start":{"line":37,"column":23},"end":{"line":43,"column":11}},"4":{"start":{"line":46,"column":2},"end":{"line":49,"column":33}},"5":{"start":{"line":48,"column":16},"end":{"line":48,"column":24}},"6":{"start":{"line":49,"column":19},"end":{"line":49,"column":31}},"7":{"start":{"line":53,"column":2},"end":{"line":53,"column":52}},"8":{"start":{"line":53,"column":39},"end":{"line":53,"column":50}},"9":{"start":{"line":62,"column":4},"end":{"line":63,"column":49}},"10":{"start":{"line":63,"column":31},"end":{"line":63,"column":48}},"11":{"start":{"line":64,"column":2},"end":{"line":68,"column":3}},"12":{"start":{"line":65,"column":4},"end":{"line":67,"column":6}},"13":{"start":{"line":72,"column":2},"end":{"line":72,"column":32}},"14":{"start":{"line":72,"column":19},"end":{"line":72,"column":32}},"15":{"start":{"line":73,"column":2},"end":{"line":73,"column":35}},"16":{"start":{"line":73,"column":20},"end":{"line":73,"column":35}},"17":{"start":{"line":74,"column":2},"end":{"line":74,"column":17}},"18":{"start":{"line":86,"column":16},"end":{"line":86,"column":31}},"19":{"start":{"line":87,"column":2},"end":{"line":87,"column":36}},"20":{"start":{"line":87,"column":26},"end":{"line":87,"column":36}},"21":{"start":{"line":89,"column":32},"end":{"line":89,"column":37}},"22":{"start":{"line":90,"column":2},"end":{"line":90,"column":42}},"23":{"start":{"line":90,"column":32},"end":{"line":90,"column":42}},"24":{"start":{"line":91,"column":2},"end":{"line":91,"column":66}},"25":{"start":{"line":93,"column":19},"end":{"line":93,"column":21}},"26":{"start":{"line":94,"column":2},"end":{"line":104,"column":3}},"27":{"start":{"line":95,"column":18},"end":{"line":95,"column":32}},"28":{"start":{"line":96,"column":4},"end":{"line":99,"column":5}},"29":{"start":{"line":97,"column":6},"end":{"line":97,"column":76}},"30":{"start":{"line":98,"column":6},"end":{"line":98,"column":15}},"31":{"start":{"line":100,"column":17},"end":{"line":100,"column":39}},"32":{"start":{"line":101,"column":4},"end":{"line":103,"column":5}},"33":{"start":{"line":102,"column":6},"end":{"line":102,"column":21}},"34":{"start":{"line":105,"column":2},"end":{"line":105,"column":13}},"35":{"start":{"line":112,"column":2},"end":{"line":141,"column":5}},"36":{"start":{"line":113,"column":23},"end":{"line":113,"column":31}},"37":{"start":{"line":114,"column":23},"end":{"line":114,"column":31}},"38":{"start":{"line":115,"column":23},"end":{"line":115,"column":31}},"39":{"start":{"line":116,"column":24},"end":{"line":116,"column":32}},"40":{"start":{"line":117,"column":26},"end":{"line":117,"column":34}},"41":{"start":{"line":118,"column":31},"end":{"line":118,"column":39}},"42":{"start":{"line":119,"column":4},"end":{"line":132,"column":5}},"43":{"start":{"line":127,"column":6},"end":{"line":130,"column":8}},"44":{"start":{"line":131,"column":6},"end":{"line":131,"column":18}},"45":{"start":{"line":133,"column":4},"end":{"line":140,"column":6}},"46":{"start":{"line":148,"column":2},"end":{"line":194,"column":5}},"47":{"start":{"line":149,"column":22},"end":{"line":149,"column":30}},"48":{"start":{"line":150,"column":20},"end":{"line":150,"column":28}},"49":{"start":{"line":151,"column":19},"end":{"line":151,"column":27}},"50":{"start":{"line":152,"column":19},"end":{"line":152,"column":27}},"51":{"start":{"line":153,"column":20},"end":{"line":153,"column":28}},"52":{"start":{"line":154,"column":4},"end":{"line":166,"column":5}},"53":{"start":{"line":161,"column":6},"end":{"line":164,"column":8}},"54":{"start":{"line":165,"column":6},"end":{"line":165,"column":18}},"55":{"start":{"line":167,"column":36},"end":{"line":167,"column":50}},"56":{"start":{"line":168,"column":30},"end":{"line":168,"column":44}},"57":{"start":{"line":169,"column":33},"end":{"line":169,"column":48}},"58":{"start":{"line":171,"column":4},"end":{"line":182,"column":5}},"59":{"start":{"line":177,"column":6},"end":{"line":180,"column":8}},"60":{"start":{"line":181,"column":6},"end":{"line":181,"column":18}},"61":{"start":{"line":184,"column":28},"end":{"line":184,"column":71}},"62":{"start":{"line":185,"column":4},"end":{"line":193,"column":6}}},"fnMap":{"0":{"name":"splitLines","decl":{"start":{"line":45,"column":9},"end":{"line":45,"column":19}},"loc":{"start":{"line":45,"column":31},"end":{"line":50,"column":1}}},"1":{"name":"(anonymous_1)","decl":{"start":{"line":48,"column":9},"end":{"line":48,"column":10}},"loc":{"start":{"line":48,"column":16},"end":{"line":48,"column":24}}},"2":{"name":"(anonymous_2)","decl":{"start":{"line":49,"column":12},"end":{"line":49,"column":13}},"loc":{"start":{"line":49,"column":19},"end":{"line":49,"column":31}}},"3":{"name":"splitRow","decl":{"start":{"line":52,"column":9},"end":{"line":52,"column":17}},"loc":{"start":{"line":52,"column":30},"end":{"line":54,"column":1}}},"4":{"name":"(anonymous_4)","decl":{"start":{"line":53,"column":29},"end":{"line":53,"column":30}},"loc":{"start":{"line":53,"column":39},"end":{"line":53,"column":50}}},"5":{"name":"assertHeader","decl":{"start":{"line":56,"column":9},"end":{"line":56,"column":21}},"loc":{"start":{"line":59,"column":20},"end":{"line":69,"column":1}}},"6":{"name":"(anonymous_6)","decl":{"start":{"line":63,"column":19},"end":{"line":63,"column":20}},"loc":{"start":{"line":63,"column":31},"end":{"line":63,"column":48}}},"7":{"name":"toBand","decl":{"start":{"line":71,"column":9},"end":{"line":71,"column":15}},"loc":{"start":{"line":71,"column":29},"end":{"line":75,"column":1}}},"8":{"name":"parseCsv","decl":{"start":{"line":80,"column":9},"end":{"line":80,"column":17}},"loc":{"start":{"line":84,"column":56},"end":{"line":106,"column":1}}},"9":{"name":"parseSeats","decl":{"start":{"line":111,"column":16},"end":{"line":111,"column":26}},"loc":{"start":{"line":111,"column":38},"end":{"line":142,"column":1}}},"10":{"name":"(anonymous_10)","decl":{"start":{"line":112,"column":50},"end":{"line":112,"column":51}},"loc":{"start":{"line":112,"column":66},"end":{"line":141,"column":3}}},"11":{"name":"parseSensors","decl":{"start":{"line":147,"column":16},"end":{"line":147,"column":28}},"loc":{"start":{"line":147,"column":40},"end":{"line":195,"column":1}}},"12":{"name":"(anonymous_12)","decl":{"start":{"line":148,"column":54},"end":{"line":148,"column":55}},"loc":{"start":{"line":148,"column":70},"end":{"line":194,"column":3}}}},"branchMap":{"0":{"loc":{"start":{"line":62,"column":4},"end":{"line":63,"column":49}},"type":"binary-expr","locations":[{"start":{"line":62,"column":4},"end":{"line":62,"column":37}},{"start":{"line":63,"column":4},"end":{"line":63,"column":49}}]},"1":{"loc":{"start":{"line":64,"column":2},"end":{"line":68,"column":3}},"type":"if","locations":[{"start":{"line":64,"column":2},"end":{"line":68,"column":3}}]},"2":{"loc":{"start":{"line":72,"column":2},"end":{"line":72,"column":32}},"type":"if","locations":[{"start":{"line":72,"column":2},"end":{"line":72,"column":32}}]},"3":{"loc":{"start":{"line":73,"column":2},"end":{"line":73,"column":35}},"type":"if","locations":[{"start":{"line":73,"column":2},"end":{"line":73,"column":35}}]},"4":{"loc":{"start":{"line":87,"column":2},"end":{"line":87,"column":36}},"type":"if","locations":[{"start":{"line":87,"column":2},"end":{"line":87,"column":36}}]},"5":{"loc":{"start":{"line":90,"column":2},"end":{"line":90,"column":42}},"type":"if","locations":[{"start":{"line":90,"column":2},"end":{"line":90,"column":42}}]},"6":{"loc":{"start":{"line":96,"column":4},"end":{"line":99,"column":5}},"type":"if","locations":[{"start":{"line":96,"column":4},"end":{"line":99,"column":5}}]},"7":{"loc":{"start":{"line":101,"column":4},"end":{"line":103,"column":5}},"type":"if","locations":[{"start":{"line":101,"column":4},"end":{"line":103,"column":5}}]},"8":{"loc":{"start":{"line":119,"column":4},"end":{"line":132,"column":5}},"type":"if","locations":[{"start":{"line":119,"column":4},"end":{"line":132,"column":5}}]},"9":{"loc":{"start":{"line":120,"column":6},"end":{"line":125,"column":38}},"type":"binary-expr","locations":[{"start":{"line":120,"column":6},"end":{"line":120,"column":30}},{"start":{"line":121,"column":6},"end":{"line":121,"column":30}},{"start":{"line":122,"column":6},"end":{"line":122,"column":30}},{"start":{"line":123,"column":6},"end":{"line":123,"column":31}},{"start":{"line":124,"column":6},"end":{"line":124,"column":33}},{"start":{"line":125,"column":6},"end":{"line":125,"column":38}}]},"10":{"loc":{"start":{"line":154,"column":4},"end":{"line":166,"column":5}},"type":"if","locations":[{"start":{"line":154,"column":4},"end":{"line":166,"column":5}}]},"11":{"loc":{"start":{"line":155,"column":6},"end":{"line":159,"column":27}},"type":"binary-expr","locations":[{"start":{"line":155,"column":6},"end":{"line":155,"column":29}},{"start":{"line":156,"column":6},"end":{"line":156,"column":27}},{"start":{"line":157,"column":6},"end":{"line":157,"column":26}},{"start":{"line":158,"column":6},"end":{"line":158,"column":26}},{"start":{"line":159,"column":6},"end":{"line":159,"column":27}}]},"12":{"loc":{"start":{"line":171,"column":4},"end":{"line":182,"column":5}},"type":"if","locations":[{"start":{"line":171,"column":4},"end":{"line":182,"column":5}}]},"13":{"loc":{"start":{"line":172,"column":6},"end":{"line":175,"column":28}},"type":"binary-expr","locations":[{"start":{"line":172,"column":6},"end":{"line":172,"column":47}},{"start":{"line":173,"column":6},"end":{"line":173,"column":41}},{"start":{"line":174,"column":6},"end":{"line":174,"column":44}},{"start":{"line":175,"column":6},"end":{"line":175,"column":28}}]}},"s":{"0":3,"1":3,"2":3,"3":3,"4":10,"5":21,"6":21,"7":16,"8":75,"9":6,"10":25,"11":6,"12":1,"13":7,"14":2,"15":5,"16":3,"17":2,"18":10,"19":10,"20":4,"21":6,"22":6,"23":0,"24":6,"25":5,"26":5,"27":10,"28":10,"29":1,"30":1,"31":9,"32":9,"33":7,"34":5,"35":3,"36":0,"37":0,"38":0,"39":0,"40":0,"41":0,"42":0,"43":0,"44":0,"45":0,"46":7,"47":9,"48":9,"49":9,"50":9,"51":9,"52":9,"53":0,"54":0,"55":9,"56":9,"57":9,"58":9,"59":2,"60":2,"61":7,"62":7},"f":{"0":10,"1":21,"2":21,"3":16,"4":75,"5":6,"6":25,"7":7,"8":10,"9":3,"10":0,"11":7,"12":9},"b":{"0":[6,5],"1":[1],"2":[2],"3":[3],"4":[4],"5":[0],"6":[1],"7":[7],"8":[0],"9":[0,0,0,0,0,0],"10":[0],"11":[9,9,9,9,9],"12":[2],"13":[9,8,8,8]}}
,"C:\\Users\\Manan Shah\\Downloads\\stadium-smartguide\\src\\utils\\promptEngine.ts": {"path":"C:\\Users\\Manan Shah\\Downloads\\stadium-smartguide\\src\\utils\\promptEngine.ts","statementMap":{"0":{"start":{"line":28,"column":0},"end":{"line":28,"column":16}},"1":{"start":{"line":36,"column":0},"end":{"line":36,"column":16}},"2":{"start":{"line":106,"column":0},"end":{"line":106,"column":16}},"3":{"start":{"line":132,"column":0},"end":{"line":132,"column":16}},"4":{"start":{"line":11,"column":20},"end":{"line":18,"column":88}},"5":{"start":{"line":29,"column":2},"end":{"line":33,"column":12}},"6":{"start":{"line":37,"column":17},"end":{"line":37,"column":52}},"7":{"start":{"line":38,"column":22},"end":{"line":38,"column":65}},"8":{"start":{"line":40,"column":25},"end":{"line":42,"column":26}},"9":{"start":{"line":41,"column":19},"end":{"line":41,"column":46}},"10":{"start":{"line":42,"column":16},"end":{"line":42,"column":25}},"11":{"start":{"line":44,"column":30},"end":{"line":49,"column":43}},"12":{"start":{"line":51,"column":18},"end":{"line":78,"column":4}},"13":{"start":{"line":80,"column":2},"end":{"line":97,"column":47}},"14":{"start":{"line":107,"column":18},"end":{"line":107,"column":53}},"15":{"start":{"line":108,"column":15},"end":{"line":108,"column":54}},"16":{"start":{"line":110,"column":2},"end":{"line":125,"column":30}},"17":{"start":{"line":133,"column":23},"end":{"line":133,"column":73}},"18":{"start":{"line":133,"column":49},"end":{"line":133,"column":72}},"19":{"start":{"line":135,"column":2},"end":{"line":146,"column":30}}},"fnMap":{"0":{"name":"sanitizeField","decl":{"start":{"line":28,"column":16},"end":{"line":28,"column":29}},"loc":{"start":{"line":28,"column":57},"end":{"line":34,"column":1}}},"1":{"name":"buildWayfindingPrompt","decl":{"start":{"line":36,"column":16},"end":{"line":36,"column":37}},"loc":{"start":{"line":36,"column":60},"end":{"line":98,"column":1}}},"2":{"name":"(anonymous_2)","decl":{"start":{"line":41,"column":12},"end":{"line":41,"column":13}},"loc":{"start":{"line":41,"column":19},"end":{"line":41,"column":46}}},"3":{"name":"(anonymous_3)","decl":{"start":{"line":42,"column":9},"end":{"line":42,"column":10}},"loc":{"start":{"line":42,"column":16},"end":{"line":42,"column":25}}},"4":{"name":"buildAssistantPrompt","decl":{"start":{"line":106,"column":16},"end":{"line":106,"column":36}},"loc":{"start":{"line":106,"column":58},"end":{"line":126,"column":1}}},"5":{"name":"buildCrowdAnalyticsPrompt","decl":{"start":{"line":132,"column":16},"end":{"line":132,"column":41}},"loc":{"start":{"line":132,"column":68},"en
[...]
end":{"line":38,"column":24}},"15":{"start":{"line":38,"column":12},"end":{"line":38,"column":24}},"16":{"start":{"line":39,"column":2},"end":{"line":42,"column":3}},"17":{"start":{"line":40,"column":4},"end":{"line":40,"column":30}},"18":{"start":{"line":41,"column":4},"end":{"line":41,"column":16}},"19":{"start":{"line":43,"column":2},"end":{"line":43,"column":19}},"20":{"start":{"line":47,"column":2},"end":{"line":47,"column":74}},"21":{"start":{"line":58,"column":0},"end":{"line":58,"column":13}},"22":{"start":{"line":59,"column":0},"end":{"line":59,"column":13}},"23":{"start":{"line":69,"column":55},"end":{"line":69,"column":59}},"24":{"start":{"line":71,"column":2},"end":{"line":74,"column":3}},"25":{"start":{"line":72,"column":19},"end":{"line":72,"column":37}},"26":{"start":{"line":73,"column":4},"end":{"line":73,"column":30}},"27":{"start":{"line":73,"column":16},"end":{"line":73,"column":30}},"28":{"start":{"line":77,"column":2},"end":{"line":238,"column":3}},"29":{"start":{"line":78,"column":4},"end":{"line":153,"column":5}},"30":{"start":{"line":79,"column":54},"end":{"line":86,"column":8}},"31":{"start":{"line":88,"column":26},"end":{"line":97,"column":7}},"32":{"start":{"line":89,"column":8},"end":{"line":90,"column":36}},"33":{"start":{"line":90,"column":10},"end":{"line":90,"column":36}},"34":{"start":{"line":91,"column":8},"end":{"line":95,"column":36}},"35":{"start":{"line":95,"column":10},"end":{"line":95,"column":36}},"36":{"start":{"line":96,"column":8},"end":{"line":96,"column":22}},"37":{"start":{"line":99,"column":27},"end":{"line":99,"column":51}},"38":{"start":{"line":100,"column":26},"end":{"line":100,"column":69}},"39":{"start":{"line":102,"column":26},"end":{"line":102,"column":71}},"40":{"start":{"line":103,"column":24},"end":{"line":103,"column":74}},"41":{"start":{"line":104,"column":26},"end":{"line":105,"column":null}},"42":{"start":{"line":109,"column":8},"end":{"line":109,"column":70}},"43":{"start":{"line":111,"column":8},"end":{"line":111,"column":68}},"44":{"start":{"line":112,"column":36},"end":{"line":112,"column":76}},"45":{"start":{"line":114,"column":6},"end":{"line":119,"column":7}},"46":{"start":{"line":116,"column":8},"end":{"line":116,"column":51}},"47":{"start":{"line":117,"column":8},"end":{"line":117,"column":60}},"48":{"start":{"line":118,"column":8},"end":{"line":118,"column":60}},"49":{"start":{"line":121,"column":24},"end":{"line":121,"column":46}},"50":{"start":{"line":122,"column":22},"end":{"line":122,"column":42}},"51":{"start":{"line":125,"column":32},"end":{"line":125,"column":45}},"52":{"start":{"line":126,"column":22},"end":{"line":126,"column":50}},"53":{"start":{"line":127,"column":21},"end":{"line":127,"column":41}},"54":{"start":{"line":129,"column":6},"end":{"line":146,"column":7}},"55":{"start":{"line":130,"column":21},"end":{"line":130,"column":34}},"56":{"start":{"line":131,"column":8},"end":{"line":145,"column":9}},"57":{"start":{"line":132,"column":23},"end":{"line":132,"column":44}},"58":{"start":{"line":133,"column":10},"end":{"line":133,"column":43}},"59":{"start":{"line":133,"column":34},"end":{"line":133,"column":43}},"60":{"start":{"line":134,"column":10},"end":{"line":137,"column":11}},"61":{"start":{"line":135,"column":12},"end":{"line":135,"column":28}},"62":{"start":{"line":136,"column":12},"end":{"line":136,"column":18}},"63":{"start":{"line":138,"column":28},"end":{"line":138,"column":53}},"64":{"start":{"line":139,"column":10},"end":{"line":144,"column":11}},"65":{"start":{"line":140,"column":12},"end":{"line":143,"column":13}},"66":{"start":{"line":141,"column":14},"end":{"line":141,"column":36}},"67":{"start":{"line":142,"column":14},"end":{"line":142,"column":46}},"68":{"start":{"line":148,"column":6},"end":{"line":152,"column":9}},"69":{"start":{"line":154,"column":4},"end":{"line":223,"column":5}},"70":{"start":{"line":155,"column":23},"end":{"line":155,"column":65}},"71":{"start":{"line":156,"column":22},"end":{"line":156,"column":78}},"72":{"start":{"line":159,"column":8},"end":{"line":159,"column":146}},"73":{"start":{"line":160,"column":65},"end":{"line":160,"column":69}},"74":{"start":{"line":162,"column":6},"end":{"line":216,"column":7}},"75":{"start":{"line":168,"column":8},"end":{"line":169,"column":126}},"76":{"start":{"line":170,"column":8},"end":{"line":170,"column":74}},"77":{"start":{"line":171,"column":13},"end":{"line":216,"column":7}},"78":{"start":{"line":177,"column":8},"end":{"line":178,"column":130}},"79":{"start":{"line":179,"column":8},"end":{"line":179,"column":73}},"80":{"start":{"line":180,"column":13},"end":{"line":216,"column":7}},"81":{"start":{"line":186,"column":8},"end":{"line":187,"column":134}},"82":{"start":{"line":188,"column":8},"end":{"line":188,"column":77}},"83":{"start":{"line":189,"column":13},"end":{"line":216,"column":7}},"84":{"start":{"line":195,"column":8},"end":{"line":196,"column":142}},"85":{"start":{"line":197,"column":13},"end":{"line":216,"column":7}},"86":{"start":{"line":205,"column":8},"end":{"line":206,"column":203}},"87":{"start":{"line":207,"column":8},"end":{"line":207,"column":77}},"88":{"start":{"line":208,"column":13},"end":{"line":216,"column":7}},"89":{"start":{"line":213,"column":8},"end":{"line":214,"column":119}},"90":{"start":{"line":215,"column":8},"end":{"line":215,"column":73}},"91":{"start":{"line":218,"column":6},"end":{"line":222,"column":9}},"92":{"start":{"line":224,"column":4},"end":{"line":236,"column":5}},"93":{"start":{"line":225,"column":6},"end":{"line":235,"column":9}},"94":{"start":{"line":237,"column":4},"end":{"line":237,"column":30}},"95":{"start":{"line":240,"column":16},"end":{"line":240,"column":74}},"96":{"start":{"line":242,"column":18},"end":{"line":247,"column":4}},"97":{"start":{"line":243,"column":4},"end":{"line":246,"column":6}},"98":{"start":{"line":244,"column":12},"end":{"line":244,"column":74}},"99":{"start":{"line":249,"column":2},"end":{"line":269,"column":3}},"100":{"start":{"line":250,"column":19},"end":{"line":255,"column":6}},"101":{"start":{"line":257,"column":17},"end":{"line":257,"column":76}},"102":{"start":{"line":258,"column":4},"end":{"line":260,"column":5}},"103":{"start":{"line":259,"column":6},"end":{"line":259,"column":79}},"104":{"start":{"line":262,"column":4},"end":{"line":262,"column":43}},"105":{"start":{"line":262,"column":18},"end":{"line":262,"column":43}},"106":{"start":{"line":263,"column":4},"end":{"line":263,"column":16}},"107":{"start":{"line":265,"column":4},"end":{"line":265,"column":53}},"108":{"start":{"line":265,"column":43},"end":{"line":265,"column":53}},"109":{"start":{"line":266,"column":4},"end":{"line":268,"column":6}}},"fnMap":{"0":{"name":"getVertex","decl":{"start":{"line":15,"column":9},"end":{"line":15,"column":18}},"loc":{"start":{"line":15,"column":18},"end":{"line":23,"column":1}}},"1":{"name":"cacheGet","decl":{"start":{"line":36,"column":9},"end":{"line":36,"column":17}},"loc":{"start":{"line":36,"column":29},"end":{"line":44,"column":1}}},"2":{"name":"cacheSet","decl":{"start":{"line":46,"column":9},"end":{"line":46,"column":17}},"loc":{"start":{"line":46,"column":44},"end":{"line":48,"column":1}}},"3":{"name":"generateStructuredJson","decl":{"start":{"line":66,"column":22},"end":{"line":66,"column":44}},"loc":{"start":{"line":67,"column":23},"end":{"line":270,"column":1}}},"4":{"name":"(anonymous_4)","decl":{"start":{"line":88,"column":26},"end":{"line":88,"column":27}},"loc":{"start":{"line":88,"column":53},"end":{"line":97,"column":7}}},"5":{"name":"(anonymous_5)","decl":{"start":{"line":242,"column":37},"end":{"line":242,"column":38}},"loc":{"start":{"line":242,"column":51},"end":{"line":247,"column":3}}},"6":{"name":"(anonymous_6)","decl":{"start":{"line":244,"column":6},"end":{"line":244,"column":9}},"loc":{"start":{"line":244,"column":12},"end":{"line":244,"column":74}}}},"branchMap":{"0":{"loc":{"start":{"line":10,"column":19},"end":{"line":10,"column":51}},"type":"binary-expr","locations":[{"start":{"line":10,"column":19},"end":{"line":10,"column":45}},{"start":{"line":10,"column":49},"end":{"line":10,"column":51}}]},"1":{"loc":{"start":{"line":11,"column":17},"end":{"line":11,"column":58}},"type":"binary-expr","locations":[{"start":{"line":11,"column":17},"end":{"line":11,"column":41}},{"start":{"line":11,"column":45},"end":{"line":11,"column":58}}]},"2":{"loc":{"start":{"line":16,"column":2},"end":{"line":21,"column":3}},"type":"if","locations":[{"start":{"line":16,"column":2},"end":{"line":21,"column":3}}]},"3":{"loc":{"start":{"line":17,"column":4},"end":{"line":19,"column":5}},"type":"if","locations":[{"start":{"line":17,"column":4},"end":{"line":19,"column":5}}]},"4":{"loc":{"start":{"line":38,"column":2},"end":{"line":38,"column":24}},"type":"if","locations":[{"start":{"line":38,"column":2},"end":{"line":38,"column":24}}]},"5":{"loc":{"start":{"line":39,"column":2},"end":{"line":42,"column":3}},"type":"if","locations":[{"start":{"line":39,"column":2},"end":{"line":42,"column":3}}]},"6":{"loc":{"start":{"line":69,"column":34},"end":{"line":69,"column":50}},"type":"default-arg","locations":[{"start":{"line":69,"column":46},"end":{"line":69,"column":50}}]},"7":{"loc":{"start":{"line":71,"column":2},"end":{"line":74,"column":3}},"type":"if","locations":[{"start":{"line":71,"column":2},"end":{"line":74,"column":3}}]},"8":{"loc":{"start":{"line":73,"column":4},"end":{"line":73,"column":30}},"type":"if","locations":[{"start":{"line":73,"column":4},"end":{"line":73,"column":30}}]},"9":{"loc":{"start":{"line":77,"column":2},"end":{"line":238,"column":3}},"type":"if","locations":[{"start":{"line":77,"column":2},"end":{"line":238,"column":3}}]},"10":{"loc":{"start":{"line":77,"column":6},"end":{"line":77,"column":72}},"type":"binary-expr","locations":[{"start":{"line":77,"column":6},"end":{"line":77,"column":33}},{"start":{"line":77,"column":37},"end":{"line":77,"column":72}}]},"11":{"loc":{"start":{"line":78,"column":4},"end":{"line":153,"column":5}},"type":"if","locations":[{"start":{"line":78,"column":4},"end":{"line":153,"column":5}}]},"12":{"loc":{"start":{"line":89,"column":8},"end":{"line":90,"column":36}},"type":"if","locations":[{"start":{"line":89,"column":8},"end":{"line":90,"column":36}}]},"13":{"loc":{"start":{"line":89,"column":12},"end":{"line":89,"column":77}},"type":"binary-expr","locations":[{"start":{"line":89,"column":12},"end":{"line":89,"column":39}},{"start":{"line":89,"column":43},"end":{"line":89,"column":77}}]},"14":{"loc":{"start":{"line":91,"column":8},"end":{"line":95,"column":36}},"type":"if","locations":[{"start":{"line":91,"column":8},"end":{"line":95,"column":36}}]},"15":{"loc":{"start":{"line":92,"column":10},"end":{"line":93,"column":44}},"type":"binary-expr","locations":[{"start":{"line":92,"column":10},"end":{"line":92,"column":40}},{"start":{"line":93,"column":10},"end":{"line":93,"column":44}}]},"16":{"loc":{"start":{"line":100,"column":26},"end":{"line":100,"column":69}},"type":"binary-expr","locations":[{"start":{"line":100,"column":26},"end":{"line":100,"column":63}},{"start":{"line":100,"column":67},"end":{"line":100,"column":69}}]},"17":{"loc":{"start":{"line":109,"column":8},"end":{"line":109,"column":70}},"type":"cond-expr","locations":[{"start":{"line":109,"column":40},"end":{"line":109,"column":54}},{"start":{"line":109,"column":57},"end":{"line":109,"column":70}}]},"18":{"loc":{"start":{"line":109,"column":8},"end":{"line":109,"column":37}},"type":"binary-expr","locations":[{"start":{"line":109,"column":8},"end":{"line":109,"column":19}},{"start":{"line":109,"column":23},"end":{"line":109,"column":37}}]},"19":{"loc":{"start":{"line":111,"column":8},"end":{"line":111,"column":68}},"type":"cond-expr","locations":[{"start":{"line":111,"column":36},"end":{"line":111,"column":48}},{"start":{"line":111,"column":51},"end":{"line":111,"column":68}}]},"20":{"loc":{"start":{"line":111,"column":8},"end":{"line":111,"column":33}},"type":"binary-expr","locations":[{"start":{"line":111,"column":8},"end":{"line":111,"column":17}},{"start":{"line":111,"column":21},"end":{"line":111,"column":33}}]},"21":{"loc":{"start":{"line":112,"column":36},"end":{"line":112,"column":76}},"type":"binary-expr","locations":[{"start":{"line":112,"column":36},"end":{"line":112,"column":47}},{"start":{"line":112,"column":51},"end":{"line":112,"column":76}}]},"22":{"loc":{"start":{"line":114,"column":6},"end":{"line":119,"column":7}},"type":"if","locations":[{"start":{"line":114,"column":6},"end":{"line":119,"column":7}}]},"23":{"loc":{"start":{"line":131,"column":8},"end":{"line":145,"column":9}},"type":"if","locations":[{"start":{"line":131,"column":8},"end":{"line":145,"column":9}}]},"24":{"loc":{"start":{"line":133,"column":10},"end":{"line":133,"column":43}},"type":"if","locations":[{"start":{"line":133,"column":10},"end":{"line":133,"column":43}}]},"25":{"loc":{"start":{"line":134,"column":10},"end":{"line":137,"column":11}},"type":"if","locations":[{"start":{"line":134,"column":10},"end":{"line":137,"column":11}}]},"26":{"loc":{"start":{"line":138,"column":28},"end":{"line":138,"column":53}},"type":"binary-expr","locations":[{"start":{"line":138,"column":28},"end":{"line":138,"column":47}},{"start":{"line":138,"column":51},"end":{"line":138,"column":53}}]},"27":{"loc":{"start":{"line":140,"column":12},"end":{"line":143,"column":13}},"type":"if","locations":[{"start":{"line":140,"column":12},"end":{"line":143,"column":13}}]},"28":{"loc":{"start":{"line":154,"column":4},"end":{"line":223,"column":5}},"type":"if","locations":[{"start":{"line":154,"column":4},"end":{"line":223,"column":5}}]},"29":{"loc":{"start":{"line":156,"column":22},"end":{"line":156,"column":78}},"type":"cond-expr","locations":[{"start":{"line":156,"column":48},"end":{"line":156,"column":73}},{"start":{"line":156,"column":76},"end":{"line":156,"column":78}}]},"30":{"loc":{"start":{"line":156,"column":22},"end":{"line":156,"column":45}},"type":"binary-expr","locations":[{"start":{"line":156,"column":22},"end":{"line":156,"column":30}},{"start":{"line":156,"column":34},"end":{"line":156,"column":45}}]},"31":{"loc":{"start":{"line":162,"column":6},"end":{"line":216,"column":7}},"type":"if","locations":[{"start":{"line":162,"column":6},"end":{"line":216,"column":7}},{"start":{"line":171,"column":13},"end":{"line":216,"column":7}}]},"32":{"loc":{"start":{"line":163,"column":8},"end":{"line":166,"column":32}},"type":"binary-expr","locations":[{"start":{"line":163,"column":8},"end":{"line":163,"column":38}},{"start":{"line":164,"column":8},"end":{"line":164,"column":34}},{"start":{"line":165,"column":8},"end":{"line":165,"column":36}},{"start":{"line":166,"column":8},"end":{"line":166,"column":32}}]},"33":{"loc":{"start":{"line":171,"column":13},"end":{"line":216,"column":7}},"type":"if","locations":[{"start":{"line":171,"column":13},"end":{"line":216,"column":7}},{"start":{"line":180,"column":13},"end":{"line":216,"column":7}}]},"34":{"loc":{"start":{"line":172,"column":8},"end":{"line":175,"column":36}},"type":"binary-expr","locations":[{"start":{"line":172,"column":8},"end":{"line":172,"column":36}},{"start":{"line":173,"column":8},"end":{"line":173,"column":36}},{"start":{"line":174,"column":8},"end":{"line":174,"column":34}},{"start":{"line":175,"column":8},"end":{"line":175,"column":36}}]},"35":{"loc":{"start":{"line":180,"column":13},"end":{"line":216,"column":7}},"type":"if","locations":[{"start":{"line":180,"column":13},"end":{"line":216,"column":7}},{"start":{"line":189,"column":13},"end":{"line":216,"column":7}}]},"36":{"loc":{"start":{"line":181,"column":8},"end":{"line":184,"column":37}},"type":"binary-expr","locations":[{"start":{"line":181,"column":8},"end":{"line":181,"column":33}},{"start":{"line":182,"column":8},"end":{"line":182,"column":34}},{"start":{"line":183,"column":8},"end":{"line":183,"column":33}},{"start":{"line":184,"column":8},"end":{"line":184,"column":37}}]},"37":{"loc":{"start":{"line":189,"column":13},"end":{"line":216,"column":7}},"type":"if","locations":[{"start":{"line":189,"column":13},"end":{"line":216,"column":7}},{"start":{"line":197,"column":13},"end":{"line":216,"column":7}}]},"38":{"loc":{"start":{"line":190,"column":8},"end":{"line":193,"column":34}},"type":"binary-expr","locations":[{"start":{"line":190,"column":8},"end":{"line":190,"column":31}},{"start":{"line":191,"column":8},"end":{"line":191,"column":36}},{"start":{"line":192,"column":8},"end":{"line":192,"column":32}},{"start":{"line":193,"column":8},"end":{"line":193,"column":34}}]},"39":{"loc":{"start":{"line":197,"column":13},"end":{"line":216,"column":7}},"type":"if","locations":[{"start":{"line":197,"column":13},"end":{"line":216,"column":7}},{"start":{"line":208,"column":13},"end":{"line":216,"column":7}}]},"40":{"loc":{"start":{"line":198,"column":8},"end":{"line":203,"column":32}},"type":"binary-expr","locations":[{"start":{"line":198,"column":8},"end":{"line":198,"column":32}},{"start":{"line":199,"column":8},"end":{"line":199,"column":31}},{"start":{"line":200,"column":8},"end":{"line":200,"column":38}},{"start":{"line":201,"column":8},"end":{"line":201,"column":32}},{"start":{"line":202,"column":8},"end":{"line":202,"column":33}},{"start":{"line":203,"column":8},"end":{"line":203,"column":32}}]},"41":{"loc":{"start":{"line":208,"column":13},"end":{"line":216,"column":7}},"type":"if","locations":[{"start":{"line":208,"column":13},"end":{"line":216,"column":7}}]},"42":{"loc":{"start":{"line":209,"column":8},"end":{"line":211,"column":32}},"type":"binary-expr","locations":[{"start":{"line":209,"column":8},"end":{"line":209,"column":32}},{"start":{"line":210,"column":8},"end":{"line":210,"column":33}},{"start":{"line":211,"column":8},"end":{"line":211,"column":32}}]},"43":{"loc":{"start":{"line":224,"column":4},"end":{"line":236,"column":5}},"type":"if","locations":[{"start":{"line":224,"column":4},"end":{"line":236,"column":5}}]},"44":{"loc":{"start":{"line":258,"column":4},"end":{"line":260,"column":5}},"type":"if","locations":[{"start":{"line":258,"column":4},"end":{"line":260,"column":5}}]},"45":{"loc":{"start":{"line":262,"column":4},"end":{"line":262,"column":43}},"type":"if","locations":[{"start":{"line":262,"column":4},"end":{"line":262,"column":43}}]},"46":{"loc":{"start":{"line":265,"column":4},"end":{"line":265,"column":53}},"type":"if","locations":[{"start":{"line":265,"column":4},"end":{"line":265,"column":53}}]},"47":{"loc":{"start":{"line":267,"column":6},"end":{"line":267,"column":69}},"type":"cond-expr","locations":[{"start":{"line":267,"column":29},"end":{"line":267,"column":40}},{"start":{"line":267,"column":43},"end":{"line":267,"column":69}}]}},"s":{"0":3,"1":3,"2":3,"3":3,"4":3,"5":2,"6":1,"7":0,"8":1,"9":2,"10":3,"11":3,"12":3,"13":2,"14":2,"15":1,"16":1,"17":0,"18":0,"19":1,"20":1,"21":3,"22":3,"23":12,"24":12,"25":2,"26":2,"27":1,"28":11,"29":9,"30":2,"31":2,"32":4,"33":2,"34":2,"35":0,"36":2,"37":2,"38":2,"39":2,"40":2,"41":2,"42":2,"43":2,"44":2,"45":2,"46":1,"47":1,"48":1,"49":2,"50":2,"51":2,"52":2,"53":2,"54":2,"55":9,"56":9,"57":9,"58":9,"59":0,"60":9,"61":2,"62":2,"63":7,"64":7,"65":13,"66":8,"67":8,"68":2,"69":7,"70":6,"71":6,"72":6,"73":6,"74":6,"75":1,"76":1,"77":5,"78":1,"79":1,"80":4,"81":1,"82":1,"83":3,"84":1,"85":2,"86":1,"87":1,"88":1,"89":1,"90":1,"91":6,"92":1,"93":1,"94":0,"95":2,"96":2,"97":2,"98":1,"99":2,"100":2,"101":1,"102":1,"103":0,"104":1,"105":1,"106":1,"107":1,"108":1,"109":0},"f":{"0":2,"1":2,"2":1,"3":12,"4":4,"5":2,"6":1},"b":{"0":[3,1],"1":[3,2],"2":[1],"3":[0],"4":[1],"5":[0],"6":[11],"7":[2],"8":[1],"9":[9],"10":[11,2],"11":[2],"12":[2],"13":[4,2],"14":[0],"15":[2,2],"16":[2,0],"17":[2,0],"18":[2,2],"19":[2,0],"20":[2,2],"21":[2,2],"22":[1],"23":[9],"24":[0],"25":[2],"26":[7,0],"27":[8],"28":[6],"29":[6,0],"30":[6,6],"31":[1,5],"32":[6,5,5,5],"33":[1,4],"34":[5,4,4,4],"35":[1,3],"36":[4,3,3,3],"37":[1,2],"38":[3,2,2,2],"39":[1,1],"40":[2,1,1,1,1,1],"41":[1],"42":[1,0,0],"43":[1],"44":[0],"45":[1],"46":[1],"47":[0,0]}}
}
