{
  "C:\\Users\\Manan Shah\\Downloads\\stadium-smartguide\\src\\app\\page.tsx": {
    "path": "C:\\Users\\Manan Shah\\Downloads\\stadium-smartguide\\src\\app\\page.tsx",
    "statementMap": {
      "0": {
        "start": { "line": 55, "column": 0 },
        "end": { "line": 55, "column": 24 }
      },
      "1": {
        "start": { "line": 3, "column": 0 },
        "end": { "line": 3, "column": 44 }
      },
      "2": {
        "start": { "line": 4, "column": 0 },
        "end": { "line": 4, "column": 31 }
      },
      "3": {
        "start": { "line": 5, "column": 0 },
        "end": { "line": 5, "column": null }
      },
      "4": {
        "start": { "line": 34, "column": 0 },
        "end": { "line": 34, "column": 43 }
      },
      "5": {
        "start": { "line": 35, "column": 0 },
        "end": { "line": 35, "column": 55 }
      },
      "6": {
        "start": { "line": 36, "column": 0 },
        "end": { "line": 36, "column": 53 }
      },
      "7": {
        "start": { "line": 37, "column": 0 },
        "end": { "line": 37, "column": 43 }
      },
      "8": {
        "start": { "line": 38, "column": 0 },
        "end": { "line": 38, "column": 60 }
      },
      "9": {
        "start": { "line": 39, "column": 0 },
        "end": { "line": 39, "column": 57 }
      },
      "10": {
        "start": { "line": 40, "column": 0 },
        "end": { "line": 40, "column": 51 }
      },
      "11": {
        "start": { "line": 44, "column": 24 },
        "end": { "line": 53, "column": 2 }
      },
      "12": {
        "start": { "line": 56, "column": 30 },
        "end": { "line": 56, "column": 53 }
      },
      "13": {
        "start": { "line": 57, "column": 40 },
        "end": { "line": 57, "column": 67 }
      },
      "14": {
        "start": { "line": 58, "column": 52 },
        "end": { "line": 58, "column": 67 }
      },
      "15": {
        "start": { "line": 59, "column": 48 },
        "end": { "line": 59, "column": 63 }
      },
      "16": {
        "start": { "line": 60, "column": 38 },
        "end": { "line": 60, "column": 60 }
      },
      "17": {
        "start": { "line": 61, "column": 32 },
        "end": { "line": 61, "column": 47 }
      },
      "18": {
        "start": { "line": 62, "column": 38 },
        "end": { "line": 62, "column": 67 }
      },
      "19": {
        "start": { "line": 63, "column": 36 },
        "end": { "line": 63, "column": 62 }
      },
      "20": {
        "start": { "line": 64, "column": 37 },
        "end": { "line": 64, "column": 55 }
      },
      "21": {
        "start": { "line": 65, "column": 18 },
        "end": { "line": 65, "column": 37 }
      },
      "22": {
        "start": { "line": 67, "column": 4 },
        "end": { "line": 67, "column": 26 }
      },
      "23": {
        "start": { "line": 68, "column": 52 },
        "end": { "line": 68, "column": 67 }
      },
      "24": {
        "start": { "line": 69, "column": 28 },
        "end": { "line": 80, "column": 4 }
      },
      "25": {
        "start": { "line": 82, "column": 20 },
        "end": { "line": 89, "column": 3 }
      },
      "26": {
        "start": { "line": 83, "column": 4 },
        "end": { "line": 88, "column": 7 }
      },
      "27": {
        "start": { "line": 91, "column": 21 },
        "end": { "line": 99, "column": 3 }
      },
      "28": {
        "start": { "line": 92, "column": 4 },
        "end": { "line": 98, "column": 7 }
      },
      "29": {
        "start": { "line": 101, "column": 2 },
        "end": { "line": 112, "column": 9 }
      },
      "30": {
        "start": { "line": 102, "column": 30 },
        "end": { "line": 107, "column": 5 }
      },
      "31": {
        "start": { "line": 103, "column": 26 },
        "end": { "line": 103, "column": 63 }
      },
      "32": {
        "start": { "line": 104, "column": 6 },
        "end": { "line": 106, "column": 7 }
      },
      "33": {
        "start": { "line": 105, "column": 8 },
        "end": { "line": 105, "column": 46 }
      },
      "34": {
        "start": { "line": 108, "column": 4 },
        "end": { "line": 108, "column": 68 }
      },
      "35": {
        "start": { "line": 109, "column": 4 },
        "end": { "line": 111, "column": 6 }
      },
      "36": {
        "start": { "line": 110, "column": 6 },
        "end": { "line": 110, "column": 73 }
      },
      "37": {
        "start": { "line": 117, "column": 4 },
        "end": { "line": 117, "column": 21 }
      },
      "38": {
        "start": { "line": 118, "column": 4 },
        "end": { "line": 118, "column": 24 }
      },
      "39": {
        "start": { "line": 119, "column": 4 },
        "end": { "line": 154, "column": 5 }
      },
      "40": {
        "start": { "line": 120, "column": 18 },
        "end": { "line": 128, "column": 8 }
      },
      "41": {
        "start": { "line": 129, "column": 6 },
        "end": { "line": 132, "column": 7 }
      },
      "42": {
        "start": { "line": 130, "column": 21 },
        "end": { "line": 130, "column": 55 }
      },
      "43": {
        "start": { "line": 130, "column": 51 },
        "end": { "line": 130, "column": 53 }
      },
      "44": {
        "start": { "line": 131, "column": 8 },
        "end": { "line": 131, "column": 57 }
      },
      "45": {
        "start": { "line": 133, "column": 19 },
        "end": { "line": 133, "column": 35 }
      },
      "46": {
        "start": { "line": 134, "column": 29 },
        "end": { "line": 134, "column": 70 }
      },
      "47": {
        "start": { "line": 135, "column": 6 },
        "end": { "line": 135, "column": 26 }
      },
      "48": {
        "start": { "line": 137, "column": 6 },
        "end": { "line": 147, "column": 7 }
      },
      "49": {
        "start": { "line": 143, "column": 43 },
        "end": { "line": 143, "column": 77 }
      },
      "50": {
        "start": { "line": 144, "column": 21 },
        "end": { "line": 144, "column": 132 }
      },
      "51": {
        "start": { "line": 145, "column": 26 },
        "end": { "line": 145, "column": 60 }
      },
      "52": {
        "start": { "line": 146, "column": 8 },
        "end": { "line": 146, "column": 48 }
      },
      "53": {
        "start": { "line": 149, "column": 6 },
        "end": { "line": 151, "column": 8 }
      },
      "54": {
        "start": { "line": 153, "column": 6 },
        "end": { "line": 153, "column": 24 }
      },
      "55": {
        "start": { "line": 158, "column": 26 },
        "end": { "line": 165, "column": 3 }
      },
      "56": {
        "start": { "line": 159, "column": 4 },
        "end": { "line": 159, "column": 60 }
      },
      "57": {
        "start": { "line": 159, "column": 48 },
        "end": { "line": 159, "column": 60 }
      },
      "58": {
        "start": { "line": 160, "column": 39 },
        "end": { "line": 160, "column": 79 }
      },
      "59": {
        "start": { "line": 161, "column": 4 },
        "end": { "line": 164, "column": 6 }
      },
      "60": {
        "start": { "line": 167, "column": 23 },
        "end": { "line": 167, "column": 40 }
      },
      "61": {
        "start": { "line": 170, "column": 4 },
        "end": { "line": 358, "column": null }
      },
      "62": {
        "start": { "line": 192, "column": 31 },
        "end": { "line": 192, "column": 56 }
      },
      "63": {
        "start": { "line": 196, "column": 16 },
        "end": { "line": 197, "column": null }
      },
      "64": {
        "start": { "line": 232, "column": 31 },
        "end": { "line": 232, "column": 61 }
      },
      "65": {
        "start": { "line": 236, "column": 16 },
        "end": { "line": 237, "column": null }
      },
      "66": {
        "start": { "line": 270, "column": 27 },
        "end": { "line": 270, "column": 67 }
      },
      "67": {
        "start": { "line": 295, "column": 27 },
        "end": { "line": 295, "column": 63 }
      },
      "68": {
        "start": { "line": 312, "column": 23 },
        "end": { "line": 312, "column": 45 }
      },
      "69": {
        "start": { "line": 362, "column": 2 },
        "end": { "line": 685, "column": 4 }
      },
      "70": {
        "start": { "line": 404, "column": 18 },
        "end": { "line": 404, "column": 76 }
      },
      "71": {
        "start": { "line": 413, "column": 18 },
        "end": { "line": 415, "column": 21 }
      },
      "72": {
        "start": { "line": 414, "column": 20 },
        "end": { "line": 414, "column": 65 }
      },
      "73": {
        "start": { "line": 424, "column": 30 },
        "end": { "line": 424, "column": 71 }
      },
      "74": {
        "start": { "line": 432, "column": 18 },
        "end": { "line": 436, "column": 20 }
      },
      "75": {
        "start": { "line": 446, "column": 18 },
        "end": { "line": 450, "column": 20 }
      },
      "76": {
        "start": { "line": 454, "column": 27 },
        "end": { "line": 454, "column": 36 }
      },
      "77": {
        "start": { "line": 455, "column": 14 },
        "end": { "line": 464, "column": 16 }
      },
      "78": {
        "start": { "line": 524, "column": 29 },
        "end": { "line": 524, "column": 69 }
      },
      "79": {
        "start": { "line": 617, "column": 10 },
        "end": { "line": 618, "column": null }
      },
      "80": {
        "start": { "line": 619, "column": 27 },
        "end": { "line": 619, "column": 44 }
      },
      "81": {
        "start": { "line": 650, "column": 18 },
        "end": { "line": 650, "column": 79 }
      },
      "82": {
        "start": { "line": 650, "column": 38 },
        "end": { "line": 650, "column": 77 }
      },
      "83": {
        "start": { "line": 662, "column": 20 },
        "end": { "line": 662, "column": 68 }
      },
      "84": {
        "start": { "line": 662, "column": 40 },
        "end": { "line": 662, "column": 66 }
      },
      "85": {
        "start": { "line": 671, "column": 18 },
        "end": { "line": 671, "column": 67 }
      },
      "86": {
        "start": { "line": 671, "column": 38 },
        "end": { "line": 671, "column": 64 }
      },
      "87": {
        "start": { "line": 672, "column": 18 },
        "end": { "line": 674, "column": 19 }
      },
      "88": {
        "start": { "line": 673, "column": 20 },
        "end": { "line": 673, "column": 54 }
      }
    },
    "fnMap": {
      "0": {
        "name": "FanDashboard",
        "decl": {
          "start": { "line": 55, "column": 24 },
          "end": { "line": 55, "column": 36 }
        },
        "loc": {
          "start": { "line": 55, "column": 36 },
          "end": { "line": 686, "column": 1 }
        }
      },
      "1": {
        "name": "(anonymous_2)",
        "decl": {
          "start": { "line": 82, "column": 20 },
          "end": { "line": 82, "column": 21 }
        },
        "loc": {
          "start": { "line": 82, "column": 36 },
          "end": { "line": 89, "column": 3 }
        }
      },
      "2": {
        "name": "(anonymous_3)",
        "decl": {
          "start": { "line": 91, "column": 21 },
          "end": { "line": 91, "column": 22 }
        },
        "loc": {
          "start": { "line": 91, "column": 71 },
          "end": { "line": 99, "column": 3 }
        }
      },
      "3": {
        "name": "(anonymous_4)",
        "decl": {
          "start": { "line": 101, "column": 12 },
          "end": { "line": 101, "column": 15 }
        },
        "loc": {
          "start": { "line": 101, "column": 17 },
          "end": { "line": 112, "column": 3 }
        }
      },
      "4": {
        "name": "(anonymous_5)",
        "decl": {
          "start": { "line": 102, "column": 30 },
          "end": { "line": 102, "column": 31 }
        },
        "loc": {
          "start": { "line": 102, "column": 43 },
          "end": { "line": 107, "column": 5 }
        }
      },
      "5": {
        "name": "(anonymous_6)",
        "decl": {
          "start": { "line": 109, "column": 11 },
          "end": { "line": 109, "column": 14 }
        },
        "loc": {
          "start": { "line": 109, "column": 16 },
          "end": { "line": 111, "column": 5 }
        }
      },
      "6": {
        "name": "handleFindRoute",
        "decl": {
          "start": { "line": 116, "column": 17 },
          "end": { "line": 116, "column": 32 }
        },
        "loc": {
          "start": { "line": 116, "column": 32 },
          "end": { "line": 155, "column": 3 }
        }
      },
      "7": {
        "name": "(anonymous_8)",
        "decl": {
          "start": { "line": 130, "column": 44 },
          "end": { "line": 130, "column": 47 }
        },
        "loc": {
          "start": { "line": 130, "column": 51 },
          "end": { "line": 130, "column": 53 }
        }
      },
      "8": {
        "name": "(anonymous_9)",
        "decl": {
          "start": { "line": 158, "column": 26 },
          "end": { "line": 158, "column": 29 }
        },
        "loc": {
          "start": { "line": 158, "column": 31 },
          "end": { "line": 165, "column": 3 }
        }
      },
      "9": {
        "name": "(anonymous_10)",
        "decl": {
          "start": { "line": 192, "column": 24 },
          "end": { "line": 192, "column": 25 }
        },
        "loc": {
          "start": { "line": 192, "column": 31 },
          "end": { "line": 192, "column": 56 }
        }
      },
      "10": {
        "name": "(anonymous_11)",
        "decl": {
          "start": { "line": 195, "column": 35 },
          "end": { "line": 195, "column": 36 }
        },
        "loc": {
          "start": { "line": 196, "column": 16 },
          "end": { "line": 197, "column": null }
        }
      },
      "11": {
        "name": "(anonymous_12)",
        "decl": {
          "start": { "line": 232, "column": 24 },
          "end": { "line": 232, "column": 25 }
        },
        "loc": {
          "start": { "line": 232, "column": 31 },
          "end": { "line": 232, "column": 61 }
        }
      },
      "12": {
        "name": "(anonymous_13)",
        "decl": {
          "start": { "line": 235, "column": 35 },
          "end": { "line": 235, "column": 36 }
        },
        "loc": {
          "start": { "line": 236, "column": 16 },
          "end": { "line": 237, "column": null }
        }
      },
      "13": {
        "name": "(anonymous_14)",
        "decl": {
          "start": { "line": 270, "column": 21 },
          "end": { "line": 270, "column": 24 }
        },
        "loc": {
          "start": { "line": 270, "column": 27 },
          "end": { "line": 270, "column": 67 }
        }
      },
      "14": {
        "name": "(anonymous_15)",
        "decl": {
          "start": { "line": 295, "column": 21 },
          "end": { "line": 295, "column": 24 }
        },
        "loc": {
          "start": { "line": 295, "column": 27 },
          "end": { "line": 295, "column": 63 }
        }
      },
      "15": {
        "name": "(anonymous_16)",
        "decl": {
          "start": { "line": 312, "column": 17 },
          "end": { "line": 312, "column": 20 }
        },
        "loc": {
          "start": { "line": 312, "column": 23 },
          "end": { "line": 312, "column": 45 }
        }
      },
      "16": {
        "name": "(anonymous_17)",
        "decl": {
          "start": { "line": 403, "column": 24 },
          "end": { "line": 403, "column": 27 }
        },
        "loc": {
          "start": { "line": 404, "column": 18 },
          "end": { "line": 404, "column": 76 }
        }
      },
      "17": {
        "name": "(anonymous_18)",
        "decl": {
          "start": { "line": 412, "column": 24 },
          "end": { "line": 412, "column": 27 }
        },
        "loc": {
          "start": { "line": 412, "column": 29 },
          "end": { "line": 416, "column": 17 }
        }
      },
      "18": {
        "name": "(anonymous_19)",
        "decl": {
          "start": { "line": 413, "column": 69 },
          "end": { "line": 413, "column": 70 }
        },
        "loc": {
          "start": { "line": 413, "column": 77 },
          "end": { "line": 415, "column": 19 }
        }
      },
      "19": {
        "name": "(anonymous_20)",
        "decl": {
          "start": { "line": 424, "column": 24 },
          "end": { "line": 424, "column": 27 }
        },
        "loc": {
          "start": { "line": 424, "column": 30 },
          "end": { "line": 424, "column": 71 }
        }
      },
      "20": {
        "name": "(anonymous_21)",
        "decl": {
          "start": { "line": 431, "column": 24 },
          "end": { "line": 431, "column": 27 }
        },
        "loc": {
          "start": { "line": 431, "column": 29 },
          "end": { "line": 437, "column": 17 }
        }
      },
      "21": {
        "name": "(anonymous_22)",
        "decl": {
          "start": { "line": 445, "column": 24 },
          "end": { "line": 445, "column": 27 }
        },
        "loc": {
          "start": { "line": 445, "column": 29 },
          "end": { "line": 451, "column": 17 }
        }
      },
      "22": {
        "name": "(anonymous_23)",
        "decl": {
          "start": { "line": 453, "column": 18 },
          "end": { "line": 453, "column": 19 }
        },
        "loc": {
          "start": { "line": 453, "column": 27 },
          "end": { "line": 465, "column": 13 }
        }
      },
      "23": {
        "name": "(anonymous_24)",
        "decl": {
          "start": { "line": 524, "column": 23 },
          "end": { "line": 524, "column": 26 }
        },
        "loc": {
          "start": { "line": 524, "column": 29 },
          "end": { "line": 524, "column": 69 }
        }
      },
      "24": {
        "name": "(anonymous_25)",
        "decl": {
          "start": { "line": 616, "column": 14 },
          "end": { "line": 616, "column": 15 }
        },
        "loc": {
          "start": { "line": 617, "column": 10 },
          "end": { "line": 618, "column": null }
        }
      },
      "25": {
        "name": "(anonymous_26)",
        "decl": {
          "start": { "line": 619, "column": 21 },
          "end": { "line": 619, "column": 24 }
        },
        "loc": {
          "start": { "line": 619, "column": 27 },
          "end": { "line": 619, "column": 44 }
        }
      },
      "26": {
        "name": "(anonymous_27)",
        "decl": {
          "start": { "line": 649, "column": 26 },
          "end": { "line": 649, "column": 27 }
        },
        "loc": {
          "start": { "line": 650, "column": 18 },
          "end": { "line": 650, "column": 79 }
        }
      },
      "27": {
        "name": "(anonymous_28)",
        "decl": {
          "start": { "line": 650, "column": 27 },
          "end": { "line": 650, "column": 28 }
        },
        "loc": {
          "start": { "line": 650, "column": 38 },
          "end": { "line": 650, "column": 77 }
        }
      },
      "28": {
        "name": "(anonymous_29)",
        "decl": {
          "start": { "line": 661, "column": 27 },
          "end": { "line": 661, "column": 30 }
        },
        "loc": {
          "start": { "line": 662, "column": 20 },
          "end": { "line": 662, "column": 68 }
        }
      },
      "29": {
        "name": "(anonymous_30)",
        "decl": {
          "start": { "line": 662, "column": 29 },
          "end": { "line": 662, "column": 30 }
        },
        "loc": {
          "start": { "line": 662, "column": 40 },
          "end": { "line": 662, "column": 66 }
        }
      },
      "30": {
        "name": "(anonymous_31)",
        "decl": {
          "start": { "line": 670, "column": 25 },
          "end": { "line": 670, "column": 28 }
        },
        "loc": {
          "start": { "line": 670, "column": 30 },
          "end": { "line": 675, "column": 17 }
        }
      },
      "31": {
        "name": "(anonymous_32)",
        "decl": {
          "start": { "line": 671, "column": 27 },
          "end": { "line": 671, "column": 28 }
        },
        "loc": {
          "start": { "line": 671, "column": 38 },
          "end": { "line": 671, "column": 64 }
        }
      }
    },
    "branchMap": {
      "0": {
        "loc": {
          "start": { "line": 65, "column": 18 },
          "end": { "line": 65, "column": 37 }
        },
        "type": "binary-expr",
        "locations": [
          {
            "start": { "line": 65, "column": 18 },
            "end": { "line": 65, "column": 31 }
          },
          {
            "start": { "line": 65, "column": 35 },
            "end": { "line": 65, "column": 37 }
          }
        ]
      },
      "1": {
        "loc": {
          "start": { "line": 104, "column": 6 },
          "end": { "line": 106, "column": 7 }
        },
        "type": "if",
        "locations": [
          {
            "start": { "line": 104, "column": 6 },
            "end": { "line": 106, "column": 7 }
          }
        ]
      },
      "2": {
        "loc": {
          "start": { "line": 129, "column": 6 },
          "end": { "line": 132, "column": 7 }
        },
        "type": "if",
        "locations": [
          {
            "start": { "line": 129, "column": 6 },
            "end": { "line": 132, "column": 7 }
          }
        ]
      },
      "3": {
        "loc": {
          "start": { "line": 131, "column": 24 },
          "end": { "line": 131, "column": 55 }
        },
        "type": "binary-expr",
        "locations": [
          {
            "start": { "line": 131, "column": 24 },
            "end": { "line": 131, "column": 34 }
          },
          {
            "start": { "line": 131, "column": 38 },
            "end": { "line": 131, "column": 55 }
          }
        ]
      },
      "4": {
        "loc": {
          "start": { "line": 134, "column": 29 },
          "end": { "line": 134, "column": 70 }
        },
        "type": "cond-expr",
        "locations": [
          {
            "start": { "line": 134, "column": 56 },
            "end": { "line": 134, "column": 65 }
          },
          {
            "start": { "line": 134, "column": 68 },
            "end": { "line": 134, "column": 70 }
          }
        ]
      },
      "5": {
        "loc": {
          "start": { "line": 137, "column": 6 },
          "end": { "line": 147, "column": 7 }
        },
        "type": "if",
        "locations": [
          {
            "start": { "line": 137, "column": 6 },
            "end": { "line": 147, "column": 7 }
          }
        ]
      },
      "6": {
        "loc": {
          "start": { "line": 138, "column": 8 },
          "end": { "line": 141, "column": 30 }
        },
        "type": "binary-expr",
        "locations": [
          {
            "start": { "line": 138, "column": 8 },
            "end": { "line": 138, "column": 23 }
          },
          {
            "start": { "line": 139, "column": 8 },
            "end": { "line": 139, "column": 23 }
          },
          {
            "start": { "line": 140, "column": 8 },
            "end": { "line": 140, "column": 37 }
          },
          {
            "start": { "line": 141, "column": 8 },
            "end": { "line": 141, "column": 30 }
          }
        ]
      },
      "7": {
        "loc": {
          "start": { "line": 150, "column": 8 },
          "end": { "line": 150, "column": 71 }
        },
        "type": "cond-expr",
        "locations": [
          {
            "start": { "line": 150, "column": 31 },
            "end": { "line": 150, "column": 42 }
          },
          {
            "start": { "line": 150, "column": 45 },
            "end": { "line": 150, "column": 71 }
          }
        ]
      },
      "8": {
        "loc": {
          "start": { "line": 159, "column": 4 },
          "end": { "line": 159, "column": 60 }
        },
        "type": "if",
        "locations": [
          {
            "start": { "line": 159, "column": 4 },
            "end": { "line": 159, "column": 60 }
          }
        ]
      },
      "9": {
        "loc": {
          "start": { "line": 159, "column": 8 },
          "end": { "line": 159, "column": 46 }
        },
        "type": "binary-expr",
        "locations": [
          {
            "start": { "line": 159, "column": 8 },
            "end": { "line": 159, "column": 19 }
          },
          {
            "start": { "line": 159, "column": 23 },
            "end": { "line": 159, "column": 46 }
          }
        ]
      },
      "10": {
        "loc": {
          "start": { "line": 272, "column": 14 },
          "end": { "line": 274, "column": null }
        },
        "type": "cond-expr",
        "locations": [
          {
            "start": { "line": 273, "column": 18 },
            "end": { "line": 273, "column": 102 }
          },
          {
            "start": { "line": 274, "column": 18 },
            "end": { "line": 274, "column": null }
          }
        ]
      },
      "11": {
        "loc": {
          "start": { "line": 279, "column": 16 },
          "end": { "line": 279, "column": null }
        },
        "type": "cond-expr",
        "locations": [
          {
            "start": { "line": 279, "column": 36 },
            "end": { "line": 279, "column": 51 }
          },
          {
            "start": { "line": 279, "column": 54 },
            "end": { "line": 279, "column": null }
          }
        ]
      },
      "12": {
        "loc": {
          "start": { "line": 297, "column": 14 },
          "end": { "line": 299, "column": null }
        },
        "type": "cond-expr",
        "locations": [
          {
            "start": { "line": 298, "column": 18 },
            "end": { "line": 298, "column": 102 }
          },
          {
            "start": { "line": 299, "column": 18 },
            "end": { "line": 299, "column": null }
          }
        ]
      },
      "13": {
        "loc": {
          "start": { "line": 304, "column": 16 },
          "end": { "line": 304, "column": null }
        },
        "type": "cond-expr",
        "locations": [
          {
            "start": { "line": 304, "column": 34 },
            "end": { "line": 304, "column": 49 }
          },
          {
            "start": { "line": 304, "column": 52 },
            "end": { "line": 304, "column": null }
          }
        ]
      },
      "14": {
        "loc": {
          "start": { "line": 316, "column": 9 },
          "end": { "line": 325, "column": null }
        },
        "type": "cond-expr",
        "locations": [
          {
            "start": { "line": 317, "column": 10 },
            "end": { "line": 318, "column": null }
          },
          {
            "start": { "line": 322, "column": 10 },
            "end": { "line": 324, "column": null }
          }
        ]
      },
      "15": {
        "loc": {
          "start": { "line": 332, "column": 7 },
          "end": { "line": 335, "column": null }
        },
        "type": "binary-expr",
        "locations": [
          {
            "start": { "line": 332, "column": 7 },
            "end": { "line": 332, "column": 17 }
          },
          {
            "start": { "line": 333, "column": 8 },
            "end": { "line": 334, "column": null }
          }
        ]
      },
      "16": {
        "loc": {
          "start": { "line": 338, "column": 7 },
          "end": { "line": 357, "column": null }
        },
        "type": "binary-expr",
        "locations": [
          {
            "start": { "line": 338, "column": 7 },
            "end": { "line": 338, "column": 19 }
          },
          {
            "start": { "line": 339, "column": 8 },
            "end": { "line": 356, "column": null }
          }
        ]
      },
      "17": {
        "loc": {
          "start": { "line": 534, "column": 13 },
          "end": { "line": 559, "column": null }
        },
        "type": "binary-expr",
        "locations": [
          {
            "start": { "line": 534, "column": 13 },
            "end": { "line": 534, "column": 30 }
          },
          {
            "start": { "line": 535, "column": 14 },
            "end": { "line": 558, "column": null }
          }
        ]
      },
      "18": {
        "loc": {
          "start": { "line": 575, "column": 16 },
          "end": { "line": 575, "column": null }
        },
        "type": "cond-expr",
        "locations": [
          {
            "start": { "line": 575, "column": 43 },
            "end": { "line": 575, "column": 50 }
          },
          {
            "start": { "line": 575, "column": 53 },
            "end": { "line": 575, "column": null }
          }
        ]
      },
      "19": {
        "loc": {
          "start": { "line": 582, "column": 16 },
          "end": { "line": 582, "column": null }
        },
        "type": "cond-expr",
        "locations": [
          {
            "start": { "line": 582, "column": 38 },
            "end": { "line": 582, "column": 45 }
          },
          {
            "start": { "line": 582, "column": 48 },
            "end": { "line": 582, "column": null }
          }
        ]
      },
      "20": {
        "loc": {
          "start": { "line": 589, "column": 16 },
          "end": { "line": 589, "column": null }
        },
        "type": "cond-expr",
        "locations": [
          {
            "start": { "line": 589, "column": 44 },
            "end": { "line": 589, "column": 50 }
          },
          {
            "start": { "line": 589, "column": 53 },
            "end": { "line": 589, "column": null }
          }
        ]
      },
      "21": {
        "loc": {
          "start": { "line": 620, "column": 26 },
          "end": { "line": 620, "column": 64 }
        },
        "type": "cond-expr",
        "locations": [
          {
            "start": { "line": 620, "column": 46 },
            "end": { "line": 620, "column": 52 }
          },
          {
            "start": { "line": 620, "column": 55 },
            "end": { "line": 620, "column": 64 }
          }
        ]
      },
      "22": {
        "loc": {
          "start": { "line": 622, "column": 14 },
          "end": { "line": 624, "column": null }
        },
        "type": "cond-expr",
        "locations": [
          {
            "start": { "line": 623, "column": 18 },
            "end": { "line": 623, "column": 48 }
          },
          {
            "start": { "line": 624, "column": 18 },
            "end": { "line": 624, "column": null }
          }
        ]
      },
      "23": {
        "loc": {
          "start": { "line": 634, "column": 7 },
          "end": { "line": 682, "column": null }
        },
        "type": "binary-expr",
        "locations": [
          {
            "start": { "line": 634, "column": 7 },
            "end": { "line": 634, "column": 19 }
          },
          {
            "start": { "line": 635, "column": 8 },
            "end": { "line": 681, "column": null }
          }
        ]
      },
      "24": {
        "loc": {
          "start": { "line": 645, "column": 13 },
          "end": { "line": 655, "column": null }
        },
        "type": "binary-expr",
        "locations": [
          {
            "start": { "line": 645, "column": 13 },
            "end": { "line": 645, "column": 36 }
          },
          {
            "start": { "line": 646, "column": 14 },
            "end": { "line": 654, "column": null }
          }
        ]
      },
      "25": {
        "loc": {
          "start": { "line": 659, "column": 15 },
          "end": { "line": 667, "column": null }
        },
        "type": "binary-expr",
        "locations": [
          {
            "start": { "line": 659, "column": 15 },
            "end": { "line": 659, "column": 38 }
          },
          {
            "start": { "line": 660, "column": 16 },
            "end": { "line": 664, "column": null }
          }
        ]
      },
      "26": {
        "loc": {
          "start": { "line": 672, "column": 18 },
          "end": { "line": 674, "column": 19 }
        },
        "type": "if",
        "locations": [
          {
            "start": { "line": 672, "column": 18 },
            "end": { "line": 674, "column": 19 }
          }
        ]
      }
    },
    "s": {
      "0": 1,
      "1": 1,
      "2": 1,
      "3": 1,
      "4": 1,
      "5": 1,
      "6": 1,
      "7": 1,
      "8": 1,
      "9": 1,
      "10": 1,
      "11": 1,
      "12": 34,
      "13": 34,
      "14": 34,
      "15": 34,
      "16": 34,
      "17": 34,
      "18": 34,
      "19": 34,
      "20": 34,
      "21": 34,
      "22": 34,
      "23": 34,
      "24": 34,
      "25": 34,
      "26": 4,
      "27": 34,
      "28": 1,
      "29": 34,
      "30": 13,
      "31": 1,
      "32": 1,
      "33": 1,
      "34": 13,
      "35": 13,
      "36": 13,
      "37": 2,
      "38": 2,
      "39": 2,
      "40": 2,
      "41": 2,
      "42": 1,
      "43": 0,
      "44": 1,
      "45": 1,
      "46": 1,
      "47": 1,
      "48": 1,
      "49": 0,
      "50": 0,
      "51": 0,
      "52": 0,
      "53": 1,
      "54": 2,
      "55": 34,
      "56": 34,
      "57": 33,
      "58": 1,
      "59": 1,
      "60": 34,
      "61": 34,
      "62": 1,
      "63": 272,
      "64": 1,
      "65": 272,
      "66": 1,
      "67": 1,
      "68": 2,
      "69": 34,
      "70": 1,
      "71": 1,
      "72": 1,
      "73": 1,
      "74": 1,
      "75": 0,
      "76": 170,
      "77": 170,
      "78": 2,
      "79": 102,
      "80": 2,
      "81": 1,
      "82": 1,
      "83": 0,
      "84": 0,
      "85": 4,
      "86": 4,
      "87": 4,
      "88": 1
    },
    "f": {
      "0": 34,
      "1": 4,
      "2": 1,
      "3": 13,
      "4": 1,
      "5": 13,
      "6": 2,
      "7": 0,
      "8": 34,
      "9": 1,
      "10": 272,
      "11": 1,
      "12": 272,
      "13": 1,
      "14": 1,
      "15": 2,
      "16": 1,
      "17": 1,
      "18": 1,
      "19": 1,
      "20": 1,
      "21": 0,
      "22": 170,
      "23": 2,
      "24": 102,
      "25": 2,
      "26": 1,
      "27": 1,
      "28": 0,
      "29": 0,
      "30": 4,
      "31": 4
    },
    "b": {
      "0": [34, 0],
      "1": [1],
      "2": [1],
      "3": [1, 0],
      "4": [1, 0],
      "5": [0],
      "6": [1, 0, 0, 0],
      "7": [1, 0],
      "8": [33],
      "9": [34, 34],
      "10": [2, 32],
      "11": [2, 32],
      "12": [1, 33],
      "13": [1, 33],
      "14": [2, 32],
      "15": [34, 1],
      "16": [34, 1],
      "17": [34, 1],
      "18": [1, 33],
      "19": [32, 2],
      "20": [1, 33],
      "21": [34, 68],
      "22": [34, 68],
      "23": [34, 6],
      "24": [6, 2],
      "25": [6, 2],
      "26": [1]
    }
  },
  "C:\\Users\\Manan Shah\\Downloads\\stadium-smartguide\\src\\app\\api\\assistant\\route.ts": {
    "path": "C:\\Users\\Manan Shah\\Downloads\\stadium-smartguide\\src\\app\\api\\assistant\\route.ts",
    "statementMap": {
      "0": {
        "start": { "line": 1, "column": 0 },
        "end": { "line": 1, "column": 60 }
      },
      "1": {
        "start": { "line": 2, "column": 0 },
        "end": { "line": 2, "column": 49 }
      },
      "2": {
        "start": { "line": 3, "column": 0 },
        "end": { "line": 3, "column": 80 }
      },
      "3": {
        "start": { "line": 5, "column": 42 },
        "end": { "line": 11, "column": 2 }
      },
      "4": {
        "start": { "line": 13, "column": 13 },
        "end": { "line": 38, "column": 3 }
      },
      "5": {
        "start": { "line": 22, "column": 46 },
        "end": { "line": 22, "column": 50 }
      },
      "6": {
        "start": { "line": 23, "column": 19 },
        "end": { "line": 27, "column": 6 }
      },
      "7": {
        "start": { "line": 29, "column": 21 },
        "end": { "line": 29, "column": 85 }
      },
      "8": {
        "start": { "line": 31, "column": 4 },
        "end": { "line": 36, "column": 6 }
      }
    },
    "fnMap": {
      "0": {
        "name": "(anonymous_0)",
        "decl": {
          "start": { "line": 21, "column": 2 },
          "end": { "line": 21, "column": 7 }
        },
        "loc": {
          "start": { "line": 21, "column": 25 },
          "end": { "line": 37, "column": 3 }
        }
      }
    },
    "branchMap": {},
    "s": {
      "0": 1,
      "1": 1,
      "2": 1,
      "3": 1,
      "4": 1,
      "5": 1,
      "6": 1,
      "7": 1,
      "8": 1
    },
    "f": { "0": 1 },
    "b": {}
  },
  "C:\\Users\\Manan Shah\\Downloads\\stadium-smartguide\\src\\app\\api\\crowd-analytics\\route.ts": {
    "path": "C:\\Users\\Manan Shah\\Downloads\\stadium-smartguide\\src\\app\\api\\crowd-analytics\\route.ts",
    "statementMap": {
      "0": {
        "start": { "line": 15, "column": 0 },
        "end": { "line": 15, "column": 7 }
      },
      "1": {
        "start": { "line": 1, "column": 0 },
        "end": { "line": 1, "column": 56 }
      },
      "2": {
        "start": { "line": 2, "column": 0 },
        "end": { "line": 2, "column": 39 }
      },
      "3": {
        "start": { "line": 3, "column": 0 },
        "end": { "line": 3, "column": 24 }
      },
      "4": {
        "start": { "line": 4, "column": 0 },
        "end": { "line": 4, "column": 68 }
      },
      "5": {
        "start": { "line": 5, "column": 0 },
        "end": { "line": 5, "column": 65 }
      },
      "6": {
        "start": { "line": 6, "column": 0 },
        "end": { "line": 6, "column": 49 }
      },
      "7": {
        "start": { "line": 7, "column": 0 },
        "end": { "line": 7, "column": 61 }
      },
      "8": {
        "start": { "line": 10, "column": 22 },
        "end": { "line": 10, "column": 76 }
      },
      "9": {
        "start": { "line": 11, "column": 14 },
        "end": { "line": 11, "column": 50 }
      },
      "10": {
        "start": { "line": 12, "column": 2 },
        "end": { "line": 12, "column": 27 }
      },
      "11": {
        "start": { "line": 16, "column": 2 },
        "end": { "line": 25, "column": 3 }
      },
      "12": {
        "start": { "line": 17, "column": 20 },
        "end": { "line": 17, "column": 39 }
      },
      "13": {
        "start": { "line": 18, "column": 4 },
        "end": { "line": 18, "column": 59 }
      },
      "14": {
        "start": { "line": 20, "column": 4 },
        "end": { "line": 20, "column": 76 }
      },
      "15": {
        "start": { "line": 21, "column": 4 },
        "end": { "line": 24, "column": 6 }
      },
      "16": {
        "start": { "line": 28, "column": 13 },
        "end": { "line": 56, "column": 3 }
      },
      "17": {
        "start": { "line": 37, "column": 20 },
        "end": { "line": 37, "column": 39 }
      },
      "18": {
        "start": { "line": 38, "column": 25 },
        "end": { "line": 38, "column": 71 }
      },
      "19": {
        "start": { "line": 38, "column": 47 },
        "end": { "line": 38, "column": 70 }
      },
      "20": {
        "start": { "line": 40, "column": 4 },
        "end": { "line": 44, "column": 5 }
      },
      "21": {
        "start": { "line": 41, "column": 6 },
        "end": { "line": 43, "column": 8 }
      },
      "22": {
        "start": { "line": 46, "column": 19 },
        "end": { "line": 46, "column": 57 }
      },
      "23": {
        "start": { "line": 47, "column": 21 },
        "end": { "line": 47, "column": 110 }
      },
      "24": {
        "start": { "line": 47, "column": 54 },
        "end": { "line": 47, "column": 97 }
      },
      "25": {
        "start": { "line": 49, "column": 4 },
        "end": { "line": 54, "column": 6 }
      }
    },
    "fnMap": {
      "0": {
        "name": "loadSensors",
        "decl": {
          "start": { "line": 9, "column": 15 },
          "end": { "line": 9, "column": 26 }
        },
        "loc": {
          "start": { "line": 9, "column": 26 },
          "end": { "line": 13, "column": 1 }
        }
      },
      "1": {
        "name": "GET",
        "decl": {
          "start": { "line": 15, "column": 22 },
          "end": { "line": 15, "column": 25 }
        },
        "loc": {
          "start": { "line": 15, "column": 25 },
          "end": { "line": 26, "column": 1 }
        }
      },
      "2": {
        "name": "(anonymous_3)",
        "decl": {
          "start": { "line": 36, "column": 2 },
          "end": { "line": 36, "column": 7 }
        },
        "loc": {
          "start": { "line": 36, "column": 15 },
          "end": { "line": 55, "column": 3 }
        }
      },
      "3": {
        "name": "(anonymous_4)",
        "decl": {
          "start": { "line": 38, "column": 40 },
          "end": { "line": 38, "column": 41 }
        },
        "loc": {
          "start": { "line": 38, "column": 47 },
          "end": { "line": 38, "column": 70 }
        }
      },
      "4": {
        "name": "(anonymous_5)",
        "decl": {
          "start": { "line": 47, "column": 47 },
          "end": { "line": 47, "column": 48 }
        },
        "loc": {
          "start": { "line": 47, "column": 54 },
          "end": { "line": 47, "column": 97 }
        }
      }
    },
    "branchMap": {
      "0": {
        "loc": {
          "start": { "line": 40, "column": 4 },
          "end": { "line": 44, "column": 5 }
        },
        "type": "if",
        "locations": [
          {
            "start": { "line": 40, "column": 4 },
            "end": { "line": 44, "column": 5 }
          }
        ]
      }
    },
    "s": {
      "0": 1,
      "1": 1,
      "2": 1,
      "3": 1,
      "4": 1,
      "5": 1,
      "6": 1,
      "7": 1,
      "8": 3,
      "9": 3,
      "10": 3,
      "11": 1,
      "12": 1,
      "13": 1,
      "14": 0,
      "15": 0,
      "16": 1,
      "17": 2,
      "18": 2,
      "19": 3,
      "20": 2,
      "21": 1,
      "22": 1,
      "23": 1,
      "24": 1,
      "25": 1
    },
    "f": { "0": 3, "1": 1, "2": 2, "3": 3, "4": 1 },
    "b": { "0": [1] }
  },
  "C:\\Users\\Manan Shah\\Downloads\\stadium-smartguide\\src\\app\\api\\navigate\\route.ts": {
    "path": "C:\\Users\\Manan Shah\\Downloads\\stadium-smartguide\\src\\app\\api\\navigate\\route.ts",
    "statementMap": {
      "0": {
        "start": { "line": 1, "column": 0 },
        "end": { "line": 1, "column": 39 }
      },
      "1": {
        "start": { "line": 2, "column": 0 },
        "end": { "line": 2, "column": 24 }
      },
      "2": {
        "start": { "line": 3, "column": 0 },
        "end": { "line": 3, "column": 49 }
      },
      "3": {
        "start": { "line": 4, "column": 0 },
        "end": { "line": 4, "column": 61 }
      },
      "4": {
        "start": { "line": 5, "column": 0 },
        "end": { "line": 5, "column": 49 }
      },
      "5": {
        "start": { "line": 6, "column": 0 },
        "end": { "line": 6, "column": null }
      },
      "6": {
        "start": { "line": 11, "column": 13 },
        "end": { "line": 42, "column": 3 }
      },
      "7": {
        "start": { "line": 21, "column": 74 },
        "end": { "line": 21, "column": 78 }
      },
      "8": {
        "start": { "line": 22, "column": 24 },
        "end": { "line": 22, "column": 78 }
      },
      "9": {
        "start": { "line": 23, "column": 16 },
        "end": { "line": 23, "column": 52 }
      },
      "10": {
        "start": { "line": 24, "column": 20 },
        "end": { "line": 24, "column": 37 }
      },
      "11": {
        "start": { "line": 26, "column": 19 },
        "end": { "line": 31, "column": 6 }
      },
      "12": {
        "start": { "line": 33, "column": 21 },
        "end": { "line": 33, "column": 91 }
      },
      "13": {
        "start": { "line": 35, "column": 4 },
        "end": { "line": 40, "column": 6 }
      }
    },
    "fnMap": {
      "0": {
        "name": "(anonymous_1)",
        "decl": {
          "start": { "line": 20, "column": 2 },
          "end": { "line": 20, "column": 7 }
        },
        "loc": {
          "start": { "line": 20, "column": 25 },
          "end": { "line": 41, "column": 3 }
        }
      }
    },
    "branchMap": {},
    "s": {
      "0": 1,
      "1": 1,
      "2": 1,
      "3": 1,
      "4": 1,
      "5": 1,
      "6": 1,
      "7": 1,
      "8": 1,
      "9": 1,
      "10": 1,
      "11": 1,
      "12": 1,
      "13": 1
    },
    "f": { "0": 1 },
    "b": {}
  },
  "C:\\Users\\Manan Shah\\Downloads\\stadium-smartguide\\src\\components\\ChatConcierge.tsx": {
    "path": "C:\\Users\\Manan Shah\\Downloads\\stadium-smartguide\\src\\components\\ChatConcierge.tsx",
    "statementMap": {
      "0": {
        "start": { "line": 27, "column": 0 },
        "end": { "line": 27, "column": 24 }
      },
      "1": {
        "start": { "line": 3, "column": 0 },
        "end": { "line": 3, "column": 52 }
      },
      "2": {
        "start": { "line": 4, "column": 0 },
        "end": { "line": 4, "column": 66 }
      },
      "3": {
        "start": { "line": 13, "column": 22 },
        "end": { "line": 18, "column": 2 }
      },
      "4": {
        "start": { "line": 21, "column": 2 },
        "end": { "line": 24, "column": 5 }
      },
      "5": {
        "start": { "line": 28, "column": 34 },
        "end": { "line": 28, "column": 61 }
      },
      "6": {
        "start": { "line": 29, "column": 28 },
        "end": { "line": 29, "column": 40 }
      },
      "7": {
        "start": { "line": 30, "column": 32 },
        "end": { "line": 30, "column": 47 }
      },
      "8": {
        "start": { "line": 31, "column": 28 },
        "end": { "line": 31, "column": 57 }
      },
      "9": {
        "start": { "line": 32, "column": 20 },
        "end": { "line": 32, "column": 48 }
      },
      "10": {
        "start": { "line": 34, "column": 2 },
        "end": { "line": 44, "column": 9 }
      },
      "11": {
        "start": { "line": 36, "column": 17 },
        "end": { "line": 36, "column": 54 }
      },
      "12": {
        "start": { "line": 37, "column": 6 },
        "end": { "line": 40, "column": 7 }
      },
      "13": {
        "start": { "line": 38, "column": 8 },
        "end": { "line": 38, "column": 19 }
      },
      "14": {
        "start": { "line": 39, "column": 8 },
        "end": { "line": 39, "column": 67 }
      },
      "15": {
        "start": { "line": 42, "column": 4 },
        "end": { "line": 42, "column": 61 }
      },
      "16": {
        "start": { "line": 43, "column": 4 },
        "end": { "line": 43, "column": 77 }
      },
      "17": {
        "start": { "line": 43, "column": 17 },
        "end": { "line": 43, "column": 76 }
      },
      "18": {
        "start": { "line": 47, "column": 20 },
        "end": { "line": 47, "column": 42 }
      },
      "19": {
        "start": { "line": 48, "column": 4 },
        "end": { "line": 48, "column": 36 }
      },
      "20": {
        "start": { "line": 48, "column": 29 },
        "end": { "line": 48, "column": 36 }
      },
      "21": {
        "start": { "line": 50, "column": 33 },
        "end": { "line": 55, "column": 6 }
      },
      "22": {
        "start": { "line": 56, "column": 4 },
        "end": { "line": 56, "column": 46 }
      },
      "23": {
        "start": { "line": 56, "column": 26 },
        "end": { "line": 56, "column": 44 }
      },
      "24": {
        "start": { "line": 57, "column": 4 },
        "end": { "line": 57, "column": 17 }
      },
      "25": {
        "start": { "line": 58, "column": 4 },
        "end": { "line": 58, "column": 21 }
      },
      "26": {
        "start": { "line": 59, "column": 4 },
        "end": { "line": 59, "column": 19 }
      },
      "27": {
        "start": { "line": 61, "column": 4 },
        "end": { "line": 106, "column": 5 }
      },
      "28": {
        "start": { "line": 62, "column": 18 },
        "end": { "line": 72, "column": 8 }
      },
      "29": {
        "start": { "line": 74, "column": 6 },
        "end": { "line": 77, "column": 7 }
      },
      "30": {
        "start": { "line": 75, "column": 21 },
        "end": { "line": 75, "column": 55 }
      },
      "31": {
        "start": { "line": 75, "column": 51 },
        "end": { "line": 75, "column": 53 }
      },
      "32": {
        "start": { "line": 76, "column": 8 },
        "end": { "line": 76, "column": 67 }
      },
      "33": {
        "start": { "line": 79, "column": 19 },
        "end": { "line": 79, "column": 35 }
      },
      "34": {
        "start": { "line": 80, "column": 40 },
        "end": { "line": 85, "column": 8 }
      },
      "35": {
        "start": { "line": 86, "column": 6 },
        "end": { "line": 86, "column": 53 }
      },
      "36": {
        "start": { "line": 86, "column": 28 },
        "end": { "line": 86, "column": 51 }
      },
      "37": {
        "start": { "line": 89, "column": 6 },
        "end": { "line": 95, "column": 7 }
      },
      "38": {
        "start": { "line": 90, "column": 8 },
        "end": { "line": 94, "column": 10 }
      },
      "39": {
        "start": { "line": 97, "column": 6 },
        "end": { "line": 97, "column": 77 }
      },
      "40": {
        "start": { "line": 99, "column": 6 },
        "end": { "line": 99, "column": 24 }
      },
      "41": {
        "start": { "line": 100, "column": 6 },
        "end": { "line": 105, "column": 9 }
      },
      "42": {
        "start": { "line": 101, "column": 8 },
        "end": { "line": 104, "column": 11 }
      },
      "43": {
        "start": { "line": 109, "column": 2 },
        "end": { "line": 264, "column": 4 }
      },
      "44": {
        "start": { "line": 156, "column": 16 },
        "end": { "line": 157, "column": null }
      },
      "45": {
        "start": { "line": 158, "column": 33 },
        "end": { "line": 158, "column": 56 }
      },
      "46": {
        "start": { "line": 169, "column": 10 },
        "end": { "line": 170, "column": null }
      },
      "47": {
        "start": { "line": 234, "column": 10 },
        "end": { "line": 234, "column": 29 }
      },
      "48": {
        "start": { "line": 235, "column": 10 },
        "end": { "line": 235, "column": 28 }
      },
      "49": {
        "start": { "line": 246, "column": 27 },
        "end": { "line": 246, "column": 51 }
      }
    },
    "fnMap": {
      "0": {
        "name": "timeNow",
        "decl": {
          "start": { "line": 20, "column": 9 },
          "end": { "line": 20, "column": 16 }
        },
        "loc": {
          "start": { "line": 20, "column": 16 },
          "end": { "line": 25, "column": 1 }
        }
      },
      "1": {
        "name": "ChatConcierge",
        "decl": {
          "start": { "line": 27, "column": 24 },
          "end": { "line": 27, "column": 37 }
        },
        "loc": {
          "start": { "line": 27, "column": 37 },
          "end": { "line": 265, "column": 1 }
        }
      },
      "2": {
        "name": "(anonymous_2)",
        "decl": {
          "start": { "line": 34, "column": 12 },
          "end": { "line": 34, "column": 15 }
        },
        "loc": {
          "start": { "line": 34, "column": 17 },
          "end": { "line": 44, "column": 3 }
        }
      },
      "3": {
        "name": "handleFocus",
        "decl": {
          "start": { "line": 35, "column": 13 },
          "end": { "line": 35, "column": 24 }
        },
        "loc": {
          "start": { "line": 35, "column": 24 },
          "end": { "line": 41, "column": 5 }
        }
      },
      "4": {
        "name": "(anonymous_4)",
        "decl": {
          "start": { "line": 43, "column": 11 },
          "end": { "line": 43, "column": 14 }
        },
        "loc": {
          "start": { "line": 43, "column": 17 },
          "end": { "line": 43, "column": 76 }
        }
      },
      "5": {
        "name": "handleSend",
        "decl": {
          "start": { "line": 46, "column": 17 },
          "end": { "line": 46, "column": 27 }
        },
        "loc": {
          "start": { "line": 46, "column": 41 },
          "end": { "line": 107, "column": 3 }
        }
      },
      "6": {
        "name": "(anonymous_6)",
        "decl": {
          "start": { "line": 56, "column": 16 },
          "end": { "line": 56, "column": 17 }
        },
        "loc": {
          "start": { "line": 56, "column": 26 },
          "end": { "line": 56, "column": 44 }
        }
      },
      "7": {
        "name": "(anonymous_7)",
        "decl": {
          "start": { "line": 75, "column": 44 },
          "end": { "line": 75, "column": 47 }
        },
        "loc": {
          "start": { "line": 75, "column": 51 },
          "end": { "line": 75, "column": 53 }
        }
      },
      "8": {
        "name": "(anonymous_8)",
        "decl": {
          "start": { "line": 86, "column": 18 },
          "end": { "line": 86, "column": 19 }
        },
        "loc": {
          "start": { "line": 86, "column": 28 },
          "end": { "line": 86, "column": 51 }
        }
      },
      "9": {
        "name": "(anonymous_9)",
        "decl": {
          "start": { "line": 100, "column": 28 },
          "end": { "line": 100, "column": 31 }
        },
        "loc": {
          "start": { "line": 100, "column": 33 },
          "end": { "line": 105, "column": 7 }
        }
      },
      "10": {
        "name": "(anonymous_10)",
        "decl": {
          "start": { "line": 155, "column": 33 },
          "end": { "line": 155, "column": 34 }
        },
        "loc": {
          "start": { "line": 156, "column": 16 },
          "end": { "line": 157, "column": null }
        }
      },
      "11": {
        "name": "(anonymous_11)",
        "decl": {
          "start": { "line": 158, "column": 27 },
          "end": { "line": 158, "column": 30 }
        },
        "loc": {
          "start": { "line": 158, "column": 33 },
          "end": { "line": 158, "column": 56 }
        }
      },
      "12": {
        "name": "(anonymous_12)",
        "decl": {
          "start": { "line": 168, "column": 22 },
          "end": { "line": 168, "column": 23 }
        },
        "loc": {
          "start": { "line": 169, "column": 10 },
          "end": { "line": 170, "column": null }
        }
      },
      "13": {
        "name": "(anonymous_13)",
        "decl": {
          "start": { "line": 233, "column": 18 },
          "end": { "line": 233, "column": 19 }
        },
        "loc": {
          "start": { "line": 233, "column": 24 },
          "end": { "line": 236, "column": 9 }
        }
      },
      "14": {
        "name": "(anonymous_14)",
        "decl": {
          "start": { "line": 246, "column": 20 },
          "end": { "line": 246, "column": 21 }
        },
        "loc": {
          "start": { "line": 246, "column": 27 },
          "end": { "line": 246, "column": 51 }
        }
      }
    },
    "branchMap": {
      "0": {
        "loc": {
          "start": { "line": 37, "column": 6 },
          "end": { "line": 40, "column": 7 }
        },
        "type": "if",
        "locations": [
          {
            "start": { "line": 37, "column": 6 },
            "end": { "line": 40, "column": 7 }
          }
        ]
      },
      "1": {
        "loc": {
          "start": { "line": 47, "column": 21 },
          "end": { "line": 47, "column": 34 }
        },
        "type": "binary-expr",
        "locations": [
          {
            "start": { "line": 47, "column": 21 },
            "end": { "line": 47, "column": 25 }
          },
          {
            "start": { "line": 47, "column": 29 },
            "end": { "line": 47, "column": 34 }
          }
        ]
      },
      "2": {
        "loc": {
          "start": { "line": 48, "column": 4 },
          "end": { "line": 48, "column": 36 }
        },
        "type": "if",
        "locations": [
          {
            "start": { "line": 48, "column": 4 },
            "end": { "line": 48, "column": 36 }
          }
        ]
      },
      "3": {
        "loc": {
          "start": { "line": 48, "column": 8 },
          "end": { "line": 48, "column": 27 }
        },
        "type": "binary-expr",
        "locations": [
          {
            "start": { "line": 48, "column": 8 },
            "end": { "line": 48, "column": 16 }
          },
          {
            "start": { "line": 48, "column": 20 },
            "end": { "line": 48, "column": 27 }
          }
        ]
      },
      "4": {
        "loc": {
          "start": { "line": 68, "column": 12 },
          "end": { "line": 70, "column": 22 }
        },
        "type": "cond-expr",
        "locations": [
          {
            "start": { "line": 69, "column": 17 },
            "end": { "line": 69, "column": 60 }
          },
          {
            "start": { "line": 70, "column": 16 },
            "end": { "line": 70, "column": 22 }
          }
        ]
      },
      "5": {
        "loc": {
          "start": { "line": 69, "column": 17 },
          "end": { "line": 69, "column": 60 }
        },
        "type": "binary-expr",
        "locations": [
          {
            "start": { "line": 69, "column": 17 },
            "end": { "line": 69, "column": 50 }
          },
          {
            "start": { "line": 69, "column": 54 },
            "end": { "line": 69, "column": 60 }
          }
        ]
      },
      "6": {
        "loc": {
          "start": { "line": 74, "column": 6 },
          "end": { "line": 77, "column": 7 }
        },
        "type": "if",
        "locations": [
          {
            "start": { "line": 74, "column": 6 },
            "end": { "line": 77, "column": 7 }
          }
        ]
      },
      "7": {
        "loc": {
          "start": { "line": 76, "column": 24 },
          "end": { "line": 76, "column": 65 }
        },
        "type": "binary-expr",
        "locations": [
          {
            "start": { "line": 76, "column": 24 },
            "end": { "line": 76, "column": 34 }
          },
          {
            "start": { "line": 76, "column": 38 },
            "end": { "line": 76, "column": 65 }
          }
        ]
      },
      "8": {
        "loc": {
          "start": { "line": 83, "column": 14 },
          "end": { "line": 83, "column": 60 }
        },
        "type": "binary-expr",
        "locations": [
          {
            "start": { "line": 83, "column": 14 },
            "end": { "line": 83, "column": 32 }
          },
          {
            "start": { "line": 83, "column": 36 },
            "end": { "line": 83, "column": 60 }
          }
        ]
      },
      "9": {
        "loc": {
          "start": { "line": 89, "column": 6 },
          "end": { "line": 95, "column": 7 }
        },
        "type": "if",
        "locations": [
          {
            "start": { "line": 89, "column": 6 },
            "end": { "line": 95, "column": 7 }
          }
        ]
      },
      "10": {
        "loc": {
          "start": { "line": 97, "column": 15 },
          "end": { "line": 97, "column": 75 }
        },
        "type": "cond-expr",
        "locations": [
          {
            "start": { "line": 97, "column": 38 },
            "end": { "line": 97, "column": 49 }
          },
          {
            "start": { "line": 97, "column": 52 },
            "end": { "line": 97, "column": 75 }
          }
        ]
      },
      "11": {
        "loc": {
          "start": { "line": 135, "column": 9 },
          "end": { "line": 165, "column": null }
        },
        "type": "binary-expr",
        "locations": [
          {
            "start": { "line": 135, "column": 9 },
            "end": { "line": 135, "column": 30 }
          },
          {
            "start": { "line": 135, "column": 34 },
            "end": { "line": 135, "column": 42 }
          },
          {
            "start": { "line": 136, "column": 10 },
            "end": { "line": 164, "column": null }
          }
        ]
      },
      "12": {
        "loc": {
          "start": { "line": 171, "column": 37 },
          "end": { "line": 171, "column": 88 }
        },
        "type": "cond-expr",
        "locations": [
          {
            "start": { "line": 171, "column": 57 },
            "end": { "line": 171, "column": 75 }
          },
          {
            "start": { "line": 171, "column": 78 },
            "end": { "line": 171, "column": 88 }
          }
        ]
      },
      "13": {
        "loc": {
          "start": { "line": 175, "column": 16 },
          "end": { "line": 177, "column": null }
        },
        "type": "cond-expr",
        "locations": [
          {
            "start": { "line": 176, "column": 20 },
            "end": { "line": 176, "column": 62 }
          },
          {
            "start": { "line": 177, "column": 20 },
            "end": { "line": 177, "column": null }
          }
        ]
      },
      "14": {
        "loc": {
          "start": { "line": 180, "column": 15 },
          "end": { "line": 189, "column": null }
        },
        "type": "cond-expr",
        "locations": [
          {
            "start": { "line": 181, "column": 16 },
            "end": { "line": 183, "column": null }
          },
          {
            "start": { "line": 186, "column": 16 },
            "end": { "line": 188, "column": null }
          }
        ]
      },
      "15": {
        "loc": {
          "start": { "line": 195, "column": 18 },
          "end": { "line": 197, "column": null }
        },
        "type": "cond-expr",
        "locations": [
          {
            "start": { "line": 196, "column": 22 },
            "end": { "line": 196, "column": 155 }
          },
          {
            "start": { "line": 197, "column": 22 },
            "end": { "line": 197, "column": null }
          }
        ]
      },
      "16": {
        "loc": {
          "start": { "line": 203, "column": 62 },
          "end": { "line": 203, "column": 108 }
        },
        "type": "cond-expr",
        "locations": [
          {
            "start": { "line": 203, "column": 82 },
            "end": { "line": 203, "column": 99 }
          },
          {
            "start": { "line": 203, "column": 102 },
            "end": { "line": 203, "column": 108 }
          }
        ]
      },
      "17": {
        "loc": {
          "start": { "line": 205, "column": 26 },
          "end": { "line": 205, "column": 50 }
        },
        "type": "binary-expr",
        "locations": [
          {
            "start": { "line": 205, "column": 26 },
            "end": { "line": 205, "column": 43 }
          },
          {
            "start": { "line": 205, "column": 47 },
            "end": { "line": 205, "column": 50 }
          }
        ]
      },
      "18": {
        "loc": {
          "start": { "line": 211, "column": 9 },
          "end": { "line": 221, "column": null }
        },
        "type": "binary-expr",
        "locations": [
          {
            "start": { "line": 211, "column": 9 },
            "end": { "line": 211, "column": 16 }
          },
          {
            "start": { "line": 212, "column": 10 },
            "end": { "line": 220, "column": null }
          }
        ]
      },
      "19": {
        "loc": {
          "start": { "line": 225, "column": 7 },
          "end": { "line": 228, "column": null }
        },
        "type": "binary-expr",
        "locations": [
          {
            "start": { "line": 225, "column": 7 },
            "end": { "line": 225, "column": 12 }
          },
          {
            "start": { "line": 226, "column": 8 },
            "end": { "line": 227, "column": null }
          }
        ]
      },
      "20": {
        "loc": {
          "start": { "line": 252, "column": 20 },
          "end": { "line": 252, "column": 44 }
        },
        "type": "binary-expr",
        "locations": [
          {
            "start": { "line": 252, "column": 20 },
            "end": { "line": 252, "column": 27 }
          },
          {
            "start": { "line": 252, "column": 31 },
            "end": { "line": 252, "column": 44 }
          }
        ]
      },
      "21": {
        "loc": {
          "start": { "line": 256, "column": 11 },
          "end": { "line": 259, "column": null }
        },
        "type": "cond-expr",
        "locations": [
          {
            "start": { "line": 257, "column": 12 },
            "end": { "line": 257, "column": 75 }
          },
          {
            "start": { "line": 259, "column": 12 },
            "end": { "line": 259, "column": 59 }
          }
        ]
      }
    },
    "s": {
      "0": 1,
      "1": 1,
      "2": 1,
      "3": 1,
      "4": 5,
      "5": 12,
      "6": 12,
      "7": 12,
      "8": 12,
      "9": 12,
      "10": 12,
      "11": 0,
      "12": 0,
      "13": 0,
      "14": 0,
      "15": 4,
      "16": 4,
      "17": 4,
      "18": 3,
      "19": 3,
      "20": 0,
      "21": 3,
      "22": 3,
      "23": 3,
      "24": 3,
      "25": 3,
      "26": 3,
      "27": 3,
      "28": 3,
      "29": 2,
      "30": 0,
      "31": 0,
      "32": 0,
      "33": 2,
      "34": 2,
      "35": 2,
      "36": 2,
      "37": 2,
      "38": 0,
      "39": 1,
      "40": 3,
      "41": 3,
      "42": 3,
      "43": 12,
      "44": 24,
      "45": 1,
      "46": 8,
      "47": 2,
      "48": 2,
      "49": 2
    },
    "f": {
      "0": 5,
      "1": 12,
      "2": 4,
      "3": 0,
      "4": 4,
      "5": 3,
      "6": 3,
      "7": 0,
      "8": 2,
      "9": 3,
      "10": 24,
      "11": 1,
      "12": 8,
      "13": 2,
      "14": 2
    },
    "b": {
      "0": [0],
      "1": [3, 2],
      "2": [0],
      "3": [3, 3],
      "4": [3, 0],
      "5": [3, 0],
      "6": [0],
      "7": [0, 0],
      "8": [2, 0],
      "9": [0],
      "10": [1, 0],
      "11": [12, 6, 6],
      "12": [6, 2],
      "13": [6, 2],
      "14": [6, 2],
      "15": [6, 2],
      "16": [6, 2],
      "17": [8, 6],
      "18": [12, 3],
      "19": [12, 1],
      "20": [12, 9],
      "21": [3, 9]
    }
  },
  "C:\\Users\\Manan Shah\\Downloads\\stadium-smartguide\\src\\components\\LiveMap.tsx": {
    "path": "C:\\Users\\Manan Shah\\Downloads\\stadium-smartguide\\src\\components\\LiveMap.tsx",
    "statementMap": {
      "0": {
        "start": { "line": 305, "column": 0 },
        "end": { "line": 305, "column": 24 }
      },
      "1": {
        "start": { "line": 3, "column": 0 },
        "end": { "line": 3, "column": 44 }
      },
      "2": {
        "start": { "line": 4, "column": 0 },
        "end": { "line": 4, "column": 63 }
      },
      "3": {
        "start": { "line": 6, "column": 0 },
        "end": { "line": 6, "column": 60 }
      },
      "4": {
        "start": { "line": 18, "column": 6 },
        "end": { "line": 61, "column": 2 }
      },
      "5": {
        "start": { "line": 66, "column": 4 },
        "end": { "line": 70, "column": 2 }
      },
      "6": {
        "start": { "line": 72, "column": 66 },
        "end": { "line": 211, "column": 2 }
      },
      "7": {
        "start": { "line": 213, "column": 21 },
        "end": { "line": 220, "column": 2 }
      },
      "8": {
        "start": { "line": 223, "column": 70 },
        "end": { "line": 249, "column": 2 }
      },
      "9": {
        "start": { "line": 262, "column": 2 },
        "end": { "line": 302, "column": 4 }
      },
      "10": {
        "start": { "line": 308, "column": 29 },
        "end": { "line": 308, "column": 47 }
      },
      "11": {
        "start": { "line": 311, "column": 26 },
        "end": { "line": 311, "column": 37 }
      },
      "12": {
        "start": { "line": 312, "column": 40 },
        "end": { "line": 312, "column": 54 }
      },
      "13": {
        "start": { "line": 313, "column": 54 },
        "end": { "line": 314, "column": null }
      },
      "14": {
        "start": { "line": 318, "column": 2 },
        "end": { "line": 326, "column": 9 }
      },
      "15": {
        "start": { "line": 320, "column": 20 },
        "end": { "line": 320, "column": 58 }
      },
      "16": {
        "start": { "line": 321, "column": 6 },
        "end": { "line": 321, "column": 34 }
      },
      "17": {
        "start": { "line": 323, "column": 4 },
        "end": { "line": 323, "column": 66 }
      },
      "18": {
        "start": { "line": 324, "column": 4 },
        "end": { "line": 325, "column": 71 }
      },
      "19": {
        "start": { "line": 325, "column": 6 },
        "end": { "line": 325, "column": 70 }
      },
      "20": {
        "start": { "line": 328, "column": 20 },
        "end": { "line": 329, "column": 46 }
      },
      "21": {
        "start": { "line": 329, "column": 4 },
        "end": { "line": 329, "column": 46 }
      },
      "22": {
        "start": { "line": 329, "column": 25 },
        "end": { "line": 329, "column": 45 }
      },
      "23": {
        "start": { "line": 332, "column": 24 },
        "end": { "line": 338, "column": 3 }
      },
      "24": {
        "start": { "line": 333, "column": 4 },
        "end": { "line": 333, "column": 51 }
      },
      "25": {
        "start": { "line": 333, "column": 39 },
        "end": { "line": 333, "column": 51 }
      },
      "26": {
        "start": { "line": 334, "column": 4 },
        "end": { "line": 334, "column": 60 }
      },
      "27": {
        "start": { "line": 334, "column": 29 },
        "end": { "line": 334, "column": 60 }
      },
      "28": {
        "start": { "line": 335, "column": 4 },
        "end": { "line": 335, "column": 66 }
      },
      "29": {
        "start": { "line": 335, "column": 30 },
        "end": { "line": 335, "column": 66 }
      },
      "30": {
        "start": { "line": 336, "column": 4 },
        "end": { "line": 336, "column": 67 }
      },
      "31": {
        "start": { "line": 336, "column": 30 },
        "end": { "line": 336, "column": 67 }
      },
      "32": {
        "start": { "line": 337, "column": 4 },
        "end": { "line": 337, "column": 17 }
      },
      "33": {
        "start": { "line": 340, "column": 21 },
        "end": { "line": 344, "column": 3 }
      },
      "34": {
        "start": { "line": 341, "column": 4 },
        "end": { "line": 341, "column": 45 }
      },
      "35": {
        "start": { "line": 341, "column": 20 },
        "end": { "line": 341, "column": 45 }
      },
      "36": {
        "start": { "line": 342, "column": 4 },
        "end": { "line": 342, "column": 43 }
      },
      "37": {
        "start": { "line": 342, "column": 20 },
        "end": { "line": 342, "column": 43 }
      },
      "38": {
        "start": { "line": 343, "column": 4 },
        "end": { "line": 343, "column": 26 }
      },
      "39": {
        "start": { "line": 346, "column": 28 },
        "end": { "line": 373, "column": 3 }
      },
      "40": {
        "start": { "line": 347, "column": 47 },
        "end": { "line": 347, "column": 49 }
      },
      "41": {
        "start": { "line": 348, "column": 4 },
        "end": { "line": 371, "column": 5 }
      },
      "42": {
        "start": { "line": 348, "column": 17 },
        "end": { "line": 348, "column": 18 }
      },
      "43": {
        "start": { "line": 349, "column": 23 },
        "end": { "line": 349, "column": 36 }
      },
      "44": {
        "start": { "line": 350, "column": 21 },
        "end": { "line": 350, "column": 38 }
      },
      "45": {
        "start": { "line": 351, "column": 6 },
        "end": { "line": 351, "column": 41 }
      },
      "46": {
        "start": { "line": 351, "column": 32 },
        "end": { "line": 351, "column": 41 }
      },
      "47": {
        "start": { "line": 353, "column": 18 },
        "end": { "line": 353, "column": 41 }
      },
      "48": {
        "start": { "line": 354, "column": 25 },
        "end": { "line": 354, "column": 43 }
      },
      "49": {
        "start": { "line": 356, "column": 6 },
        "end": { "line": 370, "column": 7 }
      },
      "50": {
        "start": { "line": 357, "column": 8 },
        "end": { "line": 362, "column": 11 }
      },
      "51": {
        "start": { "line": 358, "column": 25 },
        "end": { "line": 358, "column": 50 }
      },
      "52": {
        "start": { "line": 359, "column": 10 },
        "end": { "line": 361, "column": 11 }
      },
      "53": {
        "start": { "line": 360, "column": 12 },
        "end": { "line": 360, "column": 28 }
      },
      "54": {
        "start": { "line": 364, "column": 19 },
        "end": { "line": 364, "column": 65 }
      },
      "55": {
        "start": { "line": 364, "column": 43 },
        "end": { "line": 364, "column": 64 }
      },
      "56": {
        "start": { "line": 365, "column": 19 },
        "end": { "line": 365, "column": 63 }
      },
      "57": {
        "start": { "line": 365, "column": 43 },
        "end": { "line": 365, "column": 62 }
      },
      "58": {
        "start": { "line": 366, "column": 8 },
        "end": { "line": 369, "column": 9 }
      },
      "59": {
        "start": { "line": 367, "column": 10 },
        "end": { "line": 367, "column": 46 }
      },
      "60": {
        "start": { "line": 368, "column": 10 },
        "end": { "line": 368, "column": 46 }
      },
      "61": {
        "start": { "line": 372, "column": 4 },
        "end": { "line": 372, "column": 56 }
      },
      "62": {
        "start": { "line": 372, "column": 29 },
        "end": { "line": 372, "column": 44 }
      },
      "63": {
        "start": { "line": 375, "column": 23 },
        "end": { "line": 375, "column": 63 }
      },
      "64": {
        "start": { "line": 375, "column": 29 },
        "end": { "line": 375, "column": 63 }
      },
      "65": {
        "start": { "line": 375, "column": 44 },
        "end": { "line": 375, "column": 62 }
      },
      "66": {
        "start": { "line": 376, "column": 24 },
        "end": { "line": 376, "column": 64 }
      },
      "67": {
        "start": { "line": 376, "column": 30 },
        "end": { "line": 376, "column": 64 }
      },
      "68": {
        "start": { "line": 376, "column": 45 },
        "end": { "line": 376, "column": 63 }
      },
      "69": {
        "start": { "line": 377, "column": 28 },
        "end": { "line": 381, "column": 3 }
      },
      "70": {
        "start": { "line": 378, "column": 4 },
        "end": { "line": 378, "column": 15 }
      },
      "71": {
        "start": { "line": 379, "column": 4 },
        "end": { "line": 379, "column": 25 }
      },
      "72": {
        "start": { "line": 380, "column": 4 },
        "end": { "line": 380, "column": 32 }
      },
      "73": {
        "start": { "line": 383, "column": 2 },
        "end": { "line": 1021, "column": 4 }
      },
      "74": {
        "start": { "line": 427, "column": 14 },
        "end": { "line": 428, "column": null }
      },
      "75": {
        "start": { "line": 431, "column": 31 },
        "end": { "line": 431, "column": 52 }
      },
      "76": {
        "start": { "line": 591, "column": 28 },
        "end": { "line": 591, "column": 62 }
      },
      "77": {
        "start": { "line": 592, "column": 25 },
        "end": { "line": 592, "column": 52 }
      },
      "78": {
        "start": { "line": 593, "column": 25 },
        "end": { "line": 593, "column": 52 }
      },
      "79": {
        "start": { "line": 594, "column": 25 },
        "end": { "line": 594, "column": 52 }
      },
      "80": {
        "start": { "line": 595, "column": 25 },
        "end": { "line": 595, "column": 52 }
      },
      "81": {
        "start": { "line": 596, "column": 14 },
        "end": { "line": 606, "column": 16 }
      },
      "82": {
        "start": { "line": 747, "column": 29 },
        "end": { "line": 747, "column": 51 }
      },
      "83": {
        "start": { "line": 748, "column": 27 },
        "end": { "line": 748, "column": 61 }
      },
      "84": {
        "start": { "line": 749, "column": 29 },
        "end": { "line": 749, "column": 46 }
      },
      "85": {
        "start": { "line": 750, "column": 26 },
        "end": { "line": 750, "column": 79 }
      },
      "86": {
        "start": { "line": 751, "column": 29 },
        "end": { "line": 751, "column": 55 }
      },
      "87": {
        "start": { "line": 753, "column": 14 },
        "end": { "line": 814, "column": 16 }
      },
      "88": {
        "start": { "line": 822, "column": 20 },
        "end": { "line": 823, "column": 42 }
      },
      "89": {
        "start": { "line": 822, "column": 45 },
        "end": { "line": 822, "column": 75 }
      },
      "90": {
        "start": { "line": 824, "column": 18 },
        "end": { "line": 920, "column": 20 }
      },
      "91": {
        "start": { "line": 994, "column": 14 },
        "end": { "line": 995, "column": null }
      },
      "92": {
        "start": { "line": 998, "column": 18 },
        "end": { "line": 999, "column": null }
      }
    },
    "fnMap": {
      "0": {
        "name": "AmenityCallout",
        "decl": {
          "start": { "line": 251, "column": 9 },
          "end": { "line": 251, "column": 23 }
        },
        "loc": {
          "start": { "line": 261, "column": 1 },
          "end": { "line": 303, "column": 1 }
        }
      },
      "1": {
        "name": "LiveMap",
        "decl": {
          "start": { "line": 305, "column": 24 },
          "end": { "line": 305, "column": 31 }
        },
        "loc": {
          "start": { "line": 307, "column": 15 },
          "end": { "line": 1022, "column": 1 }
        }
      },
      "2": {
        "name": "(anonymous_2)",
        "decl": {
          "start": { "line": 318, "column": 12 },
          "end": { "line": 318, "column": 15 }
        },
        "loc": {
          "start": { "line": 318, "column": 17 },
          "end": { "line": 326, "column": 3 }
        }
      },
      "3": {
        "name": "handleHighlight",
        "decl": {
          "start": { "line": 319, "column": 13 },
          "end": { "line": 319, "column": 28 }
        },
        "loc": {
          "start": { "line": 319, "column": 37 },
          "end": { "line": 322, "column": 5 }
        }
      },
      "4": {
        "name": "(anonymous_4)",
        "decl": {
          "start": { "line": 324, "column": 11 },
          "end": { "line": 324, "column": 14 }
        },
        "loc": {
          "start": { "line": 325, "column": 6 },
          "end": { "line": 325, "column": 70 }
        }
      },
      "5": {
        "name": "(anonymous_5)",
        "decl": {
          "start": { "line": 328, "column": 20 },
          "end": { "line": 328, "column": 21 }
        },
        "loc": {
          "start": { "line": 329, "column": 4 },
          "end": { "line": 329, "column": 46 }
        }
      },
      "6": {
        "name": "(anonymous_6)",
        "decl": {
          "start": { "line": 329, "column": 18 },
          "end": { "line": 329, "column": 19 }
        },
        "loc": {
          "start": { "line": 329, "column": 25 },
          "end": { "line": 329, "column": 45 }
        }
      },
      "7": {
        "name": "(anonymous_7)",
        "decl": {
          "start": { "line": 332, "column": 24 },
          "end": { "line": 332, "column": 25 }
        },
        "loc": {
          "start": { "line": 332, "column": 52 },
          "end": { "line": 338, "column": 3 }
        }
      },
      "8": {
        "name": "(anonymous_8)",
        "decl": {
          "start": { "line": 340, "column": 21 },
          "end": { "line": 340, "column": 32 }
        },
        "loc": {
          "start": { "line": 340, "column": 34 },
          "end": { "line": 344, "column": 3 }
        }
      },
      "9": {
        "name": "(anonymous_9)",
        "decl": {
          "start": { "line": 346, "column": 28 },
          "end": { "line": 346, "column": 39 }
        },
        "loc": {
          "start": { "line": 346, "column": 41 },
          "end": { "line": 373, "column": 3 }
        }
      },
[...]
        },
        "type": "if",
        "locations": [
          {
            "start": { "line": 39, "column": 2 },
            "end": { "line": 42, "column": 3 }
          }
        ]
      },
      "6": {
        "loc": {
          "start": { "line": 61, "column": 2 },
          "end": { "line": 62, "column": 30 }
        },
        "type": "if",
        "locations": [
          {
            "start": { "line": 61, "column": 2 },
            "end": { "line": 62, "column": 30 }
          }
        ]
      },
      "7": {
        "loc": {
          "start": { "line": 61, "column": 6 },
          "end": { "line": 61, "column": 71 }
        },
        "type": "binary-expr",
        "locations": [
          {
            "start": { "line": 61, "column": 6 },
            "end": { "line": 61, "column": 33 }
          },
          {
            "start": { "line": 61, "column": 37 },
            "end": { "line": 61, "column": 71 }
          }
        ]
      },
      "8": {
        "loc": {
          "start": { "line": 63, "column": 2 },
          "end": { "line": 64, "column": 30 }
        },
        "type": "if",
        "locations": [
          {
            "start": { "line": 63, "column": 2 },
            "end": { "line": 64, "column": 30 }
          }
        ]
      },
      "9": {
        "loc": {
          "start": { "line": 63, "column": 6 },
          "end": { "line": 63, "column": 74 }
        },
        "type": "binary-expr",
        "locations": [
          {
            "start": { "line": 63, "column": 6 },
            "end": { "line": 63, "column": 36 }
          },
          {
            "start": { "line": 63, "column": 40 },
            "end": { "line": 63, "column": 74 }
          }
        ]
      },
      "10": {
        "loc": {
          "start": { "line": 74, "column": 2 },
          "end": { "line": 74, "column": 36 }
        },
        "type": "if",
        "locations": [
          {
            "start": { "line": 74, "column": 2 },
            "end": { "line": 74, "column": 36 }
          }
        ]
      },
      "11": {
        "loc": {
          "start": { "line": 80, "column": 4 },
          "end": { "line": 80, "column": 24 }
        },
        "type": "if",
        "locations": [
          {
            "start": { "line": 80, "column": 4 },
            "end": { "line": 80, "column": 24 }
          }
        ]
      },
      "12": {
        "loc": {
          "start": { "line": 82, "column": 4 },
          "end": { "line": 82, "column": 37 }
        },
        "type": "if",
        "locations": [
          {
            "start": { "line": 82, "column": 4 },
            "end": { "line": 82, "column": 37 }
          }
        ]
      },
      "13": {
        "loc": {
          "start": { "line": 83, "column": 22 },
          "end": { "line": 83, "column": 43 }
        },
        "type": "binary-expr",
        "locations": [
          {
            "start": { "line": 83, "column": 22 },
            "end": { "line": 83, "column": 37 }
          },
          {
            "start": { "line": 83, "column": 41 },
            "end": { "line": 83, "column": 43 }
          }
        ]
      },
      "14": {
        "loc": {
          "start": { "line": 85, "column": 6 },
          "end": { "line": 85, "column": 42 }
        },
        "type": "if",
        "locations": [
          {
            "start": { "line": 85, "column": 6 },
            "end": { "line": 85, "column": 42 }
          }
        ]
      },
      "15": {
        "loc": {
          "start": { "line": 87, "column": 6 },
          "end": { "line": 87, "column": 44 }
        },
        "type": "if",
        "locations": [
          {
            "start": { "line": 87, "column": 6 },
            "end": { "line": 87, "column": 44 }
          }
        ]
      },
      "16": {
        "loc": {
          "start": { "line": 102, "column": 52 },
          "end": { "line": 102, "column": 76 }
        },
        "type": "binary-expr",
        "locations": [
          {
            "start": { "line": 102, "column": 52 },
            "end": { "line": 102, "column": 63 }
          },
          {
            "start": { "line": 102, "column": 67 },
            "end": { "line": 102, "column": 76 }
          }
        ]
      },
      "17": {
        "loc": {
          "start": { "line": 105, "column": 4 },
          "end": { "line": 105, "column": 37 }
        },
        "type": "if",
        "locations": [
          {
            "start": { "line": 105, "column": 4 },
            "end": { "line": 105, "column": 37 }
          }
        ]
      },
      "18": {
        "loc": {
          "start": { "line": 120, "column": 22 },
          "end": { "line": 120, "column": 65 }
        },
        "type": "binary-expr",
        "locations": [
          {
            "start": { "line": 120, "column": 22 },
            "end": { "line": 120, "column": 59 }
          },
          {
            "start": { "line": 120, "column": 63 },
            "end": { "line": 120, "column": 65 }
          }
        ]
      },
      "19": {
        "loc": {
          "start": { "line": 130, "column": 4 },
          "end": { "line": 130, "column": 66 }
        },
        "type": "cond-expr",
        "locations": [
          {
            "start": { "line": 130, "column": 36 },
            "end": { "line": 130, "column": 50 }
          },
          {
            "start": { "line": 130, "column": 53 },
            "end": { "line": 130, "column": 66 }
          }
        ]
      },
      "20": {
        "loc": {
          "start": { "line": 130, "column": 4 },
          "end": { "line": 130, "column": 33 }
        },
        "type": "binary-expr",
        "locations": [
          {
            "start": { "line": 130, "column": 4 },
            "end": { "line": 130, "column": 15 }
          },
          {
            "start": { "line": 130, "column": 19 },
            "end": { "line": 130, "column": 33 }
          }
        ]
      },
      "21": {
        "loc": {
          "start": { "line": 131, "column": 18 },
          "end": { "line": 131, "column": 78 }
        },
        "type": "cond-expr",
        "locations": [
          {
            "start": { "line": 131, "column": 46 },
            "end": { "line": 131, "column": 58 }
          },
          {
            "start": { "line": 131, "column": 61 },
            "end": { "line": 131, "column": 78 }
          }
        ]
      },
      "22": {
        "loc": {
          "start": { "line": 131, "column": 18 },
          "end": { "line": 131, "column": 43 }
        },
        "type": "binary-expr",
        "locations": [
          {
            "start": { "line": 131, "column": 18 },
            "end": { "line": 131, "column": 27 }
          },
          {
            "start": { "line": 131, "column": 31 },
            "end": { "line": 131, "column": 43 }
          }
        ]
      },
      "23": {
        "loc": {
          "start": { "line": 135, "column": 2 },
          "end": { "line": 141, "column": 3 }
        },
        "type": "if",
        "locations": [
          {
            "start": { "line": 135, "column": 2 },
            "end": { "line": 141, "column": 3 }
          }
        ]
      },
      "24": {
        "loc": {
          "start": { "line": 144, "column": 2 },
          "end": { "line": 152, "column": 3 }
        },
        "type": "if",
        "locations": [
          {
            "start": { "line": 144, "column": 2 },
            "end": { "line": 152, "column": 3 }
          }
        ]
      },
      "25": {
        "loc": {
          "start": { "line": 157, "column": 21 },
          "end": { "line": 160, "column": 4 }
        },
        "type": "binary-expr",
        "locations": [
          {
            "start": { "line": 157, "column": 21 },
            "end": { "line": 157, "column": 59 }
          },
          {
            "start": { "line": 157, "column": 63 },
            "end": { "line": 160, "column": 4 }
          }
        ]
      },
      "26": {
        "loc": {
          "start": { "line": 170, "column": 19 },
          "end": { "line": 170, "column": 41 }
        },
        "type": "binary-expr",
        "locations": [
          {
            "start": { "line": 170, "column": 19 },
            "end": { "line": 170, "column": 27 }
          },
          {
            "start": { "line": 170, "column": 31 },
            "end": { "line": 170, "column": 41 }
          }
        ]
      },
      "27": {
        "loc": {
          "start": { "line": 172, "column": 4 },
          "end": { "line": 172, "column": 68 }
        },
        "type": "binary-expr",
        "locations": [
          {
            "start": { "line": 172, "column": 4 },
            "end": { "line": 172, "column": 21 }
          },
          {
            "start": { "line": 172, "column": 25 },
            "end": { "line": 172, "column": 68 }
          }
        ]
      },
      "28": {
        "loc": {
          "start": { "line": 176, "column": 17 },
          "end": { "line": 178, "column": 69 }
        },
        "type": "cond-expr",
        "locations": [
          {
            "start": { "line": 177, "column": 6 },
            "end": { "line": 177, "column": 101 }
          },
          {
            "start": { "line": 178, "column": 6 },
            "end": { "line": 178, "column": 69 }
          }
        ]
      },
      "29": {
        "loc": {
          "start": { "line": 197, "column": 2 },
          "end": { "line": 204, "column": 3 }
        },
        "type": "if",
        "locations": [
          {
            "start": { "line": 197, "column": 2 },
            "end": { "line": 204, "column": 3 }
          }
        ]
      },
      "30": {
        "loc": {
          "start": { "line": 198, "column": 21 },
          "end": { "line": 198, "column": 77 }
        },
        "type": "binary-expr",
        "locations": [
          {
            "start": { "line": 198, "column": 21 },
            "end": { "line": 198, "column": 69 }
          },
          {
            "start": { "line": 198, "column": 73 },
            "end": { "line": 198, "column": 77 }
          }
        ]
      },
      "31": {
        "loc": {
          "start": { "line": 209, "column": 22 },
          "end": { "line": 209, "column": 62 }
        },
        "type": "binary-expr",
        "locations": [
          {
            "start": { "line": 209, "column": 22 },
            "end": { "line": 209, "column": 56 }
          },
          {
            "start": { "line": 209, "column": 60 },
            "end": { "line": 209, "column": 62 }
          }
        ]
      },
      "32": {
        "loc": {
          "start": { "line": 210, "column": 26 },
          "end": { "line": 210, "column": 77 }
        },
        "type": "binary-expr",
        "locations": [
          {
            "start": { "line": 210, "column": 26 },
            "end": { "line": 210, "column": 69 }
          },
          {
            "start": { "line": 210, "column": 73 },
            "end": { "line": 210, "column": 77 }
          }
        ]
      },
      "33": {
        "loc": {
          "start": { "line": 214, "column": 26 },
          "end": { "line": 216, "column": 115 }
        },
        "type": "cond-expr",
        "locations": [
          {
            "start": { "line": 215, "column": 10 },
            "end": { "line": 215, "column": 92 }
          },
          {
            "start": { "line": 216, "column": 10 },
            "end": { "line": 216, "column": 115 }
          }
        ]
      },
      "34": {
        "loc": {
          "start": { "line": 243, "column": 34 },
          "end": { "line": 243, "column": 50 }
        },
        "type": "default-arg",
        "locations": [
          {
            "start": { "line": 243, "column": 46 },
            "end": { "line": 243, "column": 50 }
          }
        ]
      },
      "35": {
        "loc": {
          "start": { "line": 245, "column": 2 },
          "end": { "line": 248, "column": 3 }
        },
        "type": "if",
        "locations": [
          {
            "start": { "line": 245, "column": 2 },
            "end": { "line": 248, "column": 3 }
          }
        ]
      },
      "36": {
        "loc": {
          "start": { "line": 247, "column": 4 },
          "end": { "line": 247, "column": 30 }
        },
        "type": "if",
        "locations": [
          {
            "start": { "line": 247, "column": 4 },
            "end": { "line": 247, "column": 30 }
          }
        ]
      },
      "37": {
        "loc": {
          "start": { "line": 251, "column": 2 },
          "end": { "line": 268, "column": 3 }
        },
        "type": "if",
        "locations": [
          {
            "start": { "line": 251, "column": 2 },
            "end": { "line": 268, "column": 3 }
          }
        ]
      },
      "38": {
        "loc": {
          "start": { "line": 251, "column": 6 },
          "end": { "line": 251, "column": 72 }
        },
        "type": "binary-expr",
        "locations": [
          {
            "start": { "line": 251, "column": 6 },
            "end": { "line": 251, "column": 33 }
          },
          {
            "start": { "line": 251, "column": 37 },
            "end": { "line": 251, "column": 72 }
          }
        ]
      },
      "39": {
        "loc": {
          "start": { "line": 252, "column": 4 },
          "end": { "line": 254, "column": 5 }
        },
        "type": "if",
        "locations": [
          {
            "start": { "line": 252, "column": 4 },
            "end": { "line": 254, "column": 5 }
          }
        ]
      },
      "40": {
        "loc": {
          "start": { "line": 255, "column": 4 },
          "end": { "line": 263, "column": 5 }
        },
        "type": "if",
        "locations": [
          {
            "start": { "line": 255, "column": 4 },
            "end": { "line": 263, "column": 5 }
          }
        ]
      },
      "41": {
        "loc": {
          "start": { "line": 257, "column": 22 },
          "end": { "line": 257, "column": 64 }
        },
        "type": "cond-expr",
        "locations": [
          {
            "start": { "line": 257, "column": 48 },
            "end": { "line": 257, "column": 59 }
          },
          {
            "start": { "line": 257, "column": 62 },
            "end": { "line": 257, "column": 64 }
          }
        ]
      },
      "42": {
        "loc": {
          "start": { "line": 257, "column": 22 },
          "end": { "line": 257, "column": 45 }
        },
        "type": "binary-expr",
        "locations": [
          {
            "start": { "line": 257, "column": 22 },
            "end": { "line": 257, "column": 30 }
          },
          {
            "start": { "line": 257, "column": 34 },
            "end": { "line": 257, "column": 45 }
          }
        ]
      },
      "43": {
        "loc": {
          "start": { "line": 264, "column": 4 },
          "end": { "line": 266, "column": 5 }
        },
        "type": "if",
        "locations": [
          {
            "start": { "line": 264, "column": 4 },
            "end": { "line": 266, "column": 5 }
          }
        ]
      },
      "44": {
        "loc": {
          "start": { "line": 288, "column": 4 },
          "end": { "line": 290, "column": 5 }
        },
        "type": "if",
        "locations": [
          {
            "start": { "line": 288, "column": 4 },
            "end": { "line": 290, "column": 5 }
          }
        ]
      },
      "45": {
        "loc": {
          "start": { "line": 292, "column": 4 },
          "end": { "line": 292, "column": 43 }
        },
        "type": "if",
        "locations": [
          {
            "start": { "line": 292, "column": 4 },
            "end": { "line": 292, "column": 43 }
          }
        ]
      },
      "46": {
        "loc": {
          "start": { "line": 295, "column": 4 },
          "end": { "line": 295, "column": 53 }
        },
        "type": "if",
        "locations": [
          {
            "start": { "line": 295, "column": 4 },
            "end": { "line": 295, "column": 53 }
          }
        ]
      },
      "47": {
        "loc": {
          "start": { "line": 297, "column": 6 },
          "end": { "line": 297, "column": 69 }
        },
        "type": "cond-expr",
        "locations": [
          {
            "start": { "line": 297, "column": 29 },
            "end": { "line": 297, "column": 40 }
          },
          {
            "start": { "line": 297, "column": 43 },
            "end": { "line": 297, "column": 69 }
          }
        ]
      }
    },
    "s": {
      "0": 3,
      "1": 3,
      "2": 3,
      "3": 3,
      "4": 3,
      "5": 2,
      "6": 1,
      "7": 0,
      "8": 1,
      "9": 2,
      "10": 3,
      "11": 3,
      "12": 3,
      "13": 2,
      "14": 2,
      "15": 1,
      "16": 1,
      "17": 0,
      "18": 0,
      "19": 1,
      "20": 1,
      "21": 3,
      "22": 6,
      "23": 3,
      "24": 3,
      "25": 0,
      "26": 3,
      "27": 6,
      "28": 0,
      "29": 6,
      "30": 6,
      "31": 6,
      "32": 18,
      "33": 18,
      "34": 0,
      "35": 18,
      "36": 18,
      "37": 0,
      "38": 18,
      "39": 18,
      "40": 30,
      "41": 9,
      "42": 21,
      "43": 21,
      "44": 6,
      "45": 15,
      "46": 15,
      "47": 0,
      "48": 3,
      "49": 1,
      "50": 3,
      "51": 3,
      "52": 17,
      "53": 1,
      "54": 16,
      "55": 30,
      "56": 3,
      "57": 3,
      "58": 3,
      "59": 3,
      "60": 3,
      "61": 3,
      "62": 3,
      "63": 3,
      "64": 3,
      "65": 3,
      "66": 3,
      "67": 3,
      "68": 1,
      "69": 1,
      "70": 0,
      "71": 3,
      "72": 3,
      "73": 1,
      "74": 1,
      "75": 3,
      "76": 3,
      "77": 3,
      "78": 3,
      "79": 3,
      "80": 3,
      "81": 3,
      "82": 3,
      "83": 3,
      "84": 3,
      "85": 3,
      "86": 2,
      "87": 2,
      "88": 2,
      "89": 2,
      "90": 2,
      "91": 2,
      "92": 2,
      "93": 0,
      "94": 2,
      "95": 4,
      "96": 2,
      "97": 4,
      "98": 4,
      "99": 6,
      "100": 4,
      "101": 2,
      "102": 3,
      "103": 3,
      "104": 14,
      "105": 14,
      "106": 2,
      "107": 2,
      "108": 1,
      "109": 13,
      "110": 11,
      "111": 3,
      "112": 8,
      "113": 6,
      "114": 6,
      "115": 12,
      "116": 6,
      "117": 6,
      "118": 2,
      "119": 2,
      "120": 0,
      "121": 2,
      "122": 2,
      "123": 2,
      "124": 1,
      "125": 2,
      "126": 2,
      "127": 1,
      "128": 1,
      "129": 0,
      "130": 1,
      "131": 1,
      "132": 1,
      "133": 1,
      "134": 1,
      "135": 0
    },
    "f": {
      "0": 2,
      "1": 2,
      "2": 1,
      "3": 6,
      "4": 6,
      "5": 3,
      "6": 1,
      "7": 30,
      "8": 3,
      "9": 2,
      "10": 4,
      "11": 4,
      "12": 6,
      "13": 14,
      "14": 6,
      "15": 2,
      "16": 1
    },
    "b": {
      "0": [3, 1],
      "1": [3, 2],
      "2": [1],
      "3": [0],
      "4": [1],
      "5": [0],
      "6": [3],
      "7": [6, 3],
      "8": [0],
      "9": [3, 3],
      "10": [0],
      "11": [0],
      "12": [0],
      "13": [18, 0],
      "14": [9],
      "15": [6],
      "16": [1, 1],
      "17": [1],
      "18": [3, 0],
      "19": [3, 0],
      "20": [3, 3],
      "21": [3, 0],
      "22": [3, 3],
      "23": [1],
      "24": [1],
      "25": [3, 0],
      "26": [3, 0],
      "27": [3, 3],
      "28": [1, 2],
      "29": [2],
      "30": [2, 0],
      "31": [4, 0],
      "32": [4, 1],
      "33": [3, 1],
      "34": [13],
      "35": [2],
      "36": [1],
      "37": [11],
      "38": [13, 2],
      "39": [3],
      "40": [6],
      "41": [6, 0],
      "42": [6, 6],
      "43": [2],
      "44": [0],
      "45": [1],
      "46": [1],
      "47": [0, 0]
    }
  }
}
