TN:
SF:src\app\page.tsx
FN:65,FanDashboard
FN:89,(anonymous_2)
FN:98,(anonymous_3)
FN:109,(anonymous_4)
FN:111,(anonymous_5)
FN:112,(anonymous_6)
FN:113,(anonymous_7)
FN:116,handleFindRoute
FN:130,(anonymous_9)
FN:144,(anonymous_10)
FN:145,(anonymous_11)
FN:164,(anonymous_12)
FN:167,(anonymous_13)
FN:168,(anonymous_14)
FN:200,(anonymous_15)
FN:248,(anonymous_16)
FN:251,(anonymous_17)
FN:288,(anonymous_18)
FN:291,(anonymous_19)
FN:326,(anonymous_20)
FN:351,(anonymous_21)
FN:368,(anonymous_22)
FN:459,(anonymous_23)
FN:468,(anonymous_24)
FN:469,(anonymous_25)
FN:480,(anonymous_26)
FN:487,(anonymous_27)
FN:501,(anonymous_28)
FN:509,(anonymous_29)
FN:577,(anonymous_30)
FN:649,(anonymous_31)
FN:652,(anonymous_32)
FN:682,(anonymous_33)
FN:683,(anonymous_34)
FN:694,(anonymous_35)
FN:695,(anonymous_36)
FN:703,(anonymous_37)
FN:704,(anonymous_38)
FNF:38
FNH:0
FNDA:0,FanDashboard
FNDA:0,(anonymous_2)
FNDA:0,(anonymous_3)
FNDA:0,(anonymous_4)
FNDA:0,(anonymous_5)
FNDA:0,(anonymous_6)
FNDA:0,(anonymous_7)
FNDA:0,handleFindRoute
FNDA:0,(anonymous_9)
FNDA:0,(anonymous_10)
FNDA:0,(anonymous_11)
FNDA:0,(anonymous_12)
FNDA:0,(anonymous_13)
FNDA:0,(anonymous_14)
FNDA:0,(anonymous_15)
FNDA:0,(anonymous_16)
FNDA:0,(anonymous_17)
FNDA:0,(anonymous_18)
FNDA:0,(anonymous_19)
FNDA:0,(anonymous_20)
FNDA:0,(anonymous_21)
FNDA:0,(anonymous_22)
FNDA:0,(anonymous_23)
FNDA:0,(anonymous_24)
FNDA:0,(anonymous_25)
FNDA:0,(anonymous_26)
FNDA:0,(anonymous_27)
FNDA:0,(anonymous_28)
FNDA:0,(anonymous_29)
FNDA:0,(anonymous_30)
FNDA:0,(anonymous_31)
FNDA:0,(anonymous_32)
FNDA:0,(anonymous_33)
FNDA:0,(anonymous_34)
FNDA:0,(anonymous_35)
FNDA:0,(anonymous_36)
FNDA:0,(anonymous_37)
FNDA:0,(anonymous_38)
DA:3,0
DA:4,0
DA:5,0
DA:34,0
DA:35,0
DA:36,0
DA:41,0
DA:52,0
DA:65,0
DA:66,0
DA:67,0
DA:68,0
DA:69,0
DA:70,0
DA:71,0
DA:72,0
DA:73,0
DA:74,0
DA:75,0
DA:76,0
DA:89,0
DA:90,0
DA:98,0
DA:99,0
DA:109,0
DA:110,0
DA:111,0
DA:112,0
DA:117,0
DA:118,0
DA:119,0
DA:120,0
DA:129,0
DA:130,0
DA:131,0
DA:133,0
DA:134,0
DA:135,0
DA:137,0
DA:143,0
DA:144,0
DA:145,0
DA:146,0
DA:148,0
DA:149,0
DA:150,0
DA:151,0
DA:152,0
DA:155,0
DA:159,0
DA:164,0
DA:165,0
DA:166,0
DA:167,0
DA:168,0
DA:169,0
DA:170,0
DA:173,0
DA:174,0
DA:175,0
DA:181,0
DA:184,0
DA:201,0
DA:202,0
DA:226,0
DA:248,0
DA:252,0
DA:288,0
DA:292,0
DA:326,0
DA:351,0
DA:368,0
DA:418,0
DA:460,0
DA:469,0
DA:470,0
DA:480,0
DA:488,0
DA:502,0
DA:510,0
DA:511,0
DA:577,0
DA:650,0
DA:652,0
DA:683,0
DA:695,0
DA:704,0
DA:705,0
DA:706,0
LF:89
LH:0
BRDA:112,0,0,0
BRDA:112,0,1,0
BRDA:129,1,0,0
BRDA:131,2,0,0
BRDA:131,2,1,0
BRDA:134,3,0,0
BRDA:134,3,1,0
BRDA:137,4,0,0
BRDA:138,5,0,0
BRDA:138,5,1,0
BRDA:138,5,2,0
BRDA:138,5,3,0
BRDA:146,6,0,0
BRDA:156,7,0,0
BRDA:156,7,1,0
BRDA:165,8,0,0
BRDA:165,9,0,0
BRDA:165,9,1,0
BRDA:169,10,0,0
BRDA:206,11,0,0
BRDA:206,11,1,0
BRDA:328,12,0,0
BRDA:328,12,1,0
BRDA:335,13,0,0
BRDA:335,13,1,0
BRDA:353,14,0,0
BRDA:353,14,1,0
BRDA:360,15,0,0
BRDA:360,15,1,0
BRDA:372,16,0,0
BRDA:372,16,1,0
BRDA:388,17,0,0
BRDA:388,17,1,0
BRDA:394,18,0,0
BRDA:394,18,1,0
BRDA:587,19,0,0
BRDA:587,19,1,0
BRDA:653,20,0,0
BRDA:653,20,1,0
BRDA:655,21,0,0
BRDA:655,21,1,0
BRDA:667,22,0,0
BRDA:667,22,1,0
BRDA:678,23,0,0
BRDA:678,23,1,0
BRDA:692,24,0,0
BRDA:692,24,1,0
BRDA:705,25,0,0
BRF:48
BRH:0
end_of_record
TN:
SF:src\app\api\assistant\route.ts
FN:21,(anonymous_0)
FNF:1
FNH:1
FNDA:1,(anonymous_0)
DA:1,1
DA:2,1
DA:3,1
DA:5,1
DA:13,1
DA:22,1
DA:23,1
DA:29,1
DA:31,1
LF:9
LH:9
BRF:0
BRH:0
end_of_record
TN:
SF:src\app\api\crowd-analytics\route.ts
FN:9,loadSensors
FN:15,GET
FN:36,(anonymous_3)
FN:38,(anonymous_4)
FN:47,(anonymous_5)
FNF:5
FNH:5
FNDA:3,loadSensors
FNDA:1,GET
FNDA:2,(anonymous_3)
FNDA:3,(anonymous_4)
FNDA:1,(anonymous_5)
DA:1,1
DA:2,1
DA:3,1
DA:4,1
DA:5,1
DA:6,1
DA:7,1
DA:10,3
DA:11,3
DA:12,3
DA:15,1
DA:16,1
DA:17,1
DA:18,1
DA:20,0
DA:21,0
DA:28,1
DA:37,2
DA:38,3
DA:40,2
DA:41,1
DA:46,1
DA:47,1
DA:49,1
LF:24
LH:22
BRDA:40,0,0,1
BRF:1
BRH:1
end_of_record
TN:
SF:src\app\api\navigate\route.ts
FN:20,(anonymous_1)
FNF:1
FNH:1
FNDA:1,(anonymous_1)
DA:1,1
DA:2,1
DA:3,1
DA:4,1
DA:5,1
DA:6,1
DA:11,1
DA:21,1
DA:22,1
DA:23,1
DA:24,1
DA:26,1
DA:33,1
DA:35,1
LF:14
LH:14
BRF:0
BRH:0
end_of_record
TN:
SF:src\components\ChatConcierge.tsx
FN:20,timeNow
FN:27,ChatConcierge
FN:34,(anonymous_2)
FN:35,handleFocus
FN:43,(anonymous_4)
FN:46,handleSend
FN:56,(anonymous_6)
FN:72,(anonymous_7)
FN:83,(anonymous_8)
FN:88,(anonymous_9)
FN:143,(anonymous_10)
FN:146,(anonymous_11)
FN:156,(anonymous_12)
FN:221,(anonymous_13)
FN:234,(anonymous_14)
FNF:15
FNH:13
FNDA:5,timeNow
FNDA:12,ChatConcierge
FNDA:4,(anonymous_2)
FNDA:0,handleFocus
FNDA:4,(anonymous_4)
FNDA:3,handleSend
FNDA:3,(anonymous_6)
FNDA:0,(anonymous_7)
FNDA:2,(anonymous_8)
FNDA:3,(anonymous_9)
FNDA:24,(anonymous_10)
FNDA:1,(anonymous_11)
FNDA:8,(anonymous_12)
FNDA:2,(anonymous_13)
FNDA:2,(anonymous_14)
DA:3,1
DA:4,1
DA:13,1
DA:21,5
DA:27,1
DA:28,12
DA:29,12
DA:30,12
DA:31,12
DA:32,12
DA:34,12
DA:36,0
DA:37,0
DA:38,0
DA:39,0
DA:42,4
DA:43,4
DA:47,3
DA:48,3
DA:50,3
DA:56,3
DA:57,3
DA:58,3
DA:59,3
DA:61,3
DA:62,3
DA:71,2
DA:72,0
DA:73,0
DA:76,2
DA:77,2
DA:83,2
DA:85,1
DA:87,3
DA:88,3
DA:89,3
DA:97,12
DA:144,24
DA:146,1
DA:157,8
DA:222,2
DA:223,2
DA:234,2
LF:43
LH:37
BRDA:37,0,0,0
BRDA:47,1,0,3
BRDA:47,1,1,2
BRDA:48,2,0,0
BRDA:48,3,0,3
BRDA:48,3,1,3
BRDA:71,4,0,0
BRDA:73,5,0,0
BRDA:73,5,1,0
BRDA:80,6,0,2
BRDA:80,6,1,0
BRDA:85,7,0,1
BRDA:85,7,1,0
BRDA:123,8,0,12
BRDA:123,8,1,6
BRDA:123,8,2,6
BRDA:159,9,0,6
BRDA:159,9,1,2
BRDA:163,10,0,6
BRDA:163,10,1,2
BRDA:168,11,0,6
BRDA:168,11,1,2
BRDA:183,12,0,6
BRDA:183,12,1,2
BRDA:191,13,0,6
BRDA:191,13,1,2
BRDA:193,14,0,8
BRDA:193,14,1,6
BRDA:199,15,0,12
BRDA:199,15,1,3
BRDA:213,16,0,12
BRDA:213,16,1,1
BRDA:240,17,0,12
BRDA:240,17,1,9
BRDA:244,18,0,3
BRDA:244,18,1,9
BRF:36
BRH:29
end_of_record
TN:
SF:src\components\LiveMap.tsx
FN:251,AmenityCallout
FN:305,LiveMap
FN:318,(anonymous_2)
FN:319,handleHighlight
FN:324,(anonymous_4)
FN:328,(anonymous_5)
FN:329,(anonymous_6)
FN:332,(anonymous_7)
FN:340,(anonymous_8)
FN:346,(anonymous_9)
FN:357,(anonymous_10)
FN:364,(anonymous_11)
FN:365,(anonymous_12)
FN:372,(anonymous_13)
FN:375,(anonymous_14)
FN:375,(anonymous_15)
FN:376,(anonymous_16)
FN:376,(anonymous_17)
FN:377,(anonymous_18)
FN:426,(anonymous_19)
FN:431,(anonymous_20)
FN:590,(anonymous_21)
FN:746,(anonymous_22)
FN:820,(anonymous_23)
FN:822,(anonymous_24)
FN:993,(anonymous_25)
FN:997,(anonymous_26)
FNF:27
FNH:11
FNDA:1,AmenityCallout
FNDA:3,LiveMap
FNDA:1,(anonymous_2)
FNDA:0,handleHighlight
FNDA:1,(anonymous_4)
FNDA:6,(anonymous_5)
FNDA:0,(anonymous_6)
FNDA:6,(anonymous_7)
FNDA:1,(anonymous_8)
FNDA:0,(anonymous_9)
FNDA:0,(anonymous_10)
FNDA:0,(anonymous_11)
FNDA:0,(anonymous_12)
FNDA:0,(anonymous_13)
FNDA:0,(anonymous_14)
FNDA:0,(anonymous_15)
FNDA:0,(anonymous_16)
FNDA:0,(anonymous_17)
FNDA:0,(anonymous_18)
FNDA:4,(anonymous_19)
FNDA:0,(anonymous_20)
FNDA:16,(anonymous_21)
FNDA:6,(anonymous_22)
FNDA:0,(anonymous_23)
FNDA:0,(anonymous_24)
FNDA:6,(anonymous_25)
FNDA:0,(anonymous_26)
DA:3,1
DA:4,1
DA:6,1
DA:18,1
DA:66,1
DA:72,1
DA:213,1
DA:223,1
DA:262,1
DA:305,1
DA:308,3
DA:311,3
DA:312,3
DA:313,3
DA:318,3
DA:320,0
DA:321,0
DA:323,1
DA:324,1
DA:325,1
DA:328,3
DA:329,6
DA:332,3
DA:333,6
DA:334,5
DA:335,5
DA:336,0
DA:337,0
DA:340,3
DA:341,1
DA:342,1
DA:343,1
DA:346,3
DA:347,0
DA:348,0
DA:349,0
DA:350,0
DA:351,0
DA:353,0
DA:354,0
DA:356,0
DA:357,0
DA:358,0
DA:359,0
DA:360,0
DA:364,0
DA:365,0
DA:366,0
DA:367,0
DA:368,0
DA:372,0
DA:375,3
DA:376,3
DA:377,3
DA:378,0
DA:379,0
DA:380,0
DA:383,3
DA:427,4
DA:431,0
DA:591,16
DA:592,16
DA:593,16
DA:594,16
DA:595,16
DA:596,16
DA:747,6
DA:748,6
DA:749,6
DA:750,6
DA:751,6
DA:753,6
DA:822,0
DA:824,0
DA:994,6
DA:998,0
LF:76
LH:47
BRDA:306,0,0,3
BRDA:320,1,0,0
BRDA:320,1,1,0
BRDA:333,2,0,1
BRDA:334,3,0,0
BRDA:335,4,0,5
BRDA:336,5,0,0
BRDA:341,6,0,0
BRDA:342,7,0,0
BRDA:351,8,0,0
BRDA:351,9,0,0
BRDA:351,9,1,0
BRDA:356,10,0,0
BRDA:356,10,1,0
BRDA:359,11,0,0
BRDA:359,12,0,0
BRDA:359,12,1,0
BRDA:359,12,2,0
BRDA:366,13,0,0
BRDA:366,14,0,0
BRDA:366,14,1,0
BRDA:408,15,0,3
BRDA:408,15,1,0
BRDA:414,16,0,3
BRDA:414,16,1,2
BRDA:414,16,2,2
BRDA:422,17,0,3
BRDA:422,17,1,1
BRDA:433,18,0,1
BRDA:433,18,1,3
BRDA:748,19,0,6
BRDA:748,19,1,6
BRDA:750,20,0,0
BRDA:750,20,1,6
BRDA:756,21,0,3
BRDA:756,21,1,3
BRDA:818,22,0,1
BRDA:818,22,1,0
BRDA:818,22,2,0
BRDA:822,23,0,0
BRDA:822,23,1,0
BRDA:977,24,0,1
BRDA:977,24,1,0
BRDA:999,25,0,0
BRDA:999,25,1,0
BRDA:1003,26,0,0
BRDA:1003,26,1,6
BRF:47
BRH:19
end_of_record
TN:
SF:src\components\QueueTracker.tsx
FN:19,QueueTracker
FN:47,(anonymous_1)
FN:58,(anonymous_2)
FNF:3
FNH:2
FNDA:3,QueueTracker
FNDA:6,(anonymous_1)
FNDA:0,(anonymous_2)
DA:3,1
DA:5,1
DA:7,1
DA:13,1
DA:19,1
DA:20,3
DA:22,3
DA:48,6
DA:59,0
DA:60,0
DA:62,0
LF:11
LH:8
BRDA:36,0,0,3
BRDA:36,0,1,0
BRDA:42,1,0,3
BRDA:42,1,1,2
BRDA:42,1,2,2
BRDA:56,2,0,3
BRDA:56,2,1,1
BRDA:73,3,0,0
BRDA:73,3,1,0
BRDA:75,4,0,0
BRDA:75,4,1,0
BRDA:103,5,0,0
BRDA:103,5,1,0
BRDA:105,6,0,0
BRDA:105,6,1,0
BRDA:111,7,0,0
BRDA:111,7,1,0
BRDA:113,8,0,0
BRDA:113,8,1,0
BRF:19
BRH:6
end_of_record
TN:
SF:src\hooks\useSensorPolling.ts
FN:4,useSensorPolling
FN:5,(anonymous_1)
FN:6,(anonymous_2)
FN:7,(anonymous_3)
FN:8,(anonymous_4)
FN:10,(anonymous_5)
FN:12,(anonymous_6)
FNF:7
FNH:7
FNDA:6,useSensorPolling
FNDA:10,(anonymous_1)
FNDA:10,(anonymous_2)
FNDA:10,(anonymous_3)
FNDA:10,(anonymous_4)
FNDA:2,(anonymous_5)
FNDA:2,(anonymous_6)
DA:1,2
DA:2,2
DA:4,2
DA:5,10
DA:6,10
DA:7,10
DA:8,10
DA:10,6
DA:11,2
DA:12,2
DA:15,6
LF:11
LH:11
BRF:0
BRH:0
end_of_record
TN:
SF:src\store\sensorStore.ts
FN:15,(anonymous_0)
FN:16,(anonymous_1)
FN:40,(anonymous_2)
FN:44,(anonymous_3)
FN:46,(anonymous_4)
FNF:5
FNH:4
FNDA:2,(anonymous_0)
FNDA:2,(anonymous_1)
FNDA:2,(anonymous_2)
FNDA:0,(anonymous_3)
FNDA:2,(anonymous_4)
DA:1,2
DA:12,2
DA:13,2
DA:15,2
DA:16,2
DA:17,2
DA:18,2
DA:19,2
DA:20,2
DA:21,2
DA:22,2
DA:28,0
DA:35,2
DA:41,2
DA:42,2
DA:43,2
DA:44,2
DA:46,2
DA:47,2
DA:48,2
DA:49,2
DA:50,2
LF:22
LH:21
BRDA:20,0,0,0
BRDA:42,1,0,2
BRDA:48,2,0,2
BRDA:48,3,0,2
BRDA:48,3,1,2
BRF:5
BRH:4
end_of_record
TN:
SF:src\utils\csvParser.ts
FN:45,splitLines
FN:48,(anonymous_1)
FN:49,(anonymous_2)
FN:52,splitRow
FN:53,(anonymous_4)
FN:56,assertHeader
FN:63,(anonymous_6)
FN:71,toBand
FN:80,parseCsv
FN:111,parseSeats
FN:112,(anonymous_10)
FN:147,parseSensors
FN:148,(anonymous_12)
FNF:13
FNH:12
FNDA:10,splitLines
FNDA:21,(anonymous_1)
FNDA:21,(anonymous_2)
FNDA:16,splitRow
FNDA:75,(anonymous_4)
FNDA:6,assertHeader
FNDA:25,(anonymous_6)
FNDA:7,toBand
FNDA:10,parseCsv
FNDA:3,parseSeats
FNDA:0,(anonymous_10)
FNDA:7,parseSensors
FNDA:9,(anonymous_12)
DA:28,3
DA:37,3
DA:46,10
DA:48,21
DA:49,21
DA:53,75
DA:62,6
DA:63,25
DA:64,6
DA:65,1
DA:72,7
DA:73,5
DA:74,2
DA:86,10
DA:87,10
DA:89,6
DA:90,6
DA:91,6
DA:93,5
DA:94,5
DA:95,10
DA:96,10
DA:97,1
DA:98,1
DA:100,9
DA:101,9
DA:102,7
DA:105,5
DA:111,3
DA:112,3
DA:113,0
DA:114,0
DA:115,0
DA:116,0
DA:117,0
DA:118,0
DA:119,0
DA:127,0
DA:131,0
DA:133,0
DA:147,3
DA:148,7
DA:149,9
DA:150,9
DA:151,9
DA:152,9
DA:153,9
DA:154,9
DA:161,0
DA:165,0
DA:167,9
DA:168,9
DA:169,9
DA:171,9
DA:177,2
DA:181,2
DA:184,7
DA:185,7
LF:58
LH:46
BRDA:62,0,0,6
BRDA:62,0,1,5
BRDA:64,1,0,1
BRDA:72,2,0,2
BRDA:73,3,0,3
BRDA:87,4,0,4
BRDA:90,5,0,0
BRDA:96,6,0,1
BRDA:101,7,0,7
BRDA:119,8,0,0
BRDA:120,9,0,0
BRDA:120,9,1,0
BRDA:120,9,2,0
BRDA:120,9,3,0
BRDA:120,9,4,0
BRDA:120,9,5,0
BRDA:154,10,0,0
BRDA:155,11,0,9
BRDA:155,11,1,9
BRDA:155,11,2,9
BRDA:155,11,3,9
BRDA:155,11,4,9
BRDA:171,12,0,2
BRDA:172,13,0,9
BRDA:172,13,1,8
BRDA:172,13,2,8
BRDA:172,13,3,8
BRF:27
BRH:18
end_of_record
TN:
SF:src\utils\promptEngine.ts
FN:28,sanitizeField
FN:36,buildWayfindingPrompt
FN:41,(anonymous_2)
FN:42,(anonymous_3)
FN:106,buildAssistantPrompt
FN:132,buildCrowdAnalyticsPrompt
FN:133,(anonymous_6)
FNF:7
FNH:7
FNDA:19,sanitizeField
FNDA:6,buildWayfindingPrompt
FNDA:10,(anonymous_2)
FNDA:4,(anonymous_3)
FNDA:2,buildAssistantPrompt
FNDA:1,buildCrowdAnalyticsPrompt
FNDA:1,(anonymous_6)
DA:11,3
DA:28,3
DA:29,19
DA:36,3
DA:37,6
DA:38,6
DA:40,6
DA:41,10
DA:42,4
DA:44,6
DA:51,6
DA:80,6
DA:106,3
DA:107,2
DA:108,2
DA:110,2
DA:132,3
DA:133,1
DA:135,1
LF:19
LH:19
BRDA:28,0,0,2
BRDA:44,1,0,3
BRDA:44,1,1,3
BRF:3
BRH:3
end_of_record
TN:
SF:src\utils\rateLimiter.ts
FN:13,isRateLimited
FN:22,(anonymous_1)
FN:34,(anonymous_2)
FN:37,(anonymous_3)
FNF:4
FNH:2
FNDA:38,isRateLimited
FNDA:165,(anonymous_1)
FNDA:0,(anonymous_2)
FNDA:0,(anonymous_3)
DA:5,2
DA:6,2
DA:7,2
DA:13,2
DA:14,38
DA:15,38
DA:16,38
DA:17,5
DA:18,5
DA:22,165
DA:24,38
DA:25,2
DA:28,36
DA:29,36
DA:34,2
DA:35,0
DA:36,0
DA:37,0
DA:38,0
DA:39,0
DA:44,2
DA:45,1
LF:22
LH:17
BRDA:16,0,0,5
BRDA:24,1,0,2
BRDA:38,2,0,0
BRDA:44,3,0,1
BRDA:44,4,0,2
BRDA:44,4,1,2
BRF:6
BRH:5
end_of_record
TN:
SF:src\utils\routeWrapper.ts
FN:25,wrapRoute
FN:28,(anonymous_10)
FN:75,(anonymous_11)
FNF:3
FNH:3
FNDA:3,wrapRoute
FNDA:5,(anonymous_10)
FNDA:3,(anonymous_11)
DA:1,1
DA:2,1
DA:4,1
DA:25,1
DA:28,3
DA:30,5
DA:31,5
DA:36,0
DA:43,5
DA:44,5
DA:45,3
DA:46,3
DA:47,3
DA:48,3
DA:49,1
DA:54,2
DA:56,0
DA:63,4
DA:65,4
DA:67,4
DA:68,1
DA:71,1
DA:75,6
DA:78,3
DA:87,3
DA:88,3
DA:90,0
DA:94,3
DA:95,3
DA:96,0
DA:101,3
DA:103,0
DA:104,0
DA:113,0
DA:114,0
DA:115,0
DA:124,0
DA:125,0
LF:38
LH:27
BRDA:30,0,0,5
BRDA:30,0,1,5
BRDA:31,1,0,0
BRDA:32,2,0,5
BRDA:32,2,1,5
BRDA:32,2,2,5
BRDA:44,3,0,3
BRDA:48,4,0,1
BRDA:67,5,0,1
BRDA:79,6,0,3
BRDA:79,6,1,0
BRDA:80,7,0,3
BRDA:80,7,1,0
BRDA:81,8,0,3
BRDA:81,8,1,0
BRDA:82,9,0,3
BRDA:82,9,1,0
BRDA:95,10,0,0
BRDA:103,11,0,0
BRDA:107,12,0,0
BRDA:107,12,1,0
BRDA:113,13,0,0
BRDA:118,14,0,0
BRDA:118,14,1,0
BRF:24
BRH:12
end_of_record
TN:
SF:src\utils\schemas.ts
FNF:0
FNH:0
DA:1,1
DA:3,1
DA:9,1
DA:14,1
DA:20,1
DA:31,1
DA:38,1
LF:7
LH:7
BRF:0
BRH:0
end_of_record
TN:
SF:src\utils\vertexClient.ts
FN:15,getVertex
FN:36,cacheGet
FN:46,cacheSet
FN:66,generateStructuredJson
FN:88,(anonymous_4)
FN:242,(anonymous_5)
FN:244,(anonymous_6)
FNF:7
FNH:7
FNDA:2,getVertex
FNDA:2,cacheGet
FNDA:1,cacheSet
FNDA:12,generateStructuredJson
FNDA:4,(anonymous_4)
FNDA:2,(anonymous_5)
FNDA:1,(anonymous_6)
DA:8,3
DA:10,3
DA:11,3
DA:13,3
DA:16,2
DA:17,1
DA:18,0
DA:20,1
DA:22,2
DA:27,3
DA:33,3
DA:34,3
DA:37,2
DA:38,2
DA:39,1
DA:40,0
DA:41,0
DA:43,1
DA:47,1
DA:58,3
DA:59,3
DA:66,3
DA:69,12
DA:71,12
DA:72,2
DA:73,2
DA:77,11
DA:78,9
DA:79,2
DA:88,2
DA:89,4
DA:90,2
DA:91,2
DA:95,0
DA:96,2
DA:99,2
DA:100,2
DA:102,2
DA:103,2
DA:104,2
DA:109,2
DA:111,2
DA:112,2
DA:114,2
DA:116,1
DA:117,1
DA:118,1
DA:121,2
DA:122,2
DA:125,2
DA:126,2
DA:127,2
DA:129,2
DA:130,9
DA:131,9
DA:132,9
DA:133,9
DA:134,9
DA:135,2
DA:136,2
DA:138,7
DA:139,7
DA:140,13
DA:141,8
DA:142,8
DA:148,2
DA:154,7
DA:155,6
DA:156,6
DA:159,6
DA:160,6
DA:162,6
DA:168,1
DA:170,1
DA:171,5
DA:177,1
DA:179,1
DA:180,4
DA:186,1
DA:188,1
DA:189,3
DA:195,1
DA:197,2
DA:205,1
DA:207,1
DA:208,1
DA:213,1
DA:215,1
DA:218,6
DA:224,1
DA:225,1
DA:237,0
DA:240,2
DA:242,2
DA:243,2
DA:244,1
DA:249,2
DA:250,2
DA:257,1
DA:258,1
DA:259,0
DA:262,1
DA:263,1
DA:265,1
DA:266,0
LF:105
LH:98
BRDA:10,0,0,3
BRDA:10,0,1,1
BRDA:11,1,0,3
BRDA:11,1,1,2
BRDA:16,2,0,1
BRDA:17,3,0,0
BRDA:38,4,0,1
BRDA:39,5,0,0
BRDA:69,6,0,11
BRDA:71,7,0,2
BRDA:73,8,0,1
BRDA:77,9,0,9
BRDA:77,10,0,11
BRDA:77,10,1,2
BRDA:78,11,0,2
BRDA:89,12,0,2
BRDA:89,13,0,4
BRDA:89,13,1,2
BRDA:91,14,0,0
BRDA:92,15,0,2
BRDA:92,15,1,2
BRDA:100,16,0,2
BRDA:100,16,1,0
BRDA:109,17,0,2
BRDA:109,17,1,0
BRDA:109,18,0,2
BRDA:109,18,1,2
BRDA:111,19,0,2
BRDA:111,19,1,0
BRDA:111,20,0,2
BRDA:111,20,1,2
BRDA:112,21,0,2
BRDA:112,21,1,2
BRDA:114,22,0,1
BRDA:131,23,0,9
BRDA:133,24,0,0
BRDA:134,25,0,2
BRDA:138,26,0,7
BRDA:138,26,1,0
BRDA:140,27,0,8
BRDA:154,28,0,6
BRDA:156,29,0,6
BRDA:156,29,1,0
BRDA:156,30,0,6
BRDA:156,30,1,6
BRDA:162,31,0,1
BRDA:162,31,1,5
BRDA:163,32,0,6
BRDA:163,32,1,5
BRDA:163,32,2,5
BRDA:163,32,3,5
BRDA:171,33,0,1
BRDA:171,33,1,4
BRDA:172,34,0,5
BRDA:172,34,1,4
BRDA:172,34,2,4
BRDA:172,34,3,4
BRDA:180,35,0,1
BRDA:180,35,1,3
BRDA:181,36,0,4
BRDA:181,36,1,3
BRDA:181,36,2,3
BRDA:181,36,3,3
BRDA:189,37,0,1
BRDA:189,37,1,2
BRDA:190,38,0,3
BRDA:190,38,1,2
BRDA:190,38,2,2
BRDA:190,38,3,2
BRDA:197,39,0,1
BRDA:197,39,1,1
BRDA:198,40,0,2
BRDA:198,40,1,1
BRDA:198,40,2,1
BRDA:198,40,3,1
BRDA:198,40,4,1
BRDA:198,40,5,1
BRDA:208,41,0,1
BRDA:209,42,0,1
BRDA:209,42,1,0
BRDA:209,42,2,0
BRDA:224,43,0,1
BRDA:258,44,0,0
BRDA:262,45,0,1
BRDA:265,46,0,1
BRDA:267,47,0,0
BRDA:267,47,1,0
BRF:87
BRH:73
end_of_record
