TN:
SF:src\app\page.tsx
FN:65,FanDashboard
FN:90,(anonymous_2)
FN:99,(anonymous_3)
FN:111,handleFindRoute
FN:125,(anonymous_5)
FN:139,(anonymous_6)
FN:140,(anonymous_7)
FN:159,(anonymous_8)
FN:162,(anonymous_9)
FN:163,(anonymous_10)
FN:195,(anonymous_11)
FN:243,(anonymous_12)
FN:246,(anonymous_13)
FN:283,(anonymous_14)
FN:286,(anonymous_15)
FN:321,(anonymous_16)
FN:346,(anonymous_17)
FN:363,(anonymous_18)
FN:454,(anonymous_19)
FN:463,(anonymous_20)
FN:464,(anonymous_21)
FN:475,(anonymous_22)
FN:482,(anonymous_23)
FN:496,(anonymous_24)
FN:504,(anonymous_25)
FN:572,(anonymous_26)
FN:658,(anonymous_27)
FN:661,(anonymous_28)
FN:691,(anonymous_29)
FN:692,(anonymous_30)
FN:703,(anonymous_31)
FN:704,(anonymous_32)
FN:712,(anonymous_33)
FN:713,(anonymous_34)
FNF:34
FNH:18
FNDA:21,FanDashboard
FNDA:0,(anonymous_2)
FNDA:0,(anonymous_3)
FNDA:2,handleFindRoute
FNDA:0,(anonymous_5)
FNDA:0,(anonymous_6)
FNDA:0,(anonymous_7)
FNDA:21,(anonymous_8)
FNDA:3,(anonymous_9)
FNDA:3,(anonymous_10)
FNDA:210,(anonymous_11)
FNDA:1,(anonymous_12)
FNDA:168,(anonymous_13)
FNDA:1,(anonymous_14)
FNDA:168,(anonymous_15)
FNDA:1,(anonymous_16)
FNDA:1,(anonymous_17)
FNDA:2,(anonymous_18)
FNDA:0,(anonymous_19)
FNDA:0,(anonymous_20)
FNDA:0,(anonymous_21)
FNDA:0,(anonymous_22)
FNDA:1,(anonymous_23)
FNDA:0,(anonymous_24)
FNDA:105,(anonymous_25)
FNDA:2,(anonymous_26)
FNDA:63,(anonymous_27)
FNDA:2,(anonymous_28)
FNDA:0,(anonymous_29)
FNDA:0,(anonymous_30)
FNDA:0,(anonymous_31)
FNDA:0,(anonymous_32)
FNDA:0,(anonymous_33)
FNDA:0,(anonymous_34)
DA:3,1
DA:4,1
DA:5,1
DA:34,1
DA:35,1
DA:36,1
DA:37,1
DA:41,1
DA:52,1
DA:65,1
DA:66,21
DA:67,21
DA:68,21
DA:69,21
DA:70,21
DA:71,21
DA:72,21
DA:73,21
DA:74,21
DA:75,21
DA:76,21
DA:77,21
DA:90,21
DA:91,0
DA:99,21
DA:100,0
DA:112,2
DA:113,2
DA:114,2
DA:115,2
DA:124,2
DA:125,1
DA:126,1
DA:128,1
DA:129,1
DA:130,1
DA:132,1
DA:138,0
DA:139,0
DA:140,0
DA:141,0
DA:143,0
DA:144,0
DA:145,0
DA:146,0
DA:147,0
DA:150,1
DA:154,2
DA:159,21
DA:160,21
DA:161,1
DA:162,1
DA:163,3
DA:164,3
DA:165,1
DA:168,1
DA:169,1
DA:170,1
DA:176,21
DA:179,21
DA:196,210
DA:197,210
DA:221,21
DA:243,1
DA:247,168
DA:283,1
DA:287,168
DA:321,1
DA:346,1
DA:363,2
DA:413,21
DA:455,0
DA:464,0
DA:465,0
DA:475,0
DA:483,1
DA:497,0
DA:505,105
DA:506,105
DA:572,2
DA:659,63
DA:661,2
DA:692,0
DA:704,0
DA:713,0
DA:714,0
DA:715,0
LF:87
LH:66
BRDA:75,0,0,21
BRDA:75,0,1,0
BRDA:124,1,0,1
BRDA:126,2,0,1
BRDA:126,2,1,0
BRDA:129,3,0,1
BRDA:129,3,1,0
BRDA:132,4,0,0
BRDA:133,5,0,1
BRDA:133,5,1,0
BRDA:133,5,2,0
BRDA:133,5,3,0
BRDA:141,6,0,0
BRDA:151,7,0,1
BRDA:151,7,1,0
BRDA:160,8,0,20
BRDA:160,9,0,21
BRDA:160,9,1,21
BRDA:164,10,0,1
BRDA:201,11,0,21
BRDA:201,11,1,189
BRDA:323,12,0,2
BRDA:323,12,1,19
BRDA:330,13,0,2
BRDA:330,13,1,19
BRDA:348,14,0,1
BRDA:348,14,1,20
BRDA:355,15,0,1
BRDA:355,15,1,20
BRDA:367,16,0,2
BRDA:367,16,1,19
BRDA:383,17,0,21
BRDA:383,17,1,1
BRDA:389,18,0,21
BRDA:389,18,1,1
BRDA:582,19,0,21
BRDA:582,19,1,1
BRDA:618,20,0,1
BRDA:618,20,1,20
BRDA:625,21,0,19
BRDA:625,21,1,2
BRDA:632,22,0,1
BRDA:632,22,1,20
BRDA:662,23,0,21
BRDA:662,23,1,42
BRDA:664,24,0,21
BRDA:664,24,1,42
BRDA:676,25,0,21
BRDA:676,25,1,0
BRDA:687,26,0,0
BRDA:687,26,1,0
BRDA:701,27,0,0
BRDA:701,27,1,0
BRDA:714,28,0,0
BRF:54
BRH:39
end_of_record
TN:
SF:src\app\api\assistant\route.ts
FN:21,(anonymous_0)
FNF:1
FNH:1
FNDA:1,(anonymous_0)
DA:1,1
DA:2,1
DA:3,1
DA:5,1
DA:13,1
DA:22,1
DA:23,1
DA:29,1
DA:31,1
LF:9
LH:9
BRF:0
BRH:0
end_of_record
TN:
SF:src\app\api\crowd-analytics\route.ts
FN:9,loadSensors
FN:15,GET
FN:36,(anonymous_3)
FN:38,(anonymous_4)
FN:47,(anonymous_5)
FNF:5
FNH:5
FNDA:3,loadSensors
FNDA:1,GET
FNDA:2,(anonymous_3)
FNDA:3,(anonymous_4)
FNDA:1,(anonymous_5)
DA:1,1
DA:2,1
DA:3,1
DA:4,1
DA:5,1
DA:6,1
DA:7,1
DA:10,3
DA:11,3
DA:12,3
DA:15,1
DA:16,1
DA:17,1
DA:18,1
DA:20,0
DA:21,0
DA:28,1
DA:37,2
DA:38,3
DA:40,2
DA:41,1
DA:46,1
DA:47,1
DA:49,1
LF:24
LH:22
BRDA:40,0,0,1
BRF:1
BRH:1
end_of_record
TN:
SF:src\app\api\navigate\route.ts
FN:20,(anonymous_1)
FNF:1
FNH:1
FNDA:1,(anonymous_1)
DA:1,1
DA:2,1
DA:3,1
DA:4,1
DA:5,1
DA:6,1
DA:11,1
DA:21,1
DA:22,1
DA:23,1
DA:24,1
DA:26,1
DA:33,1
DA:35,1
LF:14
LH:14
BRF:0
BRH:0
end_of_record
TN:
SF:src\components\ChatConcierge.tsx
FN:20,timeNow
FN:27,ChatConcierge
FN:34,(anonymous_2)
FN:35,handleFocus
FN:43,(anonymous_4)
FN:46,handleSend
FN:56,(anonymous_6)
FN:75,(anonymous_7)
FN:86,(anonymous_8)
FN:100,(anonymous_9)
FN:155,(anonymous_10)
FN:158,(anonymous_11)
FN:168,(anonymous_12)
FN:233,(anonymous_13)
FN:246,(anonymous_14)
FNF:15
FNH:13
FNDA:5,timeNow
FNDA:12,ChatConcierge
FNDA:4,(anonymous_2)
FNDA:0,handleFocus
FNDA:4,(anonymous_4)
FNDA:3,handleSend
FNDA:3,(anonymous_6)
FNDA:0,(anonymous_7)
FNDA:2,(anonymous_8)
FNDA:3,(anonymous_9)
FNDA:24,(anonymous_10)
FNDA:1,(anonymous_11)
FNDA:8,(anonymous_12)
FNDA:2,(anonymous_13)
FNDA:2,(anonymous_14)
DA:3,1
DA:4,1
DA:13,1
DA:21,5
DA:27,1
DA:28,12
DA:29,12
DA:30,12
DA:31,12
DA:32,12
DA:34,12
DA:36,0
DA:37,0
DA:38,0
DA:39,0
DA:42,4
DA:43,4
DA:47,3
DA:48,3
DA:50,3
DA:56,3
DA:57,3
DA:58,3
DA:59,3
DA:61,3
DA:62,3
DA:74,2
DA:75,0
DA:76,0
DA:79,2
DA:80,2
DA:86,2
DA:89,2
DA:90,0
DA:97,1
DA:99,3
DA:100,3
DA:101,3
DA:109,12
DA:156,24
DA:158,1
DA:169,8
DA:234,2
DA:235,2
DA:246,2
LF:45
LH:38
BRDA:37,0,0,0
BRDA:47,1,0,3
BRDA:47,1,1,2
BRDA:48,2,0,0
BRDA:48,3,0,3
BRDA:48,3,1,3
BRDA:68,4,0,3
BRDA:68,4,1,0
BRDA:69,5,0,3
BRDA:69,5,1,0
BRDA:74,6,0,0
BRDA:76,7,0,0
BRDA:76,7,1,0
BRDA:83,8,0,2
BRDA:83,8,1,0
BRDA:89,9,0,0
BRDA:97,10,0,1
BRDA:97,10,1,0
BRDA:135,11,0,12
BRDA:135,11,1,6
BRDA:135,11,2,6
BRDA:171,12,0,6
BRDA:171,12,1,2
BRDA:175,13,0,6
BRDA:175,13,1,2
BRDA:180,14,0,6
BRDA:180,14,1,2
BRDA:195,15,0,6
BRDA:195,15,1,2
BRDA:203,16,0,6
BRDA:203,16,1,2
BRDA:205,17,0,8
BRDA:205,17,1,6
BRDA:211,18,0,12
BRDA:211,18,1,3
BRDA:225,19,0,12
BRDA:225,19,1,1
BRDA:252,20,0,12
BRDA:252,20,1,9
BRDA:256,21,0,3
BRDA:256,21,1,9
BRF:41
BRH:31
end_of_record
TN:
SF:src\components\LiveMap.tsx
FN:251,AmenityCallout
FN:305,LiveMap
FN:318,(anonymous_2)
FN:319,handleHighlight
FN:324,(anonymous_4)
FN:328,(anonymous_5)
FN:329,(anonymous_6)
FN:332,(anonymous_7)
FN:340,(anonymous_8)
FN:346,(anonymous_9)
FN:357,(anonymous_10)
FN:364,(anonymous_11)
FN:365,(anonymous_12)
FN:372,(anonymous_13)
FN:375,(anonymous_14)
FN:375,(anonymous_15)
FN:376,(anonymous_16)
FN:376,(anonymous_17)
FN:377,(anonymous_18)
FN:426,(anonymous_19)
FN:431,(anonymous_20)
FN:590,(anonymous_21)
FN:746,(anonymous_22)
FN:820,(anonymous_23)
FN:822,(anonymous_24)
FN:993,(anonymous_25)
FN:997,(anonymous_26)
FNF:27
FNH:23
FNDA:26,AmenityCallout
FNDA:29,LiveMap
FNDA:19,(anonymous_2)
FNDA:3,handleHighlight
FNDA:19,(anonymous_4)
FNDA:156,(anonymous_5)
FNDA:546,(anonymous_6)
FNDA:156,(anonymous_7)
FNDA:26,(anonymous_8)
FNDA:1,(anonymous_9)
FNDA:3,(anonymous_10)
FNDA:0,(anonymous_11)
FNDA:0,(anonymous_12)
FNDA:3,(anonymous_13)
FNDA:2,(anonymous_14)
FNDA:2,(anonymous_15)
FNDA:0,(anonymous_16)
FNDA:0,(anonymous_17)
FNDA:1,(anonymous_18)
FNDA:104,(anonymous_19)
FNDA:2,(anonymous_20)
FNDA:416,(anonymous_21)
FNDA:156,(anonymous_22)
FNDA:8,(anonymous_23)
FNDA:12,(anonymous_24)
FNDA:156,(anonymous_25)
FNDA:2,(anonymous_26)
DA:3,1
DA:4,1
DA:6,1
DA:18,1
DA:66,1
DA:72,1
DA:213,1
DA:223,1
DA:262,26
DA:305,1
DA:308,29
DA:311,29
DA:312,29
DA:313,29
DA:318,29
DA:320,3
DA:321,3
DA:323,19
DA:324,19
DA:325,19
DA:328,29
DA:329,546
DA:332,29
DA:333,156
DA:334,130
DA:335,125
DA:336,5
DA:337,0
DA:340,29
DA:341,26
DA:342,26
DA:343,24
DA:346,29
DA:347,1
DA:348,1
DA:349,1
DA:350,1
DA:351,1
DA:353,1
DA:354,1
DA:356,1
DA:357,1
DA:358,3
DA:359,3
DA:360,3
DA:364,0
DA:365,0
DA:366,0
DA:367,0
DA:368,0
DA:372,3
DA:375,29
DA:376,29
DA:377,29
DA:378,1
DA:379,1
DA:380,1
DA:383,29
DA:427,104
DA:431,2
DA:591,416
DA:592,416
DA:593,416
DA:594,416
DA:595,416
DA:596,416
DA:747,156
DA:748,156
DA:749,156
DA:750,156
DA:751,156
DA:753,156
DA:822,12
DA:824,8
DA:994,156
DA:998,2
LF:76
LH:70
BRDA:306,0,0,28
BRDA:320,1,0,3
BRDA:320,1,1,1
BRDA:333,2,0,26
BRDA:334,3,0,5
BRDA:335,4,0,120
BRDA:336,5,0,5
BRDA:341,6,0,0
BRDA:342,7,0,2
BRDA:351,8,0,0
BRDA:351,9,0,1
BRDA:351,9,1,1
BRDA:356,10,0,1
BRDA:356,10,1,0
BRDA:359,11,0,3
BRDA:359,12,0,3
BRDA:359,12,1,2
BRDA:359,12,2,0
BRDA:366,13,0,0
BRDA:366,14,0,0
BRDA:366,14,1,0
BRDA:408,15,0,29
BRDA:408,15,1,1
BRDA:414,16,0,29
BRDA:414,16,1,3
BRDA:414,16,2,2
BRDA:422,17,0,29
BRDA:422,17,1,26
BRDA:433,18,0,26
BRDA:433,18,1,78
BRDA:748,19,0,156
BRDA:748,19,1,0
BRDA:750,20,0,156
BRDA:750,20,1,0
BRDA:756,21,0,77
BRDA:756,21,1,79
BRDA:818,22,0,26
BRDA:818,22,1,3
BRDA:818,22,2,3
BRDA:822,23,0,8
BRDA:822,23,1,0
BRDA:977,24,0,26
BRDA:977,24,1,1
BRDA:999,25,0,1
BRDA:999,25,1,1
BRDA:1003,26,0,3
BRDA:1003,26,1,153
BRF:47
BRH:37
end_of_record
TN:
SF:src\components\QueueTracker.tsx
FN:19,QueueTracker
FN:47,(anonymous_1)
FN:58,(anonymous_2)
FNF:3
FNH:3
FNDA:11,QueueTracker
FNDA:3,(anonymous_1)
FNDA:11,(anonymous_2)
DA:3,1
DA:5,1
DA:7,1
DA:13,1
DA:19,1
DA:20,11
DA:22,11
DA:48,3
DA:59,11
DA:60,11
DA:62,11
LF:11
LH:11
BRDA:36,0,0,11
BRDA:36,0,1,1
BRDA:42,1,0,11
BRDA:42,1,1,2
BRDA:42,1,2,1
BRDA:56,2,0,11
BRDA:56,2,1,9
BRDA:73,3,0,5
BRDA:73,3,1,6
BRDA:75,4,0,3
BRDA:75,4,1,3
BRDA:103,5,0,5
BRDA:103,5,1,6
BRDA:105,6,0,3
BRDA:105,6,1,3
BRDA:111,7,0,5
BRDA:111,7,1,6
BRDA:113,8,0,3
BRDA:113,8,1,3
BRF:19
BRH:19
end_of_record
TN:
SF:src\hooks\useSensorPolling.ts
FN:4,useSensorPolling
FN:5,(anonymous_1)
FN:6,(anonymous_2)
FN:7,(anonymous_3)
FN:8,(anonymous_4)
FN:10,(anonymous_5)
FN:12,(anonymous_6)
FNF:7
FNH:7
FNDA:5,useSensorPolling
FNDA:5,(anonymous_1)
FNDA:5,(anonymous_2)
FNDA:5,(anonymous_3)
FNDA:5,(anonymous_4)
FNDA:5,(anonymous_5)
FNDA:5,(anonymous_6)
DA:1,3
DA:2,3
DA:4,3
DA:5,5
DA:6,5
DA:7,5
DA:8,5
DA:10,5
DA:11,5
DA:12,5
DA:15,5
LF:11
LH:11
BRF:0
BRH:0
end_of_record
TN:
SF:src\store\sensorStore.ts
FN:15,(anonymous_0)
FN:16,(anonymous_1)
FN:40,(anonymous_2)
FN:44,(anonymous_3)
FN:46,(anonymous_4)
FNF:5
FNH:5
FNDA:3,(anonymous_0)
FNDA:10,(anonymous_1)
FNDA:4,(anonymous_2)
FNDA:2,(anonymous_3)
FNDA:4,(anonymous_4)
DA:1,3
DA:12,3
DA:13,3
DA:15,3
DA:16,3
DA:17,10
DA:18,10
DA:19,10
DA:20,9
DA:21,8
DA:22,8
DA:28,2
DA:35,3
DA:41,4
DA:42,4
DA:43,4
DA:44,4
DA:46,4
DA:47,4
DA:48,4
DA:49,4
DA:50,4
LF:22
LH:22
BRDA:20,0,0,1
BRDA:42,1,0,4
BRDA:48,2,0,4
BRDA:48,3,0,4
BRDA:48,3,1,4
BRF:5
BRH:5
end_of_record
TN:
SF:src\utils\csvParser.ts
FN:45,splitLines
FN:48,(anonymous_1)
FN:49,(anonymous_2)
FN:52,splitRow
FN:53,(anonymous_4)
FN:56,assertHeader
FN:63,(anonymous_6)
FN:71,toBand
FN:80,parseCsv
FN:111,parseSeats
FN:112,(anonymous_10)
FN:147,parseSensors
FN:148,(anonymous_12)
FNF:13
FNH:12
FNDA:10,splitLines
FNDA:21,(anonymous_1)
FNDA:21,(anonymous_2)
FNDA:16,splitRow
FNDA:75,(anonymous_4)
FNDA:6,assertHeader
FNDA:25,(anonymous_6)
FNDA:7,toBand
FNDA:10,parseCsv
FNDA:3,parseSeats
FNDA:0,(anonymous_10)
FNDA:7,parseSensors
FNDA:9,(anonymous_12)
DA:28,3
DA:37,3
DA:46,10
DA:48,21
DA:49,21
DA:53,75
DA:62,6
DA:63,25
DA:64,6
DA:65,1
DA:72,7
DA:73,5
DA:74,2
DA:86,10
DA:87,10
DA:89,6
DA:90,6
DA:91,6
DA:93,5
DA:94,5
DA:95,10
DA:96,10
DA:97,1
DA:98,1
DA:100,9
DA:101,9
DA:102,7
DA:105,5
DA:111,3
DA:112,3
DA:113,0
DA:114,0
DA:115,0
DA:116,0
DA:117,0
DA:118,0
DA:119,0
DA:127,0
DA:131,0
DA:133,0
DA:147,3
DA:148,7
DA:149,9
DA:150,9
DA:151,9
DA:152,9
DA:153,9
DA:154,9
DA:161,0
DA:165,0
DA:167,9
DA:168,9
DA:169,9
DA:171,9
DA:177,2
DA:181,2
DA:184,7
DA:185,7
LF:58
LH:46
BRDA:62,0,0,6
BRDA:62,0,1,5
BRDA:64,1,0,1
BRDA:72,2,0,2
BRDA:73,3,0,3
BRDA:87,4,0,4
BRDA:90,5,0,0
BRDA:96,6,0,1
BRDA:101,7,0,7
BRDA:119,8,0,0
BRDA:120,9,0,0
BRDA:120,9,1,0
BRDA:120,9,2,0
BRDA:120,9,3,0
BRDA:120,9,4,0
BRDA:120,9,5,0
BRDA:154,10,0,0
BRDA:155,11,0,9
BRDA:155,11,1,9
BRDA:155,11,2,9
BRDA:155,11,3,9
BRDA:155,11,4,9
BRDA:171,12,0,2
BRDA:172,13,0,9
BRDA:172,13,1,8
BRDA:172,13,2,8
BRDA:172,13,3,8
BRF:27
BRH:18
end_of_record
TN:
SF:src\utils\mockAssistantReplies.ts
FN:115,detectLanguage
FN:118,(anonymous_1)
FN:129,matchTopic
FN:132,(anonymous_3)
FN:143,generateMockAssistantReply
FNF:5
FNH:5
FNDA:27,detectLanguage
FNDA:1419,(anonymous_1)
FNDA:20,matchTopic
FNDA:607,(anonymous_3)
FNDA:20,generateMockAssistantReply
DA:20,2
DA:54,2
DA:63,2
DA:115,2
DA:116,27
DA:117,27
DA:118,1419
DA:119,9
DA:122,18
DA:130,20
DA:131,20
DA:132,607
DA:133,19
DA:136,1
DA:143,2
DA:144,20
DA:145,20
DA:146,20
DA:147,20
DA:149,20
LF:20
LH:20
BRDA:118,0,0,9
BRDA:132,1,0,19
BRDA:146,2,0,20
BRDA:146,2,1,0
BRDA:147,3,0,20
BRDA:147,3,1,0
BRF:6
BRH:4
end_of_record
TN:
SF:src\utils\promptEngine.ts
FN:28,sanitizeField
FN:36,buildWayfindingPrompt
FN:41,(anonymous_2)
FN:42,(anonymous_3)
FN:106,buildAssistantPrompt
FN:132,buildCrowdAnalyticsPrompt
FN:133,(anonymous_6)
FNF:7
FNH:7
FNDA:19,sanitizeField
FNDA:6,buildWayfindingPrompt
FNDA:10,(anonymous_2)
FNDA:4,(anonymous_3)
FNDA:2,buildAssistantPrompt
FNDA:1,buildCrowdAnalyticsPrompt
FNDA:1,(anonymous_6)
DA:11,3
DA:28,3
DA:29,19
DA:36,3
DA:37,6
DA:38,6
DA:40,6
DA:41,10
DA:42,4
DA:44,6
DA:51,6
DA:80,6
DA:106,3
DA:107,2
DA:108,2
DA:110,2
DA:132,3
DA:133,1
DA:135,1
LF:19
LH:19
BRDA:28,0,0,2
BRDA:44,1,0,3
BRDA:44,1,1,3
BRF:3
BRH:3
end_of_record
TN:
SF:src\utils\rateLimiter.ts
FN:13,isRateLimited
FN:22,(anonymous_1)
FN:34,(anonymous_2)
FN:37,(anonymous_3)
FNF:4
FNH:4
FNDA:93,isRateLimited
FNDA:451,(anonymous_1)
FNDA:2,(anonymous_2)
FNDA:20,(anonymous_3)
DA:5,8
DA:6,8
DA:7,8
DA:13,8
DA:14,93
DA:15,93
DA:16,93
DA:17,11
DA:18,11
DA:22,451
DA:24,93
DA:25,9
DA:28,84
DA:29,84
DA:34,8
DA:35,2
DA:36,2
DA:37,20
DA:38,2
DA:39,1
DA:44,8
DA:45,1
LF:22
LH:22
BRDA:16,0,0,11
BRDA:24,1,0,9
BRDA:38,2,0,1
BRDA:44,3,0,1
BRDA:44,4,0,8
BRDA:44,4,1,8
BRF:6
BRH:6
end_of_record
TN:
SF:src\utils\routeWrapper.ts
FN:25,wrapRoute
FN:28,(anonymous_10)
FN:75,(anonymous_11)
FNF:3
FNH:3
FNDA:3,wrapRoute
FNDA:5,(anonymous_10)
FNDA:3,(anonymous_11)
DA:1,1
DA:2,1
DA:4,1
DA:25,1
DA:28,3
DA:30,5
DA:31,5
DA:36,0
DA:43,5
DA:44,5
DA:45,3
DA:46,3
DA:47,3
DA:48,3
DA:49,1
DA:54,2
DA:56,0
DA:63,4
DA:65,4
DA:67,4
DA:68,1
DA:71,1
DA:75,6
DA:78,3
DA:87,3
DA:88,3
DA:90,0
DA:94,3
DA:95,3
DA:96,0
DA:101,3
DA:103,0
DA:104,0
DA:113,0
DA:114,0
DA:115,0
DA:124,0
DA:125,0
LF:38
LH:27
BRDA:30,0,0,5
BRDA:30,0,1,5
BRDA:31,1,0,0
BRDA:32,2,0,5
BRDA:32,2,1,5
BRDA:32,2,2,5
BRDA:44,3,0,3
BRDA:48,4,0,1
BRDA:67,5,0,1
BRDA:79,6,0,3
BRDA:79,6,1,0
BRDA:80,7,0,3
BRDA:80,7,1,0
BRDA:81,8,0,3
BRDA:81,8,1,0
BRDA:82,9,0,3
BRDA:82,9,1,0
BRDA:95,10,0,0
BRDA:103,11,0,0
BRDA:107,12,0,0
BRDA:107,12,1,0
BRDA:113,13,0,0
BRDA:118,14,0,0
BRDA:118,14,1,0
BRF:24
BRH:12
end_of_record
TN:
SF:src\utils\schemas.ts
FNF:0
FNH:0
DA:1,1
DA:3,1
DA:9,1
DA:14,1
DA:20,1
DA:31,1
DA:38,1
LF:7
LH:7
BRF:0
BRH:0
end_of_record
TN:
SF:src\utils\vertexClient.ts
FN:15,getVertex
FN:36,cacheGet
FN:46,cacheSet
FN:66,generateStructuredJson
FN:88,(anonymous_13)
FN:158,(anonymous_14)
FN:182,(anonymous_15)
FN:184,(anonymous_16)
FNF:8
FNH:8
FNDA:2,getVertex
FNDA:2,cacheGet
FNDA:1,cacheSet
FNDA:12,generateStructuredJson
FNDA:4,(anonymous_13)
FNDA:6,(anonymous_14)
FNDA:2,(anonymous_15)
FNDA:1,(anonymous_16)
DA:8,3
DA:10,3
DA:11,3
DA:13,3
DA:16,2
DA:17,1
DA:18,0
DA:20,1
DA:22,2
DA:27,3
DA:33,3
DA:34,3
DA:37,2
DA:38,2
DA:39,1
DA:40,0
DA:41,0
DA:43,1
DA:47,1
DA:58,3
DA:59,3
DA:66,3
DA:69,12
DA:71,12
DA:72,2
DA:73,2
DA:77,11
DA:78,9
DA:79,2
DA:88,2
DA:89,4
DA:90,2
DA:91,2
DA:95,0
DA:96,2
DA:99,2
DA:100,2
DA:102,2
DA:103,2
DA:104,2
DA:109,2
DA:111,2
DA:112,2
DA:114,2
DA:116,1
DA:117,1
DA:118,1
DA:121,2
DA:122,2
DA:125,2
DA:126,2
DA:127,2
DA:129,2
DA:130,9
DA:131,9
DA:132,9
DA:133,9
DA:134,9
DA:135,2
DA:136,2
DA:138,7
DA:139,7
DA:140,13
DA:141,8
DA:142,8
DA:148,2
DA:154,7
DA:155,6
DA:156,6
DA:158,12
DA:161,6
DA:162,6
DA:164,1
DA:165,1
DA:177,0
DA:180,2
DA:182,2
DA:183,2
DA:184,1
DA:189,2
DA:190,2
DA:197,1
DA:198,1
DA:199,0
DA:202,1
DA:203,1
DA:205,1
DA:206,0
LF:88
LH:81
BRDA:10,0,0,3
BRDA:10,0,1,1
BRDA:11,1,0,3
BRDA:11,1,1,2
BRDA:16,2,0,1
BRDA:17,3,0,0
BRDA:38,4,0,1
BRDA:39,5,0,0
BRDA:69,6,0,11
BRDA:71,7,0,2
BRDA:73,8,0,1
BRDA:77,9,0,9
BRDA:77,10,0,11
BRDA:77,10,1,2
BRDA:78,11,0,2
BRDA:89,12,0,2
BRDA:89,13,0,4
BRDA:89,13,1,2
BRDA:91,14,0,0
BRDA:92,15,0,2
BRDA:92,15,1,2
BRDA:100,16,0,2
BRDA:100,16,1,0
BRDA:109,17,0,2
BRDA:109,17,1,0
BRDA:109,18,0,2
BRDA:109,18,1,2
BRDA:111,19,0,2
BRDA:111,19,1,0
BRDA:111,20,0,2
BRDA:111,20,1,2
BRDA:112,21,0,2
BRDA:112,21,1,2
BRDA:114,22,0,1
BRDA:131,23,0,9
BRDA:133,24,0,0
BRDA:134,25,0,2
BRDA:138,26,0,7
BRDA:138,26,1,0
BRDA:140,27,0,8
BRDA:154,28,0,6
BRDA:156,29,0,6
BRDA:156,29,1,0
BRDA:156,30,0,6
BRDA:156,30,1,6
BRDA:164,31,0,1
BRDA:198,32,0,0
BRDA:202,33,0,1
BRDA:205,34,0,1
BRDA:207,35,0,0
BRDA:207,35,1,0
BRF:51
BRH:39
end_of_record
